[INFO ] 2017-07-07 00:01:21.468(qtp1818449913-23:com.xukaiqiang.shared.aspect.ServiceAdvice): UserServiceImpl.findUserPage running...
[INFO ] 2017-07-07 00:01:21.478(qtp1818449913-23:com.xukaiqiang.shared.aspect.ServiceAdvice): PageServiceImpl.getPageable running...
[INFO ] 2017-07-07 00:01:26.592(qtp1818449913-20:com.xukaiqiang.shared.aspect.ServiceAdvice): UserServiceImpl.findUserPage running...
[INFO ] 2017-07-07 00:01:26.592(qtp1818449913-20:com.xukaiqiang.shared.aspect.ServiceAdvice): PageServiceImpl.getPageable running...
[INFO ] 2017-07-07 00:01:30.394(qtp1818449913-17:com.xukaiqiang.shared.aspect.ServiceAdvice): UserServiceImpl.findUserPage running...
[INFO ] 2017-07-07 00:01:30.394(qtp1818449913-17:com.xukaiqiang.shared.aspect.ServiceAdvice): PageServiceImpl.getPageable running...
[INFO ] 2017-07-07 00:01:30.639(qtp1818449913-23:com.xukaiqiang.shared.aspect.ServiceAdvice): UserServiceImpl.findUserPage running...
[INFO ] 2017-07-07 00:01:30.639(qtp1818449913-23:com.xukaiqiang.shared.aspect.ServiceAdvice): PageServiceImpl.getPageable running...
[INFO ] 2017-07-07 00:01:43.667(qtp1818449913-20:com.xukaiqiang.shared.aspect.ServiceAdvice): UserServiceImpl.findUser running...
[INFO ] 2017-07-07 00:02:01.999(qtp1818449913-17:com.xukaiqiang.shared.aspect.ServiceAdvice): UserServiceImpl.findUser running...
[INFO ] 2017-07-07 00:02:02.003(qtp1818449913-17:com.xukaiqiang.shared.aspect.ServiceAdvice): UserServiceImpl.updateUser running...
[INFO ] 2017-07-07 00:02:02.016(qtp1818449913-23:com.xukaiqiang.shared.aspect.ServiceAdvice): UserServiceImpl.findUserPage running...
[INFO ] 2017-07-07 00:02:02.016(qtp1818449913-23:com.xukaiqiang.shared.aspect.ServiceAdvice): PageServiceImpl.getPageable running...
[INFO ] 2017-07-07 00:02:06.801(qtp1818449913-20:com.xukaiqiang.shared.aspect.ServiceAdvice): UserServiceImpl.findUser running...
[INFO ] 2017-07-07 00:02:14.747(qtp1818449913-17:com.xukaiqiang.shared.aspect.ServiceAdvice): UserServiceImpl.findUser running...
[INFO ] 2017-07-07 00:02:21.417(qtp1818449913-23:com.xukaiqiang.shared.aspect.ServiceAdvice): UserServiceImpl.findUser running...
[INFO ] 2017-07-07 00:02:27.204(qtp1818449913-20:com.xukaiqiang.shared.aspect.ServiceAdvice): UserServiceImpl.findUser running...
[INFO ] 2017-07-07 00:02:27.206(qtp1818449913-20:com.xukaiqiang.shared.aspect.ServiceAdvice): UserServiceImpl.updateUser running...
[INFO ] 2017-07-07 00:02:27.218(qtp1818449913-17:com.xukaiqiang.shared.aspect.ServiceAdvice): UserServiceImpl.findUserPage running...
[INFO ] 2017-07-07 00:02:27.218(qtp1818449913-17:com.xukaiqiang.shared.aspect.ServiceAdvice): PageServiceImpl.getPageable running...
[INFO ] 2017-07-07 00:04:42.058(qtp1818449913-23:com.xukaiqiang.shared.aspect.ServiceAdvice): ConServiceImpl.findConPage running...
[INFO ] 2017-07-07 00:04:42.058(qtp1818449913-23:com.xukaiqiang.shared.aspect.ServiceAdvice): PageServiceImpl.getPageable running...
[INFO ] 2017-07-07 04:08:09.225(qtp1818449913-17:com.xukaiqiang.shared.aspect.ServiceAdvice): UserServiceImpl.findUserPage running...
[INFO ] 2017-07-07 04:08:09.225(qtp1818449913-17:com.xukaiqiang.shared.aspect.ServiceAdvice): PageServiceImpl.getPageable running...
[INFO ] 2017-07-07 04:11:54.139(qtp1818449913-17:com.xukaiqiang.shared.aspect.ServiceAdvice): JobServiceImpl.findJobPage running...
[INFO ] 2017-07-07 04:11:54.139(qtp1818449913-17:com.xukaiqiang.shared.aspect.ServiceAdvice): PageServiceImpl.getPageable running...
[INFO ] 2017-07-07 04:14:07.691(qtp1818449913-23:com.xukaiqiang.shared.aspect.ServiceAdvice): WorksServiceImpl.findWorksPage running...
[INFO ] 2017-07-07 04:14:07.703(qtp1818449913-23:com.xukaiqiang.shared.aspect.ServiceAdvice): PageServiceImpl.getPageable running...
[INFO ] 2017-07-07 04:15:24.317(qtp1818449913-20:com.xukaiqiang.shared.aspect.ServiceAdvice): UserServiceImpl.findUserPage running...
[INFO ] 2017-07-07 04:15:24.317(qtp1818449913-20:com.xukaiqiang.shared.aspect.ServiceAdvice): PageServiceImpl.getPageable running...
[INFO ] 2017-07-07 04:19:36.562(qtp1818449913-23:com.xukaiqiang.shared.aspect.ServiceAdvice): UserServiceImpl.findUser running...
[INFO ] 2017-07-07 14:45:44.979(qtp1818449913-20:com.xukaiqiang.shared.aspect.ServiceAdvice): UserServiceImpl.findUserPage running...
[INFO ] 2017-07-07 14:45:44.980(qtp1818449913-20:com.xukaiqiang.shared.aspect.ServiceAdvice): PageServiceImpl.getPageable running...
[ERROR] 2017-07-07 14:45:45.041(qtp1818449913-20:com.xukaiqiang.gb.mgt.controller.UserController$1): could not extract ResultSet; SQL [n/a]; nested exception is org.hibernate.exception.SQLGrammarException: could not extract ResultSet
org.springframework.dao.InvalidDataAccessResourceUsageException: could not extract ResultSet; SQL [n/a]; nested exception is org.hibernate.exception.SQLGrammarException: could not extract ResultSet
	at org.springframework.orm.jpa.vendor.HibernateJpaDialect.convertHibernateAccessException(HibernateJpaDialect.java:261) ~[spring-orm-4.3.7.RELEASE.jar:4.3.7.RELEASE]
	at org.springframework.orm.jpa.vendor.HibernateJpaDialect.translateExceptionIfPossible(HibernateJpaDialect.java:244) ~[spring-orm-4.3.7.RELEASE.jar:4.3.7.RELEASE]
	at org.springframework.orm.jpa.AbstractEntityManagerFactoryBean.translateExceptionIfPossible(AbstractEntityManagerFactoryBean.java:488) ~[spring-orm-4.3.7.RELEASE.jar:4.3.7.RELEASE]
	at org.springframework.dao.support.ChainedPersistenceExceptionTranslator.translateExceptionIfPossible(ChainedPersistenceExceptionTranslator.java:59) ~[spring-tx-4.3.7.RELEASE.jar:4.3.7.RELEASE]
	at org.springframework.dao.support.DataAccessUtils.translateIfNecessary(DataAccessUtils.java:213) ~[spring-tx-4.3.7.RELEASE.jar:4.3.7.RELEASE]
	at org.springframework.dao.support.PersistenceExceptionTranslationInterceptor.invoke(PersistenceExceptionTranslationInterceptor.java:147) ~[spring-tx-4.3.7.RELEASE.jar:4.3.7.RELEASE]
	at org.springframework.aop.framework.ReflectiveMethodInvocation.proceed(ReflectiveMethodInvocation.java:179) ~[spring-aop-4.3.7.RELEASE.jar:4.3.7.RELEASE]
	at org.springframework.data.jpa.repository.support.CrudMethodMetadataPostProcessor$CrudMethodMetadataPopulatingMethodInterceptor.invoke(CrudMethodMetadataPostProcessor.java:133) ~[spring-data-jpa-1.11.1.RELEASE.jar:?]
	at org.springframework.aop.framework.ReflectiveMethodInvocation.proceed(ReflectiveMethodInvocation.java:179) ~[spring-aop-4.3.7.RELEASE.jar:4.3.7.RELEASE]
	at org.springframework.aop.interceptor.ExposeInvocationInterceptor.invoke(ExposeInvocationInterceptor.java:92) ~[spring-aop-4.3.7.RELEASE.jar:4.3.7.RELEASE]
	at org.springframework.aop.framework.ReflectiveMethodInvocation.proceed(ReflectiveMethodInvocation.java:179) ~[spring-aop-4.3.7.RELEASE.jar:4.3.7.RELEASE]
	at org.springframework.data.repository.core.support.SurroundingTransactionDetectorMethodInterceptor.invoke(SurroundingTransactionDetectorMethodInterceptor.java:57) ~[spring-data-commons-1.13.1.RELEASE.jar:?]
	at org.springframework.aop.framework.ReflectiveMethodInvocation.proceed(ReflectiveMethodInvocation.java:179) ~[spring-aop-4.3.7.RELEASE.jar:4.3.7.RELEASE]
	at org.springframework.aop.framework.JdkDynamicAopProxy.invoke(JdkDynamicAopProxy.java:213) ~[spring-aop-4.3.7.RELEASE.jar:4.3.7.RELEASE]
	at com.sun.proxy.$Proxy60.findAll(Unknown Source) ~[?:?]
	at com.xukaiqiang.gb.orm.repository.UserRepository$Executor.findAll(UserRepository.java:31) ~[main/:?]
	at com.xukaiqiang.gb.mgt.service.impl.UserServiceImpl.findUserPage(UserServiceImpl.java:32) ~[main/:?]
	at com.xukaiqiang.gb.mgt.service.impl.UserServiceImpl$$FastClassBySpringCGLIB$$2191a5f8.invoke(<generated>) ~[main/:?]
	at org.springframework.cglib.proxy.MethodProxy.invoke(MethodProxy.java:204) ~[spring-core-4.3.7.RELEASE.jar:4.3.7.RELEASE]
	at org.springframework.aop.framework.CglibAopProxy$CglibMethodInvocation.invokeJoinpoint(CglibAopProxy.java:721) ~[spring-aop-4.3.7.RELEASE.jar:4.3.7.RELEASE]
	at org.springframework.aop.framework.ReflectiveMethodInvocation.proceed(ReflectiveMethodInvocation.java:157) ~[spring-aop-4.3.7.RELEASE.jar:4.3.7.RELEASE]
	at org.springframework.aop.aspectj.MethodInvocationProceedingJoinPoint.proceed(MethodInvocationProceedingJoinPoint.java:85) ~[spring-aop-4.3.7.RELEASE.jar:4.3.7.RELEASE]
	at com.xukaiqiang.shared.aspect.ServiceAdvice.aspectAfterReturning(ServiceAdvice.java:27) ~[main/:?]
	at sun.reflect.GeneratedMethodAccessor48.invoke(Unknown Source) ~[?:?]
	at sun.reflect.DelegatingMethodAccessorImpl.invoke(DelegatingMethodAccessorImpl.java:43) ~[?:1.8.0_131]
	at java.lang.reflect.Method.invoke(Method.java:498) ~[?:1.8.0_131]
	at org.springframework.aop.aspectj.AbstractAspectJAdvice.invokeAdviceMethodWithGivenArgs(AbstractAspectJAdvice.java:629) ~[spring-aop-4.3.7.RELEASE.jar:4.3.7.RELEASE]
	at org.springframework.aop.aspectj.AbstractAspectJAdvice.invokeAdviceMethod(AbstractAspectJAdvice.java:618) ~[spring-aop-4.3.7.RELEASE.jar:4.3.7.RELEASE]
	at org.springframework.aop.aspectj.AspectJAroundAdvice.invoke(AspectJAroundAdvice.java:70) ~[spring-aop-4.3.7.RELEASE.jar:4.3.7.RELEASE]
	at org.springframework.aop.framework.ReflectiveMethodInvocation.proceed(ReflectiveMethodInvocation.java:179) ~[spring-aop-4.3.7.RELEASE.jar:4.3.7.RELEASE]
	at org.springframework.transaction.interceptor.TransactionInterceptor$1.proceedWithInvocation(TransactionInterceptor.java:99) ~[spring-tx-4.3.7.RELEASE.jar:4.3.7.RELEASE]
	at org.springframework.transaction.interceptor.TransactionAspectSupport.invokeWithinTransaction(TransactionAspectSupport.java:282) ~[spring-tx-4.3.7.RELEASE.jar:4.3.7.RELEASE]
	at org.springframework.transaction.interceptor.TransactionInterceptor.invoke(TransactionInterceptor.java:96) ~[spring-tx-4.3.7.RELEASE.jar:4.3.7.RELEASE]
	at org.springframework.aop.framework.ReflectiveMethodInvocation.proceed(ReflectiveMethodInvocation.java:179) ~[spring-aop-4.3.7.RELEASE.jar:4.3.7.RELEASE]
	at org.springframework.aop.interceptor.ExposeInvocationInterceptor.invoke(ExposeInvocationInterceptor.java:92) ~[spring-aop-4.3.7.RELEASE.jar:4.3.7.RELEASE]
	at org.springframework.aop.framework.ReflectiveMethodInvocation.proceed(ReflectiveMethodInvocation.java:179) ~[spring-aop-4.3.7.RELEASE.jar:4.3.7.RELEASE]
	at org.springframework.aop.framework.CglibAopProxy$DynamicAdvisedInterceptor.intercept(CglibAopProxy.java:656) ~[spring-aop-4.3.7.RELEASE.jar:4.3.7.RELEASE]
	at com.xukaiqiang.gb.mgt.service.impl.UserServiceImpl$$EnhancerBySpringCGLIB$$7f127536.findUserPage(<generated>) ~[main/:?]
	at com.xukaiqiang.gb.mgt.controller.UserController$1.execute(UserController.java:107) ~[main/:?]
	at com.xukaiqiang.shared.util.Executor.execute(Executor.java:31) [main/:?]
	at com.xukaiqiang.gb.mgt.controller.UserController.listPage(UserController.java:104) [main/:?]
	at sun.reflect.GeneratedMethodAccessor89.invoke(Unknown Source) ~[?:?]
	at sun.reflect.DelegatingMethodAccessorImpl.invoke(DelegatingMethodAccessorImpl.java:43) ~[?:1.8.0_131]
	at java.lang.reflect.Method.invoke(Method.java:498) ~[?:1.8.0_131]
	at org.springframework.web.method.support.InvocableHandlerMethod.doInvoke(InvocableHandlerMethod.java:205) [spring-web-4.3.7.RELEASE.jar:4.3.7.RELEASE]
	at org.springframework.web.method.support.InvocableHandlerMethod.invokeForRequest(InvocableHandlerMethod.java:133) [spring-web-4.3.7.RELEASE.jar:4.3.7.RELEASE]
	at org.springframework.web.servlet.mvc.method.annotation.ServletInvocableHandlerMethod.invokeAndHandle(ServletInvocableHandlerMethod.java:116) [spring-webmvc-4.3.7.RELEASE.jar:4.3.7.RELEASE]
	at org.springframework.web.servlet.mvc.method.annotation.RequestMappingHandlerAdapter.invokeHandlerMethod(RequestMappingHandlerAdapter.java:827) [spring-webmvc-4.3.7.RELEASE.jar:4.3.7.RELEASE]
	at org.springframework.web.servlet.mvc.method.annotation.RequestMappingHandlerAdapter.handleInternal(RequestMappingHandlerAdapter.java:738) [spring-webmvc-4.3.7.RELEASE.jar:4.3.7.RELEASE]
	at org.springframework.web.servlet.mvc.method.AbstractHandlerMethodAdapter.handle(AbstractHandlerMethodAdapter.java:85) [spring-webmvc-4.3.7.RELEASE.jar:4.3.7.RELEASE]
	at org.springframework.web.servlet.DispatcherServlet.doDispatch(DispatcherServlet.java:963) [spring-webmvc-4.3.7.RELEASE.jar:4.3.7.RELEASE]
	at org.springframework.web.servlet.DispatcherServlet.doService(DispatcherServlet.java:897) [spring-webmvc-4.3.7.RELEASE.jar:4.3.7.RELEASE]
	at org.springframework.web.servlet.FrameworkServlet.processRequest(FrameworkServlet.java:970) [spring-webmvc-4.3.7.RELEASE.jar:4.3.7.RELEASE]
	at org.springframework.web.servlet.FrameworkServlet.doGet(FrameworkServlet.java:861) [spring-webmvc-4.3.7.RELEASE.jar:4.3.7.RELEASE]
	at javax.servlet.http.HttpServlet.service(HttpServlet.java:687) [javax.servlet-api-3.1.0.jar:3.1.0]
	at org.springframework.web.servlet.FrameworkServlet.service(FrameworkServlet.java:846) [spring-webmvc-4.3.7.RELEASE.jar:4.3.7.RELEASE]
	at javax.servlet.http.HttpServlet.service(HttpServlet.java:790) [javax.servlet-api-3.1.0.jar:3.1.0]
	at org.eclipse.jetty.servlet.ServletHolder.handle(ServletHolder.java:808) [jetty-servlet-9.2.10.v20150310.jar:9.2.10.v20150310]
	at org.eclipse.jetty.servlet.ServletHandler$CachedChain.doFilter(ServletHandler.java:1669) [jetty-servlet-9.2.10.v20150310.jar:9.2.10.v20150310]
	at org.springframework.orm.jpa.support.OpenEntityManagerInViewFilter.doFilterInternal(OpenEntityManagerInViewFilter.java:178) [spring-orm-4.3.7.RELEASE.jar:4.3.7.RELEASE]
	at org.springframework.web.filter.OncePerRequestFilter.doFilter(OncePerRequestFilter.java:107) [spring-web-4.3.7.RELEASE.jar:4.3.7.RELEASE]
	at org.eclipse.jetty.servlet.ServletHandler$CachedChain.doFilter(ServletHandler.java:1652) [jetty-servlet-9.2.10.v20150310.jar:9.2.10.v20150310]
	at org.springframework.web.filter.CharacterEncodingFilter.doFilterInternal(CharacterEncodingFilter.java:197) [spring-web-4.3.7.RELEASE.jar:4.3.7.RELEASE]
	at org.springframework.web.filter.OncePerRequestFilter.doFilter(OncePerRequestFilter.java:107) [spring-web-4.3.7.RELEASE.jar:4.3.7.RELEASE]
	at org.eclipse.jetty.servlet.ServletHandler$CachedChain.doFilter(ServletHandler.java:1652) [jetty-servlet-9.2.10.v20150310.jar:9.2.10.v20150310]
	at org.apache.logging.log4j.web.Log4jServletFilter.doFilter(Log4jServletFilter.java:71) [log4j-web-2.6.jar:2.6]
	at org.eclipse.jetty.servlet.ServletHandler$CachedChain.doFilter(ServletHandler.java:1652) [jetty-servlet-9.2.10.v20150310.jar:9.2.10.v20150310]
	at org.eclipse.jetty.servlet.ServletHandler.doHandle(ServletHandler.java:585) [jetty-servlet-9.2.10.v20150310.jar:9.2.10.v20150310]
	at org.eclipse.jetty.server.handler.ScopedHandler.handle(ScopedHandler.java:143) [jetty-server-9.2.10.v20150310.jar:9.2.10.v20150310]
	at org.eclipse.jetty.security.SecurityHandler.handle(SecurityHandler.java:577) [jetty-security-9.2.10.v20150310.jar:9.2.10.v20150310]
	at org.eclipse.jetty.server.session.SessionHandler.doHandle(SessionHandler.java:223) [jetty-server-9.2.10.v20150310.jar:9.2.10.v20150310]
	at org.eclipse.jetty.server.handler.ContextHandler.doHandle(ContextHandler.java:1127) [jetty-server-9.2.10.v20150310.jar:9.2.10.v20150310]
	at org.eclipse.jetty.servlet.ServletHandler.doScope(ServletHandler.java:515) [jetty-servlet-9.2.10.v20150310.jar:9.2.10.v20150310]
	at org.eclipse.jetty.server.session.SessionHandler.doScope(SessionHandler.java:185) [jetty-server-9.2.10.v20150310.jar:9.2.10.v20150310]
	at org.eclipse.jetty.server.handler.ContextHandler.doScope(ContextHandler.java:1061) [jetty-server-9.2.10.v20150310.jar:9.2.10.v20150310]
	at org.eclipse.jetty.server.handler.ScopedHandler.handle(ScopedHandler.java:141) [jetty-server-9.2.10.v20150310.jar:9.2.10.v20150310]
	at org.eclipse.jetty.server.handler.ContextHandlerCollection.handle(ContextHandlerCollection.java:215) [jetty-server-9.2.10.v20150310.jar:9.2.10.v20150310]
	at org.eclipse.jetty.server.handler.HandlerWrapper.handle(HandlerWrapper.java:97) [jetty-server-9.2.10.v20150310.jar:9.2.10.v20150310]
	at org.eclipse.jetty.server.Server.handle(Server.java:497) [jetty-server-9.2.10.v20150310.jar:9.2.10.v20150310]
	at org.eclipse.jetty.server.HttpChannel.handle(HttpChannel.java:310) [jetty-server-9.2.10.v20150310.jar:9.2.10.v20150310]
	at org.eclipse.jetty.server.HttpConnection.onFillable(HttpConnection.java:257) [jetty-server-9.2.10.v20150310.jar:9.2.10.v20150310]
	at org.eclipse.jetty.io.AbstractConnection$2.run(AbstractConnection.java:540) [jetty-io-9.2.10.v20150310.jar:9.2.10.v20150310]
	at org.eclipse.jetty.util.thread.QueuedThreadPool.runJob(QueuedThreadPool.java:635) [jetty-util-9.2.10.v20150310.jar:9.2.10.v20150310]
	at org.eclipse.jetty.util.thread.QueuedThreadPool$3.run(QueuedThreadPool.java:555) [jetty-util-9.2.10.v20150310.jar:9.2.10.v20150310]
	at java.lang.Thread.run(Thread.java:748) [?:1.8.0_131]
Caused by: org.hibernate.exception.SQLGrammarException: could not extract ResultSet
	at org.hibernate.exception.internal.SQLExceptionTypeDelegate.convert(SQLExceptionTypeDelegate.java:63) ~[hibernate-core-5.1.0.Final.jar:5.1.0.Final]
	at org.hibernate.exception.internal.StandardSQLExceptionConverter.convert(StandardSQLExceptionConverter.java:42) ~[hibernate-core-5.1.0.Final.jar:5.1.0.Final]
	at org.hibernate.engine.jdbc.spi.SqlExceptionHelper.convert(SqlExceptionHelper.java:111) ~[hibernate-core-5.1.0.Final.jar:5.1.0.Final]
	at org.hibernate.engine.jdbc.spi.SqlExceptionHelper.convert(SqlExceptionHelper.java:97) ~[hibernate-core-5.1.0.Final.jar:5.1.0.Final]
	at org.hibernate.engine.jdbc.internal.ResultSetReturnImpl.extract(ResultSetReturnImpl.java:79) ~[hibernate-core-5.1.0.Final.jar:5.1.0.Final]
	at org.hibernate.loader.Loader.getResultSet(Loader.java:2115) ~[hibernate-core-5.1.0.Final.jar:5.1.0.Final]
	at org.hibernate.loader.Loader.executeQueryStatement(Loader.java:1898) ~[hibernate-core-5.1.0.Final.jar:5.1.0.Final]
	at org.hibernate.loader.Loader.executeQueryStatement(Loader.java:1874) ~[hibernate-core-5.1.0.Final.jar:5.1.0.Final]
	at org.hibernate.loader.Loader.doQuery(Loader.java:919) ~[hibernate-core-5.1.0.Final.jar:5.1.0.Final]
	at org.hibernate.loader.Loader.doQueryAndInitializeNonLazyCollections(Loader.java:336) ~[hibernate-core-5.1.0.Final.jar:5.1.0.Final]
	at org.hibernate.loader.Loader.doList(Loader.java:2610) ~[hibernate-core-5.1.0.Final.jar:5.1.0.Final]
	at org.hibernate.loader.Loader.doList(Loader.java:2593) ~[hibernate-core-5.1.0.Final.jar:5.1.0.Final]
	at org.hibernate.loader.Loader.listIgnoreQueryCache(Loader.java:2422) ~[hibernate-core-5.1.0.Final.jar:5.1.0.Final]
	at org.hibernate.loader.Loader.list(Loader.java:2417) ~[hibernate-core-5.1.0.Final.jar:5.1.0.Final]
	at org.hibernate.loader.hql.QueryLoader.list(QueryLoader.java:501) ~[hibernate-core-5.1.0.Final.jar:5.1.0.Final]
	at org.hibernate.hql.internal.ast.QueryTranslatorImpl.list(QueryTranslatorImpl.java:371) ~[hibernate-core-5.1.0.Final.jar:5.1.0.Final]
	at org.hibernate.engine.query.spi.HQLQueryPlan.performList(HQLQueryPlan.java:216) ~[hibernate-core-5.1.0.Final.jar:5.1.0.Final]
	at org.hibernate.internal.SessionImpl.list(SessionImpl.java:1339) ~[hibernate-core-5.1.0.Final.jar:5.1.0.Final]
	at org.hibernate.internal.QueryImpl.list(QueryImpl.java:87) ~[hibernate-core-5.1.0.Final.jar:5.1.0.Final]
	at org.hibernate.jpa.internal.QueryImpl.list(QueryImpl.java:606) ~[hibernate-entitymanager-5.1.0.Final.jar:5.1.0.Final]
	at org.hibernate.jpa.internal.QueryImpl.getResultList(QueryImpl.java:483) ~[hibernate-entitymanager-5.1.0.Final.jar:5.1.0.Final]
	at org.hibernate.jpa.criteria.compile.CriteriaQueryTypeQueryAdapter.getResultList(CriteriaQueryTypeQueryAdapter.java:50) ~[hibernate-entitymanager-5.1.0.Final.jar:5.1.0.Final]
	at org.springframework.data.jpa.repository.support.SimpleJpaRepository.readPage(SimpleJpaRepository.java:589) ~[spring-data-jpa-1.11.1.RELEASE.jar:?]
	at org.springframework.data.jpa.repository.support.SimpleJpaRepository.findAll(SimpleJpaRepository.java:409) ~[spring-data-jpa-1.11.1.RELEASE.jar:?]
	at sun.reflect.GeneratedMethodAccessor90.invoke(Unknown Source) ~[?:?]
	at sun.reflect.DelegatingMethodAccessorImpl.invoke(DelegatingMethodAccessorImpl.java:43) ~[?:1.8.0_131]
	at java.lang.reflect.Method.invoke(Method.java:498) ~[?:1.8.0_131]
	at org.springframework.data.repository.core.support.RepositoryFactorySupport$QueryExecutorMethodInterceptor.executeMethodOn(RepositoryFactorySupport.java:504) ~[spring-data-commons-1.13.1.RELEASE.jar:?]
	at org.springframework.data.repository.core.support.RepositoryFactorySupport$QueryExecutorMethodInterceptor.doInvoke(RepositoryFactorySupport.java:489) ~[spring-data-commons-1.13.1.RELEASE.jar:?]
	at org.springframework.data.repository.core.support.RepositoryFactorySupport$QueryExecutorMethodInterceptor.invoke(RepositoryFactorySupport.java:461) ~[spring-data-commons-1.13.1.RELEASE.jar:?]
	at org.springframework.aop.framework.ReflectiveMethodInvocation.proceed(ReflectiveMethodInvocation.java:179) ~[spring-aop-4.3.7.RELEASE.jar:4.3.7.RELEASE]
	at org.springframework.data.projection.DefaultMethodInvokingMethodInterceptor.invoke(DefaultMethodInvokingMethodInterceptor.java:61) ~[spring-data-commons-1.13.1.RELEASE.jar:?]
	at org.springframework.aop.framework.ReflectiveMethodInvocation.proceed(ReflectiveMethodInvocation.java:179) ~[spring-aop-4.3.7.RELEASE.jar:4.3.7.RELEASE]
	at org.springframework.transaction.interceptor.TransactionInterceptor$1.proceedWithInvocation(TransactionInterceptor.java:99) ~[spring-tx-4.3.7.RELEASE.jar:4.3.7.RELEASE]
	at org.springframework.transaction.interceptor.TransactionAspectSupport.invokeWithinTransaction(TransactionAspectSupport.java:282) ~[spring-tx-4.3.7.RELEASE.jar:4.3.7.RELEASE]
	at org.springframework.transaction.interceptor.TransactionInterceptor.invoke(TransactionInterceptor.java:96) ~[spring-tx-4.3.7.RELEASE.jar:4.3.7.RELEASE]
	at org.springframework.aop.framework.ReflectiveMethodInvocation.proceed(ReflectiveMethodInvocation.java:179) ~[spring-aop-4.3.7.RELEASE.jar:4.3.7.RELEASE]
	at org.springframework.dao.support.PersistenceExceptionTranslationInterceptor.invoke(PersistenceExceptionTranslationInterceptor.java:136) ~[spring-tx-4.3.7.RELEASE.jar:4.3.7.RELEASE]
	... 79 more
Caused by: com.mysql.jdbc.exceptions.jdbc4.MySQLSyntaxErrorException: Table 'xkq_guitar.g_user' doesn't exist
	at sun.reflect.NativeConstructorAccessorImpl.newInstance0(Native Method) ~[?:1.8.0_131]
	at sun.reflect.NativeConstructorAccessorImpl.newInstance(NativeConstructorAccessorImpl.java:62) ~[?:1.8.0_131]
	at sun.reflect.DelegatingConstructorAccessorImpl.newInstance(DelegatingConstructorAccessorImpl.java:45) ~[?:1.8.0_131]
	at java.lang.reflect.Constructor.newInstance(Constructor.java:423) ~[?:1.8.0_131]
	at com.mysql.jdbc.Util.handleNewInstance(Util.java:404) ~[mysql-connector-java-5.1.38.jar:5.1.38]
	at com.mysql.jdbc.Util.getInstance(Util.java:387) ~[mysql-connector-java-5.1.38.jar:5.1.38]
	at com.mysql.jdbc.SQLError.createSQLException(SQLError.java:939) ~[mysql-connector-java-5.1.38.jar:5.1.38]
	at com.mysql.jdbc.MysqlIO.checkErrorPacket(MysqlIO.java:3878) ~[mysql-connector-java-5.1.38.jar:5.1.38]
	at com.mysql.jdbc.MysqlIO.checkErrorPacket(MysqlIO.java:3814) ~[mysql-connector-java-5.1.38.jar:5.1.38]
	at com.mysql.jdbc.MysqlIO.sendCommand(MysqlIO.java:2478) ~[mysql-connector-java-5.1.38.jar:5.1.38]
	at com.mysql.jdbc.MysqlIO.sqlQueryDirect(MysqlIO.java:2625) ~[mysql-connector-java-5.1.38.jar:5.1.38]
	at com.mysql.jdbc.ConnectionImpl.execSQL(ConnectionImpl.java:2551) ~[mysql-connector-java-5.1.38.jar:5.1.38]
	at com.mysql.jdbc.PreparedStatement.executeInternal(PreparedStatement.java:1861) ~[mysql-connector-java-5.1.38.jar:5.1.38]
	at com.mysql.jdbc.PreparedStatement.executeQuery(PreparedStatement.java:1962) ~[mysql-connector-java-5.1.38.jar:5.1.38]
	at org.hibernate.engine.jdbc.internal.ResultSetReturnImpl.extract(ResultSetReturnImpl.java:70) ~[hibernate-core-5.1.0.Final.jar:5.1.0.Final]
	at org.hibernate.loader.Loader.getResultSet(Loader.java:2115) ~[hibernate-core-5.1.0.Final.jar:5.1.0.Final]
	at org.hibernate.loader.Loader.executeQueryStatement(Loader.java:1898) ~[hibernate-core-5.1.0.Final.jar:5.1.0.Final]
	at org.hibernate.loader.Loader.executeQueryStatement(Loader.java:1874) ~[hibernate-core-5.1.0.Final.jar:5.1.0.Final]
	at org.hibernate.loader.Loader.doQuery(Loader.java:919) ~[hibernate-core-5.1.0.Final.jar:5.1.0.Final]
	at org.hibernate.loader.Loader.doQueryAndInitializeNonLazyCollections(Loader.java:336) ~[hibernate-core-5.1.0.Final.jar:5.1.0.Final]
	at org.hibernate.loader.Loader.doList(Loader.java:2610) ~[hibernate-core-5.1.0.Final.jar:5.1.0.Final]
	at org.hibernate.loader.Loader.doList(Loader.java:2593) ~[hibernate-core-5.1.0.Final.jar:5.1.0.Final]
	at org.hibernate.loader.Loader.listIgnoreQueryCache(Loader.java:2422) ~[hibernate-core-5.1.0.Final.jar:5.1.0.Final]
	at org.hibernate.loader.Loader.list(Loader.java:2417) ~[hibernate-core-5.1.0.Final.jar:5.1.0.Final]
	at org.hibernate.loader.hql.QueryLoader.list(QueryLoader.java:501) ~[hibernate-core-5.1.0.Final.jar:5.1.0.Final]
	at org.hibernate.hql.internal.ast.QueryTranslatorImpl.list(QueryTranslatorImpl.java:371) ~[hibernate-core-5.1.0.Final.jar:5.1.0.Final]
	at org.hibernate.engine.query.spi.HQLQueryPlan.performList(HQLQueryPlan.java:216) ~[hibernate-core-5.1.0.Final.jar:5.1.0.Final]
	at org.hibernate.internal.SessionImpl.list(SessionImpl.java:1339) ~[hibernate-core-5.1.0.Final.jar:5.1.0.Final]
	at org.hibernate.internal.QueryImpl.list(QueryImpl.java:87) ~[hibernate-core-5.1.0.Final.jar:5.1.0.Final]
	at org.hibernate.jpa.internal.QueryImpl.list(QueryImpl.java:606) ~[hibernate-entitymanager-5.1.0.Final.jar:5.1.0.Final]
	at org.hibernate.jpa.internal.QueryImpl.getResultList(QueryImpl.java:483) ~[hibernate-entitymanager-5.1.0.Final.jar:5.1.0.Final]
	at org.hibernate.jpa.criteria.compile.CriteriaQueryTypeQueryAdapter.getResultList(CriteriaQueryTypeQueryAdapter.java:50) ~[hibernate-entitymanager-5.1.0.Final.jar:5.1.0.Final]
	at org.springframework.data.jpa.repository.support.SimpleJpaRepository.readPage(SimpleJpaRepository.java:589) ~[spring-data-jpa-1.11.1.RELEASE.jar:?]
	at org.springframework.data.jpa.repository.support.SimpleJpaRepository.findAll(SimpleJpaRepository.java:409) ~[spring-data-jpa-1.11.1.RELEASE.jar:?]
	at sun.reflect.GeneratedMethodAccessor90.invoke(Unknown Source) ~[?:?]
	at sun.reflect.DelegatingMethodAccessorImpl.invoke(DelegatingMethodAccessorImpl.java:43) ~[?:1.8.0_131]
	at java.lang.reflect.Method.invoke(Method.java:498) ~[?:1.8.0_131]
	at org.springframework.data.repository.core.support.RepositoryFactorySupport$QueryExecutorMethodInterceptor.executeMethodOn(RepositoryFactorySupport.java:504) ~[spring-data-commons-1.13.1.RELEASE.jar:?]
	at org.springframework.data.repository.core.support.RepositoryFactorySupport$QueryExecutorMethodInterceptor.doInvoke(RepositoryFactorySupport.java:489) ~[spring-data-commons-1.13.1.RELEASE.jar:?]
	at org.springframework.data.repository.core.support.RepositoryFactorySupport$QueryExecutorMethodInterceptor.invoke(RepositoryFactorySupport.java:461) ~[spring-data-commons-1.13.1.RELEASE.jar:?]
	at org.springframework.aop.framework.ReflectiveMethodInvocation.proceed(ReflectiveMethodInvocation.java:179) ~[spring-aop-4.3.7.RELEASE.jar:4.3.7.RELEASE]
	at org.springframework.data.projection.DefaultMethodInvokingMethodInterceptor.invoke(DefaultMethodInvokingMethodInterceptor.java:61) ~[spring-data-commons-1.13.1.RELEASE.jar:?]
	at org.springframework.aop.framework.ReflectiveMethodInvocation.proceed(ReflectiveMethodInvocation.java:179) ~[spring-aop-4.3.7.RELEASE.jar:4.3.7.RELEASE]
	at org.springframework.transaction.interceptor.TransactionInterceptor$1.proceedWithInvocation(TransactionInterceptor.java:99) ~[spring-tx-4.3.7.RELEASE.jar:4.3.7.RELEASE]
	at org.springframework.transaction.interceptor.TransactionAspectSupport.invokeWithinTransaction(TransactionAspectSupport.java:282) ~[spring-tx-4.3.7.RELEASE.jar:4.3.7.RELEASE]
	at org.springframework.transaction.interceptor.TransactionInterceptor.invoke(TransactionInterceptor.java:96) ~[spring-tx-4.3.7.RELEASE.jar:4.3.7.RELEASE]
	at org.springframework.aop.framework.ReflectiveMethodInvocation.proceed(ReflectiveMethodInvocation.java:179) ~[spring-aop-4.3.7.RELEASE.jar:4.3.7.RELEASE]
	at org.springframework.dao.support.PersistenceExceptionTranslationInterceptor.invoke(PersistenceExceptionTranslationInterceptor.java:136) ~[spring-tx-4.3.7.RELEASE.jar:4.3.7.RELEASE]
	... 79 more
