[DEBUG] 2017-07-07 00:01:21.479(qtp1818449913-23:org.hibernate.SQL): select user0_.id as id1_5_, user0_.age as age2_5_, user0_.login_name as login_na3_5_, user0_.nick_name as nick_nam4_5_, user0_.pass_word as pass_wor5_5_, user0_.real_name as real_nam6_5_, user0_.remarks as remarks7_5_, user0_.role_id as role_id8_5_, user0_.sex as sex9_5_ from g_user user0_ where 1=1 limit ?
[TRACE] 2017-07-07 00:01:21.482(qtp1818449913-23:org.hibernate.type.descriptor.sql.BasicExtractor): extracted value ([id1_5_] : [INTEGER]) - [1]
[TRACE] 2017-07-07 00:01:21.482(qtp1818449913-23:org.hibernate.type.descriptor.sql.BasicExtractor): extracted value ([age2_5_] : [INTEGER]) - [26]
[TRACE] 2017-07-07 00:01:21.482(qtp1818449913-23:org.hibernate.type.descriptor.sql.BasicExtractor): extracted value ([login_na3_5_] : [VARCHAR]) - [xukaiqiang]
[TRACE] 2017-07-07 00:01:21.482(qtp1818449913-23:org.hibernate.type.descriptor.sql.BasicExtractor): extracted value ([nick_nam4_5_] : [VARCHAR]) - [徐凯强]
[TRACE] 2017-07-07 00:01:21.482(qtp1818449913-23:org.hibernate.type.descriptor.sql.BasicExtractor): extracted value ([pass_wor5_5_] : [VARCHAR]) - [888888]
[TRACE] 2017-07-07 00:01:21.482(qtp1818449913-23:org.hibernate.type.descriptor.sql.BasicExtractor): extracted value ([real_nam6_5_] : [VARCHAR]) - [徐凯强2]
[TRACE] 2017-07-07 00:01:21.482(qtp1818449913-23:org.hibernate.type.descriptor.sql.BasicExtractor): extracted value ([remarks7_5_] : [VARCHAR]) - []
[TRACE] 2017-07-07 00:01:21.482(qtp1818449913-23:org.hibernate.type.descriptor.sql.BasicExtractor): extracted value ([role_id8_5_] : [INTEGER]) - [0]
[TRACE] 2017-07-07 00:01:21.482(qtp1818449913-23:org.hibernate.type.descriptor.sql.BasicExtractor): extracted value ([sex9_5_] : [VARCHAR]) - [男]
[TRACE] 2017-07-07 00:01:21.482(qtp1818449913-23:org.hibernate.type.descriptor.sql.BasicExtractor): extracted value ([id1_5_] : [INTEGER]) - [2]
[TRACE] 2017-07-07 00:01:21.482(qtp1818449913-23:org.hibernate.type.descriptor.sql.BasicExtractor): extracted value ([age2_5_] : [INTEGER]) - [27]
[TRACE] 2017-07-07 00:01:21.482(qtp1818449913-23:org.hibernate.type.descriptor.sql.BasicExtractor): extracted value ([login_na3_5_] : [VARCHAR]) - [maxiaojing]
[TRACE] 2017-07-07 00:01:21.482(qtp1818449913-23:org.hibernate.type.descriptor.sql.BasicExtractor): extracted value ([nick_nam4_5_] : [VARCHAR]) - [马小婧]
[TRACE] 2017-07-07 00:01:21.482(qtp1818449913-23:org.hibernate.type.descriptor.sql.BasicExtractor): extracted value ([pass_wor5_5_] : [VARCHAR]) - [888888]
[TRACE] 2017-07-07 00:01:21.482(qtp1818449913-23:org.hibernate.type.descriptor.sql.BasicExtractor): extracted value ([real_nam6_5_] : [VARCHAR]) - [马小婧]
[TRACE] 2017-07-07 00:01:21.482(qtp1818449913-23:org.hibernate.type.descriptor.sql.BasicExtractor): extracted value ([remarks7_5_] : [VARCHAR]) - []
[TRACE] 2017-07-07 00:01:21.482(qtp1818449913-23:org.hibernate.type.descriptor.sql.BasicExtractor): extracted value ([role_id8_5_] : [INTEGER]) - [0]
[TRACE] 2017-07-07 00:01:21.482(qtp1818449913-23:org.hibernate.type.descriptor.sql.BasicExtractor): extracted value ([sex9_5_] : [VARCHAR]) - [女]
[TRACE] 2017-07-07 00:01:21.482(qtp1818449913-23:org.hibernate.type.descriptor.sql.BasicExtractor): extracted value ([id1_5_] : [INTEGER]) - [411566878]
[TRACE] 2017-07-07 00:01:21.482(qtp1818449913-23:org.hibernate.type.descriptor.sql.BasicExtractor): extracted value ([age2_5_] : [INTEGER]) - [2]
[TRACE] 2017-07-07 00:01:21.482(qtp1818449913-23:org.hibernate.type.descriptor.sql.BasicExtractor): extracted value ([login_na3_5_] : [VARCHAR]) - [23]
[TRACE] 2017-07-07 00:01:21.482(qtp1818449913-23:org.hibernate.type.descriptor.sql.BasicExtractor): extracted value ([nick_nam4_5_] : [VARCHAR]) - [2]
[TRACE] 2017-07-07 00:01:21.482(qtp1818449913-23:org.hibernate.type.descriptor.sql.BasicExtractor): extracted value ([pass_wor5_5_] : [VARCHAR]) - [23]
[TRACE] 2017-07-07 00:01:21.482(qtp1818449913-23:org.hibernate.type.descriptor.sql.BasicExtractor): extracted value ([real_nam6_5_] : [VARCHAR]) - [22]
[TRACE] 2017-07-07 00:01:21.482(qtp1818449913-23:org.hibernate.type.descriptor.sql.BasicExtractor): extracted value ([remarks7_5_] : [VARCHAR]) - [2]
[TRACE] 2017-07-07 00:01:21.482(qtp1818449913-23:org.hibernate.type.descriptor.sql.BasicExtractor): extracted value ([role_id8_5_] : [INTEGER]) - [2]
[TRACE] 2017-07-07 00:01:21.482(qtp1818449913-23:org.hibernate.type.descriptor.sql.BasicExtractor): extracted value ([sex9_5_] : [VARCHAR]) - [2]
[TRACE] 2017-07-07 00:01:21.482(qtp1818449913-23:org.hibernate.type.descriptor.sql.BasicExtractor): extracted value ([id1_5_] : [INTEGER]) - [411594031]
[TRACE] 2017-07-07 00:01:21.482(qtp1818449913-23:org.hibernate.type.descriptor.sql.BasicExtractor): extracted value ([age2_5_] : [INTEGER]) - [6]
[TRACE] 2017-07-07 00:01:21.482(qtp1818449913-23:org.hibernate.type.descriptor.sql.BasicExtractor): extracted value ([login_na3_5_] : [VARCHAR]) - [6]
[TRACE] 2017-07-07 00:01:21.482(qtp1818449913-23:org.hibernate.type.descriptor.sql.BasicExtractor): extracted value ([nick_nam4_5_] : [VARCHAR]) - [6]
[TRACE] 2017-07-07 00:01:21.483(qtp1818449913-23:org.hibernate.type.descriptor.sql.BasicExtractor): extracted value ([pass_wor5_5_] : [VARCHAR]) - [6]
[TRACE] 2017-07-07 00:01:21.483(qtp1818449913-23:org.hibernate.type.descriptor.sql.BasicExtractor): extracted value ([real_nam6_5_] : [VARCHAR]) - [6]
[TRACE] 2017-07-07 00:01:21.483(qtp1818449913-23:org.hibernate.type.descriptor.sql.BasicExtractor): extracted value ([remarks7_5_] : [VARCHAR]) - [6]
[TRACE] 2017-07-07 00:01:21.483(qtp1818449913-23:org.hibernate.type.descriptor.sql.BasicExtractor): extracted value ([role_id8_5_] : [INTEGER]) - [6]
[TRACE] 2017-07-07 00:01:21.483(qtp1818449913-23:org.hibernate.type.descriptor.sql.BasicExtractor): extracted value ([sex9_5_] : [VARCHAR]) - [6]
[TRACE] 2017-07-07 00:01:21.483(qtp1818449913-23:org.hibernate.type.descriptor.sql.BasicExtractor): extracted value ([id1_5_] : [INTEGER]) - [411610689]
[TRACE] 2017-07-07 00:01:21.483(qtp1818449913-23:org.hibernate.type.descriptor.sql.BasicExtractor): extracted value ([age2_5_] : [INTEGER]) - [8]
[TRACE] 2017-07-07 00:01:21.483(qtp1818449913-23:org.hibernate.type.descriptor.sql.BasicExtractor): extracted value ([login_na3_5_] : [VARCHAR]) - [8]
[TRACE] 2017-07-07 00:01:21.483(qtp1818449913-23:org.hibernate.type.descriptor.sql.BasicExtractor): extracted value ([nick_nam4_5_] : [VARCHAR]) - [8]
[TRACE] 2017-07-07 00:01:21.483(qtp1818449913-23:org.hibernate.type.descriptor.sql.BasicExtractor): extracted value ([pass_wor5_5_] : [VARCHAR]) - [8]
[TRACE] 2017-07-07 00:01:21.483(qtp1818449913-23:org.hibernate.type.descriptor.sql.BasicExtractor): extracted value ([real_nam6_5_] : [VARCHAR]) - [8]
[TRACE] 2017-07-07 00:01:21.483(qtp1818449913-23:org.hibernate.type.descriptor.sql.BasicExtractor): extracted value ([remarks7_5_] : [VARCHAR]) - [8]
[TRACE] 2017-07-07 00:01:21.483(qtp1818449913-23:org.hibernate.type.descriptor.sql.BasicExtractor): extracted value ([role_id8_5_] : [INTEGER]) - [8]
[TRACE] 2017-07-07 00:01:21.483(qtp1818449913-23:org.hibernate.type.descriptor.sql.BasicExtractor): extracted value ([sex9_5_] : [VARCHAR]) - [8]
[TRACE] 2017-07-07 00:01:21.483(qtp1818449913-23:org.hibernate.type.descriptor.sql.BasicExtractor): extracted value ([id1_5_] : [INTEGER]) - [411618165]
[TRACE] 2017-07-07 00:01:21.483(qtp1818449913-23:org.hibernate.type.descriptor.sql.BasicExtractor): extracted value ([age2_5_] : [INTEGER]) - [9]
[TRACE] 2017-07-07 00:01:21.483(qtp1818449913-23:org.hibernate.type.descriptor.sql.BasicExtractor): extracted value ([login_na3_5_] : [VARCHAR]) - [9]
[TRACE] 2017-07-07 00:01:21.483(qtp1818449913-23:org.hibernate.type.descriptor.sql.BasicExtractor): extracted value ([nick_nam4_5_] : [VARCHAR]) - [9]
[TRACE] 2017-07-07 00:01:21.483(qtp1818449913-23:org.hibernate.type.descriptor.sql.BasicExtractor): extracted value ([pass_wor5_5_] : [VARCHAR]) - [9]
[TRACE] 2017-07-07 00:01:21.483(qtp1818449913-23:org.hibernate.type.descriptor.sql.BasicExtractor): extracted value ([real_nam6_5_] : [VARCHAR]) - [9]
[TRACE] 2017-07-07 00:01:21.483(qtp1818449913-23:org.hibernate.type.descriptor.sql.BasicExtractor): extracted value ([remarks7_5_] : [VARCHAR]) - [9]
[TRACE] 2017-07-07 00:01:21.483(qtp1818449913-23:org.hibernate.type.descriptor.sql.BasicExtractor): extracted value ([role_id8_5_] : [INTEGER]) - [9]
[TRACE] 2017-07-07 00:01:21.483(qtp1818449913-23:org.hibernate.type.descriptor.sql.BasicExtractor): extracted value ([sex9_5_] : [VARCHAR]) - [9]
[TRACE] 2017-07-07 00:01:21.483(qtp1818449913-23:org.hibernate.type.descriptor.sql.BasicExtractor): extracted value ([id1_5_] : [INTEGER]) - [412673068]
[TRACE] 2017-07-07 00:01:21.483(qtp1818449913-23:org.hibernate.type.descriptor.sql.BasicExtractor): extracted value ([age2_5_] : [INTEGER]) - [90]
[TRACE] 2017-07-07 00:01:21.483(qtp1818449913-23:org.hibernate.type.descriptor.sql.BasicExtractor): extracted value ([login_na3_5_] : [VARCHAR]) - [op]
[TRACE] 2017-07-07 00:01:21.483(qtp1818449913-23:org.hibernate.type.descriptor.sql.BasicExtractor): extracted value ([nick_nam4_5_] : [VARCHAR]) - [k]
[TRACE] 2017-07-07 00:01:21.483(qtp1818449913-23:org.hibernate.type.descriptor.sql.BasicExtractor): extracted value ([pass_wor5_5_] : [VARCHAR]) - [l90]
[TRACE] 2017-07-07 00:01:21.483(qtp1818449913-23:org.hibernate.type.descriptor.sql.BasicExtractor): extracted value ([real_nam6_5_] : [VARCHAR]) - [kl]
[TRACE] 2017-07-07 00:01:21.483(qtp1818449913-23:org.hibernate.type.descriptor.sql.BasicExtractor): extracted value ([remarks7_5_] : [VARCHAR]) - [kl]
[TRACE] 2017-07-07 00:01:21.483(qtp1818449913-23:org.hibernate.type.descriptor.sql.BasicExtractor): extracted value ([role_id8_5_] : [INTEGER]) - [0]
[TRACE] 2017-07-07 00:01:21.483(qtp1818449913-23:org.hibernate.type.descriptor.sql.BasicExtractor): extracted value ([sex9_5_] : [VARCHAR]) - [n]
[DEBUG] 2017-07-07 00:01:26.592(qtp1818449913-20:org.hibernate.SQL): select user0_.id as id1_5_, user0_.age as age2_5_, user0_.login_name as login_na3_5_, user0_.nick_name as nick_nam4_5_, user0_.pass_word as pass_wor5_5_, user0_.real_name as real_nam6_5_, user0_.remarks as remarks7_5_, user0_.role_id as role_id8_5_, user0_.sex as sex9_5_ from g_user user0_ where 1=1 limit ?
[TRACE] 2017-07-07 00:01:26.593(qtp1818449913-20:org.hibernate.type.descriptor.sql.BasicExtractor): extracted value ([id1_5_] : [INTEGER]) - [1]
[TRACE] 2017-07-07 00:01:26.593(qtp1818449913-20:org.hibernate.type.descriptor.sql.BasicExtractor): extracted value ([age2_5_] : [INTEGER]) - [26]
[TRACE] 2017-07-07 00:01:26.593(qtp1818449913-20:org.hibernate.type.descriptor.sql.BasicExtractor): extracted value ([login_na3_5_] : [VARCHAR]) - [xukaiqiang]
[TRACE] 2017-07-07 00:01:26.593(qtp1818449913-20:org.hibernate.type.descriptor.sql.BasicExtractor): extracted value ([nick_nam4_5_] : [VARCHAR]) - [徐凯强]
[TRACE] 2017-07-07 00:01:26.593(qtp1818449913-20:org.hibernate.type.descriptor.sql.BasicExtractor): extracted value ([pass_wor5_5_] : [VARCHAR]) - [888888]
[TRACE] 2017-07-07 00:01:26.593(qtp1818449913-20:org.hibernate.type.descriptor.sql.BasicExtractor): extracted value ([real_nam6_5_] : [VARCHAR]) - [徐凯强2]
[TRACE] 2017-07-07 00:01:26.593(qtp1818449913-20:org.hibernate.type.descriptor.sql.BasicExtractor): extracted value ([remarks7_5_] : [VARCHAR]) - []
[TRACE] 2017-07-07 00:01:26.593(qtp1818449913-20:org.hibernate.type.descriptor.sql.BasicExtractor): extracted value ([role_id8_5_] : [INTEGER]) - [0]
[TRACE] 2017-07-07 00:01:26.593(qtp1818449913-20:org.hibernate.type.descriptor.sql.BasicExtractor): extracted value ([sex9_5_] : [VARCHAR]) - [男]
[TRACE] 2017-07-07 00:01:26.593(qtp1818449913-20:org.hibernate.type.descriptor.sql.BasicExtractor): extracted value ([id1_5_] : [INTEGER]) - [2]
[TRACE] 2017-07-07 00:01:26.593(qtp1818449913-20:org.hibernate.type.descriptor.sql.BasicExtractor): extracted value ([age2_5_] : [INTEGER]) - [27]
[TRACE] 2017-07-07 00:01:26.593(qtp1818449913-20:org.hibernate.type.descriptor.sql.BasicExtractor): extracted value ([login_na3_5_] : [VARCHAR]) - [maxiaojing]
[TRACE] 2017-07-07 00:01:26.593(qtp1818449913-20:org.hibernate.type.descriptor.sql.BasicExtractor): extracted value ([nick_nam4_5_] : [VARCHAR]) - [马小婧]
[TRACE] 2017-07-07 00:01:26.593(qtp1818449913-20:org.hibernate.type.descriptor.sql.BasicExtractor): extracted value ([pass_wor5_5_] : [VARCHAR]) - [888888]
[TRACE] 2017-07-07 00:01:26.593(qtp1818449913-20:org.hibernate.type.descriptor.sql.BasicExtractor): extracted value ([real_nam6_5_] : [VARCHAR]) - [马小婧]
[TRACE] 2017-07-07 00:01:26.593(qtp1818449913-20:org.hibernate.type.descriptor.sql.BasicExtractor): extracted value ([remarks7_5_] : [VARCHAR]) - []
[TRACE] 2017-07-07 00:01:26.593(qtp1818449913-20:org.hibernate.type.descriptor.sql.BasicExtractor): extracted value ([role_id8_5_] : [INTEGER]) - [0]
[TRACE] 2017-07-07 00:01:26.593(qtp1818449913-20:org.hibernate.type.descriptor.sql.BasicExtractor): extracted value ([sex9_5_] : [VARCHAR]) - [女]
[TRACE] 2017-07-07 00:01:26.593(qtp1818449913-20:org.hibernate.type.descriptor.sql.BasicExtractor): extracted value ([id1_5_] : [INTEGER]) - [411566878]
[TRACE] 2017-07-07 00:01:26.593(qtp1818449913-20:org.hibernate.type.descriptor.sql.BasicExtractor): extracted value ([age2_5_] : [INTEGER]) - [2]
[TRACE] 2017-07-07 00:01:26.593(qtp1818449913-20:org.hibernate.type.descriptor.sql.BasicExtractor): extracted value ([login_na3_5_] : [VARCHAR]) - [23]
[TRACE] 2017-07-07 00:01:26.593(qtp1818449913-20:org.hibernate.type.descriptor.sql.BasicExtractor): extracted value ([nick_nam4_5_] : [VARCHAR]) - [2]
[TRACE] 2017-07-07 00:01:26.593(qtp1818449913-20:org.hibernate.type.descriptor.sql.BasicExtractor): extracted value ([pass_wor5_5_] : [VARCHAR]) - [23]
[TRACE] 2017-07-07 00:01:26.593(qtp1818449913-20:org.hibernate.type.descriptor.sql.BasicExtractor): extracted value ([real_nam6_5_] : [VARCHAR]) - [22]
[TRACE] 2017-07-07 00:01:26.593(qtp1818449913-20:org.hibernate.type.descriptor.sql.BasicExtractor): extracted value ([remarks7_5_] : [VARCHAR]) - [2]
[TRACE] 2017-07-07 00:01:26.593(qtp1818449913-20:org.hibernate.type.descriptor.sql.BasicExtractor): extracted value ([role_id8_5_] : [INTEGER]) - [2]
[TRACE] 2017-07-07 00:01:26.593(qtp1818449913-20:org.hibernate.type.descriptor.sql.BasicExtractor): extracted value ([sex9_5_] : [VARCHAR]) - [2]
[TRACE] 2017-07-07 00:01:26.593(qtp1818449913-20:org.hibernate.type.descriptor.sql.BasicExtractor): extracted value ([id1_5_] : [INTEGER]) - [411594031]
[TRACE] 2017-07-07 00:01:26.594(qtp1818449913-20:org.hibernate.type.descriptor.sql.BasicExtractor): extracted value ([age2_5_] : [INTEGER]) - [6]
[TRACE] 2017-07-07 00:01:26.594(qtp1818449913-20:org.hibernate.type.descriptor.sql.BasicExtractor): extracted value ([login_na3_5_] : [VARCHAR]) - [6]
[TRACE] 2017-07-07 00:01:26.594(qtp1818449913-20:org.hibernate.type.descriptor.sql.BasicExtractor): extracted value ([nick_nam4_5_] : [VARCHAR]) - [6]
[TRACE] 2017-07-07 00:01:26.594(qtp1818449913-20:org.hibernate.type.descriptor.sql.BasicExtractor): extracted value ([pass_wor5_5_] : [VARCHAR]) - [6]
[TRACE] 2017-07-07 00:01:26.594(qtp1818449913-20:org.hibernate.type.descriptor.sql.BasicExtractor): extracted value ([real_nam6_5_] : [VARCHAR]) - [6]
[TRACE] 2017-07-07 00:01:26.594(qtp1818449913-20:org.hibernate.type.descriptor.sql.BasicExtractor): extracted value ([remarks7_5_] : [VARCHAR]) - [6]
[TRACE] 2017-07-07 00:01:26.594(qtp1818449913-20:org.hibernate.type.descriptor.sql.BasicExtractor): extracted value ([role_id8_5_] : [INTEGER]) - [6]
[TRACE] 2017-07-07 00:01:26.594(qtp1818449913-20:org.hibernate.type.descriptor.sql.BasicExtractor): extracted value ([sex9_5_] : [VARCHAR]) - [6]
[TRACE] 2017-07-07 00:01:26.594(qtp1818449913-20:org.hibernate.type.descriptor.sql.BasicExtractor): extracted value ([id1_5_] : [INTEGER]) - [411610689]
[TRACE] 2017-07-07 00:01:26.594(qtp1818449913-20:org.hibernate.type.descriptor.sql.BasicExtractor): extracted value ([age2_5_] : [INTEGER]) - [8]
[TRACE] 2017-07-07 00:01:26.594(qtp1818449913-20:org.hibernate.type.descriptor.sql.BasicExtractor): extracted value ([login_na3_5_] : [VARCHAR]) - [8]
[TRACE] 2017-07-07 00:01:26.594(qtp1818449913-20:org.hibernate.type.descriptor.sql.BasicExtractor): extracted value ([nick_nam4_5_] : [VARCHAR]) - [8]
[TRACE] 2017-07-07 00:01:26.594(qtp1818449913-20:org.hibernate.type.descriptor.sql.BasicExtractor): extracted value ([pass_wor5_5_] : [VARCHAR]) - [8]
[TRACE] 2017-07-07 00:01:26.594(qtp1818449913-20:org.hibernate.type.descriptor.sql.BasicExtractor): extracted value ([real_nam6_5_] : [VARCHAR]) - [8]
[TRACE] 2017-07-07 00:01:26.594(qtp1818449913-20:org.hibernate.type.descriptor.sql.BasicExtractor): extracted value ([remarks7_5_] : [VARCHAR]) - [8]
[TRACE] 2017-07-07 00:01:26.594(qtp1818449913-20:org.hibernate.type.descriptor.sql.BasicExtractor): extracted value ([role_id8_5_] : [INTEGER]) - [8]
[TRACE] 2017-07-07 00:01:26.594(qtp1818449913-20:org.hibernate.type.descriptor.sql.BasicExtractor): extracted value ([sex9_5_] : [VARCHAR]) - [8]
[TRACE] 2017-07-07 00:01:26.594(qtp1818449913-20:org.hibernate.type.descriptor.sql.BasicExtractor): extracted value ([id1_5_] : [INTEGER]) - [411618165]
[TRACE] 2017-07-07 00:01:26.594(qtp1818449913-20:org.hibernate.type.descriptor.sql.BasicExtractor): extracted value ([age2_5_] : [INTEGER]) - [9]
[TRACE] 2017-07-07 00:01:26.594(qtp1818449913-20:org.hibernate.type.descriptor.sql.BasicExtractor): extracted value ([login_na3_5_] : [VARCHAR]) - [9]
[TRACE] 2017-07-07 00:01:26.594(qtp1818449913-20:org.hibernate.type.descriptor.sql.BasicExtractor): extracted value ([nick_nam4_5_] : [VARCHAR]) - [9]
[TRACE] 2017-07-07 00:01:26.594(qtp1818449913-20:org.hibernate.type.descriptor.sql.BasicExtractor): extracted value ([pass_wor5_5_] : [VARCHAR]) - [9]
[TRACE] 2017-07-07 00:01:26.594(qtp1818449913-20:org.hibernate.type.descriptor.sql.BasicExtractor): extracted value ([real_nam6_5_] : [VARCHAR]) - [9]
[TRACE] 2017-07-07 00:01:26.594(qtp1818449913-20:org.hibernate.type.descriptor.sql.BasicExtractor): extracted value ([remarks7_5_] : [VARCHAR]) - [9]
[TRACE] 2017-07-07 00:01:26.594(qtp1818449913-20:org.hibernate.type.descriptor.sql.BasicExtractor): extracted value ([role_id8_5_] : [INTEGER]) - [9]
[TRACE] 2017-07-07 00:01:26.594(qtp1818449913-20:org.hibernate.type.descriptor.sql.BasicExtractor): extracted value ([sex9_5_] : [VARCHAR]) - [9]
[TRACE] 2017-07-07 00:01:26.594(qtp1818449913-20:org.hibernate.type.descriptor.sql.BasicExtractor): extracted value ([id1_5_] : [INTEGER]) - [412673068]
[TRACE] 2017-07-07 00:01:26.594(qtp1818449913-20:org.hibernate.type.descriptor.sql.BasicExtractor): extracted value ([age2_5_] : [INTEGER]) - [90]
[TRACE] 2017-07-07 00:01:26.594(qtp1818449913-20:org.hibernate.type.descriptor.sql.BasicExtractor): extracted value ([login_na3_5_] : [VARCHAR]) - [op]
[TRACE] 2017-07-07 00:01:26.594(qtp1818449913-20:org.hibernate.type.descriptor.sql.BasicExtractor): extracted value ([nick_nam4_5_] : [VARCHAR]) - [k]
[TRACE] 2017-07-07 00:01:26.594(qtp1818449913-20:org.hibernate.type.descriptor.sql.BasicExtractor): extracted value ([pass_wor5_5_] : [VARCHAR]) - [l90]
[TRACE] 2017-07-07 00:01:26.594(qtp1818449913-20:org.hibernate.type.descriptor.sql.BasicExtractor): extracted value ([real_nam6_5_] : [VARCHAR]) - [kl]
[TRACE] 2017-07-07 00:01:26.594(qtp1818449913-20:org.hibernate.type.descriptor.sql.BasicExtractor): extracted value ([remarks7_5_] : [VARCHAR]) - [kl]
[TRACE] 2017-07-07 00:01:26.594(qtp1818449913-20:org.hibernate.type.descriptor.sql.BasicExtractor): extracted value ([role_id8_5_] : [INTEGER]) - [0]
[TRACE] 2017-07-07 00:01:26.594(qtp1818449913-20:org.hibernate.type.descriptor.sql.BasicExtractor): extracted value ([sex9_5_] : [VARCHAR]) - [n]
[DEBUG] 2017-07-07 00:01:30.394(qtp1818449913-17:org.hibernate.SQL): select user0_.id as id1_5_, user0_.age as age2_5_, user0_.login_name as login_na3_5_, user0_.nick_name as nick_nam4_5_, user0_.pass_word as pass_wor5_5_, user0_.real_name as real_nam6_5_, user0_.remarks as remarks7_5_, user0_.role_id as role_id8_5_, user0_.sex as sex9_5_ from g_user user0_ where 1=1 limit ?
[TRACE] 2017-07-07 00:01:30.395(qtp1818449913-17:org.hibernate.type.descriptor.sql.BasicExtractor): extracted value ([id1_5_] : [INTEGER]) - [1]
[TRACE] 2017-07-07 00:01:30.395(qtp1818449913-17:org.hibernate.type.descriptor.sql.BasicExtractor): extracted value ([age2_5_] : [INTEGER]) - [26]
[TRACE] 2017-07-07 00:01:30.395(qtp1818449913-17:org.hibernate.type.descriptor.sql.BasicExtractor): extracted value ([login_na3_5_] : [VARCHAR]) - [xukaiqiang]
[TRACE] 2017-07-07 00:01:30.395(qtp1818449913-17:org.hibernate.type.descriptor.sql.BasicExtractor): extracted value ([nick_nam4_5_] : [VARCHAR]) - [徐凯强]
[TRACE] 2017-07-07 00:01:30.395(qtp1818449913-17:org.hibernate.type.descriptor.sql.BasicExtractor): extracted value ([pass_wor5_5_] : [VARCHAR]) - [888888]
[TRACE] 2017-07-07 00:01:30.395(qtp1818449913-17:org.hibernate.type.descriptor.sql.BasicExtractor): extracted value ([real_nam6_5_] : [VARCHAR]) - [徐凯强2]
[TRACE] 2017-07-07 00:01:30.395(qtp1818449913-17:org.hibernate.type.descriptor.sql.BasicExtractor): extracted value ([remarks7_5_] : [VARCHAR]) - []
[TRACE] 2017-07-07 00:01:30.395(qtp1818449913-17:org.hibernate.type.descriptor.sql.BasicExtractor): extracted value ([role_id8_5_] : [INTEGER]) - [0]
[TRACE] 2017-07-07 00:01:30.395(qtp1818449913-17:org.hibernate.type.descriptor.sql.BasicExtractor): extracted value ([sex9_5_] : [VARCHAR]) - [男]
[TRACE] 2017-07-07 00:01:30.395(qtp1818449913-17:org.hibernate.type.descriptor.sql.BasicExtractor): extracted value ([id1_5_] : [INTEGER]) - [2]
[TRACE] 2017-07-07 00:01:30.395(qtp1818449913-17:org.hibernate.type.descriptor.sql.BasicExtractor): extracted value ([age2_5_] : [INTEGER]) - [27]
[TRACE] 2017-07-07 00:01:30.395(qtp1818449913-17:org.hibernate.type.descriptor.sql.BasicExtractor): extracted value ([login_na3_5_] : [VARCHAR]) - [maxiaojing]
[TRACE] 2017-07-07 00:01:30.395(qtp1818449913-17:org.hibernate.type.descriptor.sql.BasicExtractor): extracted value ([nick_nam4_5_] : [VARCHAR]) - [马小婧]
[TRACE] 2017-07-07 00:01:30.395(qtp1818449913-17:org.hibernate.type.descriptor.sql.BasicExtractor): extracted value ([pass_wor5_5_] : [VARCHAR]) - [888888]
[TRACE] 2017-07-07 00:01:30.395(qtp1818449913-17:org.hibernate.type.descriptor.sql.BasicExtractor): extracted value ([real_nam6_5_] : [VARCHAR]) - [马小婧]
[TRACE] 2017-07-07 00:01:30.395(qtp1818449913-17:org.hibernate.type.descriptor.sql.BasicExtractor): extracted value ([remarks7_5_] : [VARCHAR]) - []
[TRACE] 2017-07-07 00:01:30.395(qtp1818449913-17:org.hibernate.type.descriptor.sql.BasicExtractor): extracted value ([role_id8_5_] : [INTEGER]) - [0]
[TRACE] 2017-07-07 00:01:30.395(qtp1818449913-17:org.hibernate.type.descriptor.sql.BasicExtractor): extracted value ([sex9_5_] : [VARCHAR]) - [女]
[TRACE] 2017-07-07 00:01:30.395(qtp1818449913-17:org.hibernate.type.descriptor.sql.BasicExtractor): extracted value ([id1_5_] : [INTEGER]) - [411566878]
[TRACE] 2017-07-07 00:01:30.395(qtp1818449913-17:org.hibernate.type.descriptor.sql.BasicExtractor): extracted value ([age2_5_] : [INTEGER]) - [2]
[TRACE] 2017-07-07 00:01:30.395(qtp1818449913-17:org.hibernate.type.descriptor.sql.BasicExtractor): extracted value ([login_na3_5_] : [VARCHAR]) - [23]
[TRACE] 2017-07-07 00:01:30.395(qtp1818449913-17:org.hibernate.type.descriptor.sql.BasicExtractor): extracted value ([nick_nam4_5_] : [VARCHAR]) - [2]
[TRACE] 2017-07-07 00:01:30.395(qtp1818449913-17:org.hibernate.type.descriptor.sql.BasicExtractor): extracted value ([pass_wor5_5_] : [VARCHAR]) - [23]
[TRACE] 2017-07-07 00:01:30.395(qtp1818449913-17:org.hibernate.type.descriptor.sql.BasicExtractor): extracted value ([real_nam6_5_] : [VARCHAR]) - [22]
[TRACE] 2017-07-07 00:01:30.395(qtp1818449913-17:org.hibernate.type.descriptor.sql.BasicExtractor): extracted value ([remarks7_5_] : [VARCHAR]) - [2]
[TRACE] 2017-07-07 00:01:30.395(qtp1818449913-17:org.hibernate.type.descriptor.sql.BasicExtractor): extracted value ([role_id8_5_] : [INTEGER]) - [2]
[TRACE] 2017-07-07 00:01:30.395(qtp1818449913-17:org.hibernate.type.descriptor.sql.BasicExtractor): extracted value ([sex9_5_] : [VARCHAR]) - [2]
[TRACE] 2017-07-07 00:01:30.395(qtp1818449913-17:org.hibernate.type.descriptor.sql.BasicExtractor): extracted value ([id1_5_] : [INTEGER]) - [411594031]
[TRACE] 2017-07-07 00:01:30.395(qtp1818449913-17:org.hibernate.type.descriptor.sql.BasicExtractor): extracted value ([age2_5_] : [INTEGER]) - [6]
[TRACE] 2017-07-07 00:01:30.395(qtp1818449913-17:org.hibernate.type.descriptor.sql.BasicExtractor): extracted value ([login_na3_5_] : [VARCHAR]) - [6]
[TRACE] 2017-07-07 00:01:30.395(qtp1818449913-17:org.hibernate.type.descriptor.sql.BasicExtractor): extracted value ([nick_nam4_5_] : [VARCHAR]) - [6]
[TRACE] 2017-07-07 00:01:30.395(qtp1818449913-17:org.hibernate.type.descriptor.sql.BasicExtractor): extracted value ([pass_wor5_5_] : [VARCHAR]) - [6]
[TRACE] 2017-07-07 00:01:30.395(qtp1818449913-17:org.hibernate.type.descriptor.sql.BasicExtractor): extracted value ([real_nam6_5_] : [VARCHAR]) - [6]
[TRACE] 2017-07-07 00:01:30.395(qtp1818449913-17:org.hibernate.type.descriptor.sql.BasicExtractor): extracted value ([remarks7_5_] : [VARCHAR]) - [6]
[TRACE] 2017-07-07 00:01:30.395(qtp1818449913-17:org.hibernate.type.descriptor.sql.BasicExtractor): extracted value ([role_id8_5_] : [INTEGER]) - [6]
[TRACE] 2017-07-07 00:01:30.395(qtp1818449913-17:org.hibernate.type.descriptor.sql.BasicExtractor): extracted value ([sex9_5_] : [VARCHAR]) - [6]
[TRACE] 2017-07-07 00:01:30.395(qtp1818449913-17:org.hibernate.type.descriptor.sql.BasicExtractor): extracted value ([id1_5_] : [INTEGER]) - [411610689]
[TRACE] 2017-07-07 00:01:30.395(qtp1818449913-17:org.hibernate.type.descriptor.sql.BasicExtractor): extracted value ([age2_5_] : [INTEGER]) - [8]
[TRACE] 2017-07-07 00:01:30.395(qtp1818449913-17:org.hibernate.type.descriptor.sql.BasicExtractor): extracted value ([login_na3_5_] : [VARCHAR]) - [8]
[TRACE] 2017-07-07 00:01:30.395(qtp1818449913-17:org.hibernate.type.descriptor.sql.BasicExtractor): extracted value ([nick_nam4_5_] : [VARCHAR]) - [8]
[TRACE] 2017-07-07 00:01:30.395(qtp1818449913-17:org.hibernate.type.descriptor.sql.BasicExtractor): extracted value ([pass_wor5_5_] : [VARCHAR]) - [8]
[TRACE] 2017-07-07 00:01:30.395(qtp1818449913-17:org.hibernate.type.descriptor.sql.BasicExtractor): extracted value ([real_nam6_5_] : [VARCHAR]) - [8]
[TRACE] 2017-07-07 00:01:30.395(qtp1818449913-17:org.hibernate.type.descriptor.sql.BasicExtractor): extracted value ([remarks7_5_] : [VARCHAR]) - [8]
[TRACE] 2017-07-07 00:01:30.395(qtp1818449913-17:org.hibernate.type.descriptor.sql.BasicExtractor): extracted value ([role_id8_5_] : [INTEGER]) - [8]
[TRACE] 2017-07-07 00:01:30.395(qtp1818449913-17:org.hibernate.type.descriptor.sql.BasicExtractor): extracted value ([sex9_5_] : [VARCHAR]) - [8]
[TRACE] 2017-07-07 00:01:30.395(qtp1818449913-17:org.hibernate.type.descriptor.sql.BasicExtractor): extracted value ([id1_5_] : [INTEGER]) - [411618165]
[TRACE] 2017-07-07 00:01:30.395(qtp1818449913-17:org.hibernate.type.descriptor.sql.BasicExtractor): extracted value ([age2_5_] : [INTEGER]) - [9]
[TRACE] 2017-07-07 00:01:30.395(qtp1818449913-17:org.hibernate.type.descriptor.sql.BasicExtractor): extracted value ([login_na3_5_] : [VARCHAR]) - [9]
[TRACE] 2017-07-07 00:01:30.395(qtp1818449913-17:org.hibernate.type.descriptor.sql.BasicExtractor): extracted value ([nick_nam4_5_] : [VARCHAR]) - [9]
[TRACE] 2017-07-07 00:01:30.395(qtp1818449913-17:org.hibernate.type.descriptor.sql.BasicExtractor): extracted value ([pass_wor5_5_] : [VARCHAR]) - [9]
[TRACE] 2017-07-07 00:01:30.395(qtp1818449913-17:org.hibernate.type.descriptor.sql.BasicExtractor): extracted value ([real_nam6_5_] : [VARCHAR]) - [9]
[TRACE] 2017-07-07 00:01:30.395(qtp1818449913-17:org.hibernate.type.descriptor.sql.BasicExtractor): extracted value ([remarks7_5_] : [VARCHAR]) - [9]
[TRACE] 2017-07-07 00:01:30.395(qtp1818449913-17:org.hibernate.type.descriptor.sql.BasicExtractor): extracted value ([role_id8_5_] : [INTEGER]) - [9]
[TRACE] 2017-07-07 00:01:30.395(qtp1818449913-17:org.hibernate.type.descriptor.sql.BasicExtractor): extracted value ([sex9_5_] : [VARCHAR]) - [9]
[TRACE] 2017-07-07 00:01:30.396(qtp1818449913-17:org.hibernate.type.descriptor.sql.BasicExtractor): extracted value ([id1_5_] : [INTEGER]) - [412673068]
[TRACE] 2017-07-07 00:01:30.396(qtp1818449913-17:org.hibernate.type.descriptor.sql.BasicExtractor): extracted value ([age2_5_] : [INTEGER]) - [90]
[TRACE] 2017-07-07 00:01:30.396(qtp1818449913-17:org.hibernate.type.descriptor.sql.BasicExtractor): extracted value ([login_na3_5_] : [VARCHAR]) - [op]
[TRACE] 2017-07-07 00:01:30.396(qtp1818449913-17:org.hibernate.type.descriptor.sql.BasicExtractor): extracted value ([nick_nam4_5_] : [VARCHAR]) - [k]
[TRACE] 2017-07-07 00:01:30.396(qtp1818449913-17:org.hibernate.type.descriptor.sql.BasicExtractor): extracted value ([pass_wor5_5_] : [VARCHAR]) - [l90]
[TRACE] 2017-07-07 00:01:30.396(qtp1818449913-17:org.hibernate.type.descriptor.sql.BasicExtractor): extracted value ([real_nam6_5_] : [VARCHAR]) - [kl]
[TRACE] 2017-07-07 00:01:30.396(qtp1818449913-17:org.hibernate.type.descriptor.sql.BasicExtractor): extracted value ([remarks7_5_] : [VARCHAR]) - [kl]
[TRACE] 2017-07-07 00:01:30.396(qtp1818449913-17:org.hibernate.type.descriptor.sql.BasicExtractor): extracted value ([role_id8_5_] : [INTEGER]) - [0]
[TRACE] 2017-07-07 00:01:30.396(qtp1818449913-17:org.hibernate.type.descriptor.sql.BasicExtractor): extracted value ([sex9_5_] : [VARCHAR]) - [n]
[DEBUG] 2017-07-07 00:01:30.640(qtp1818449913-23:org.hibernate.SQL): select user0_.id as id1_5_, user0_.age as age2_5_, user0_.login_name as login_na3_5_, user0_.nick_name as nick_nam4_5_, user0_.pass_word as pass_wor5_5_, user0_.real_name as real_nam6_5_, user0_.remarks as remarks7_5_, user0_.role_id as role_id8_5_, user0_.sex as sex9_5_ from g_user user0_ where 1=1 limit ?
[TRACE] 2017-07-07 00:01:30.640(qtp1818449913-23:org.hibernate.type.descriptor.sql.BasicExtractor): extracted value ([id1_5_] : [INTEGER]) - [1]
[TRACE] 2017-07-07 00:01:30.640(qtp1818449913-23:org.hibernate.type.descriptor.sql.BasicExtractor): extracted value ([age2_5_] : [INTEGER]) - [26]
[TRACE] 2017-07-07 00:01:30.640(qtp1818449913-23:org.hibernate.type.descriptor.sql.BasicExtractor): extracted value ([login_na3_5_] : [VARCHAR]) - [xukaiqiang]
[TRACE] 2017-07-07 00:01:30.640(qtp1818449913-23:org.hibernate.type.descriptor.sql.BasicExtractor): extracted value ([nick_nam4_5_] : [VARCHAR]) - [徐凯强]
[TRACE] 2017-07-07 00:01:30.640(qtp1818449913-23:org.hibernate.type.descriptor.sql.BasicExtractor): extracted value ([pass_wor5_5_] : [VARCHAR]) - [888888]
[TRACE] 2017-07-07 00:01:30.640(qtp1818449913-23:org.hibernate.type.descriptor.sql.BasicExtractor): extracted value ([real_nam6_5_] : [VARCHAR]) - [徐凯强2]
[TRACE] 2017-07-07 00:01:30.640(qtp1818449913-23:org.hibernate.type.descriptor.sql.BasicExtractor): extracted value ([remarks7_5_] : [VARCHAR]) - []
[TRACE] 2017-07-07 00:01:30.640(qtp1818449913-23:org.hibernate.type.descriptor.sql.BasicExtractor): extracted value ([role_id8_5_] : [INTEGER]) - [0]
[TRACE] 2017-07-07 00:01:30.640(qtp1818449913-23:org.hibernate.type.descriptor.sql.BasicExtractor): extracted value ([sex9_5_] : [VARCHAR]) - [男]
[TRACE] 2017-07-07 00:01:30.640(qtp1818449913-23:org.hibernate.type.descriptor.sql.BasicExtractor): extracted value ([id1_5_] : [INTEGER]) - [2]
[TRACE] 2017-07-07 00:01:30.640(qtp1818449913-23:org.hibernate.type.descriptor.sql.BasicExtractor): extracted value ([age2_5_] : [INTEGER]) - [27]
[TRACE] 2017-07-07 00:01:30.640(qtp1818449913-23:org.hibernate.type.descriptor.sql.BasicExtractor): extracted value ([login_na3_5_] : [VARCHAR]) - [maxiaojing]
[TRACE] 2017-07-07 00:01:30.640(qtp1818449913-23:org.hibernate.type.descriptor.sql.BasicExtractor): extracted value ([nick_nam4_5_] : [VARCHAR]) - [马小婧]
[TRACE] 2017-07-07 00:01:30.640(qtp1818449913-23:org.hibernate.type.descriptor.sql.BasicExtractor): extracted value ([pass_wor5_5_] : [VARCHAR]) - [888888]
[TRACE] 2017-07-07 00:01:30.640(qtp1818449913-23:org.hibernate.type.descriptor.sql.BasicExtractor): extracted value ([real_nam6_5_] : [VARCHAR]) - [马小婧]
[TRACE] 2017-07-07 00:01:30.640(qtp1818449913-23:org.hibernate.type.descriptor.sql.BasicExtractor): extracted value ([remarks7_5_] : [VARCHAR]) - []
[TRACE] 2017-07-07 00:01:30.640(qtp1818449913-23:org.hibernate.type.descriptor.sql.BasicExtractor): extracted value ([role_id8_5_] : [INTEGER]) - [0]
[TRACE] 2017-07-07 00:01:30.640(qtp1818449913-23:org.hibernate.type.descriptor.sql.BasicExtractor): extracted value ([sex9_5_] : [VARCHAR]) - [女]
[TRACE] 2017-07-07 00:01:30.640(qtp1818449913-23:org.hibernate.type.descriptor.sql.BasicExtractor): extracted value ([id1_5_] : [INTEGER]) - [411566878]
[TRACE] 2017-07-07 00:01:30.640(qtp1818449913-23:org.hibernate.type.descriptor.sql.BasicExtractor): extracted value ([age2_5_] : [INTEGER]) - [2]
[TRACE] 2017-07-07 00:01:30.640(qtp1818449913-23:org.hibernate.type.descriptor.sql.BasicExtractor): extracted value ([login_na3_5_] : [VARCHAR]) - [23]
[TRACE] 2017-07-07 00:01:30.640(qtp1818449913-23:org.hibernate.type.descriptor.sql.BasicExtractor): extracted value ([nick_nam4_5_] : [VARCHAR]) - [2]
[TRACE] 2017-07-07 00:01:30.640(qtp1818449913-23:org.hibernate.type.descriptor.sql.BasicExtractor): extracted value ([pass_wor5_5_] : [VARCHAR]) - [23]
[TRACE] 2017-07-07 00:01:30.640(qtp1818449913-23:org.hibernate.type.descriptor.sql.BasicExtractor): extracted value ([real_nam6_5_] : [VARCHAR]) - [22]
[TRACE] 2017-07-07 00:01:30.640(qtp1818449913-23:org.hibernate.type.descriptor.sql.BasicExtractor): extracted value ([remarks7_5_] : [VARCHAR]) - [2]
[TRACE] 2017-07-07 00:01:30.640(qtp1818449913-23:org.hibernate.type.descriptor.sql.BasicExtractor): extracted value ([role_id8_5_] : [INTEGER]) - [2]
[TRACE] 2017-07-07 00:01:30.641(qtp1818449913-23:org.hibernate.type.descriptor.sql.BasicExtractor): extracted value ([sex9_5_] : [VARCHAR]) - [2]
[TRACE] 2017-07-07 00:01:30.641(qtp1818449913-23:org.hibernate.type.descriptor.sql.BasicExtractor): extracted value ([id1_5_] : [INTEGER]) - [411594031]
[TRACE] 2017-07-07 00:01:30.641(qtp1818449913-23:org.hibernate.type.descriptor.sql.BasicExtractor): extracted value ([age2_5_] : [INTEGER]) - [6]
[TRACE] 2017-07-07 00:01:30.641(qtp1818449913-23:org.hibernate.type.descriptor.sql.BasicExtractor): extracted value ([login_na3_5_] : [VARCHAR]) - [6]
[TRACE] 2017-07-07 00:01:30.641(qtp1818449913-23:org.hibernate.type.descriptor.sql.BasicExtractor): extracted value ([nick_nam4_5_] : [VARCHAR]) - [6]
[TRACE] 2017-07-07 00:01:30.641(qtp1818449913-23:org.hibernate.type.descriptor.sql.BasicExtractor): extracted value ([pass_wor5_5_] : [VARCHAR]) - [6]
[TRACE] 2017-07-07 00:01:30.641(qtp1818449913-23:org.hibernate.type.descriptor.sql.BasicExtractor): extracted value ([real_nam6_5_] : [VARCHAR]) - [6]
[TRACE] 2017-07-07 00:01:30.641(qtp1818449913-23:org.hibernate.type.descriptor.sql.BasicExtractor): extracted value ([remarks7_5_] : [VARCHAR]) - [6]
[TRACE] 2017-07-07 00:01:30.641(qtp1818449913-23:org.hibernate.type.descriptor.sql.BasicExtractor): extracted value ([role_id8_5_] : [INTEGER]) - [6]
[TRACE] 2017-07-07 00:01:30.641(qtp1818449913-23:org.hibernate.type.descriptor.sql.BasicExtractor): extracted value ([sex9_5_] : [VARCHAR]) - [6]
[TRACE] 2017-07-07 00:01:30.641(qtp1818449913-23:org.hibernate.type.descriptor.sql.BasicExtractor): extracted value ([id1_5_] : [INTEGER]) - [411610689]
[TRACE] 2017-07-07 00:01:30.641(qtp1818449913-23:org.hibernate.type.descriptor.sql.BasicExtractor): extracted value ([age2_5_] : [INTEGER]) - [8]
[TRACE] 2017-07-07 00:01:30.641(qtp1818449913-23:org.hibernate.type.descriptor.sql.BasicExtractor): extracted value ([login_na3_5_] : [VARCHAR]) - [8]
[TRACE] 2017-07-07 00:01:30.641(qtp1818449913-23:org.hibernate.type.descriptor.sql.BasicExtractor): extracted value ([nick_nam4_5_] : [VARCHAR]) - [8]
[TRACE] 2017-07-07 00:01:30.641(qtp1818449913-23:org.hibernate.type.descriptor.sql.BasicExtractor): extracted value ([pass_wor5_5_] : [VARCHAR]) - [8]
[TRACE] 2017-07-07 00:01:30.641(qtp1818449913-23:org.hibernate.type.descriptor.sql.BasicExtractor): extracted value ([real_nam6_5_] : [VARCHAR]) - [8]
[TRACE] 2017-07-07 00:01:30.641(qtp1818449913-23:org.hibernate.type.descriptor.sql.BasicExtractor): extracted value ([remarks7_5_] : [VARCHAR]) - [8]
[TRACE] 2017-07-07 00:01:30.641(qtp1818449913-23:org.hibernate.type.descriptor.sql.BasicExtractor): extracted value ([role_id8_5_] : [INTEGER]) - [8]
[TRACE] 2017-07-07 00:01:30.641(qtp1818449913-23:org.hibernate.type.descriptor.sql.BasicExtractor): extracted value ([sex9_5_] : [VARCHAR]) - [8]
[TRACE] 2017-07-07 00:01:30.641(qtp1818449913-23:org.hibernate.type.descriptor.sql.BasicExtractor): extracted value ([id1_5_] : [INTEGER]) - [411618165]
[TRACE] 2017-07-07 00:01:30.641(qtp1818449913-23:org.hibernate.type.descriptor.sql.BasicExtractor): extracted value ([age2_5_] : [INTEGER]) - [9]
[TRACE] 2017-07-07 00:01:30.641(qtp1818449913-23:org.hibernate.type.descriptor.sql.BasicExtractor): extracted value ([login_na3_5_] : [VARCHAR]) - [9]
[TRACE] 2017-07-07 00:01:30.641(qtp1818449913-23:org.hibernate.type.descriptor.sql.BasicExtractor): extracted value ([nick_nam4_5_] : [VARCHAR]) - [9]
[TRACE] 2017-07-07 00:01:30.641(qtp1818449913-23:org.hibernate.type.descriptor.sql.BasicExtractor): extracted value ([pass_wor5_5_] : [VARCHAR]) - [9]
[TRACE] 2017-07-07 00:01:30.641(qtp1818449913-23:org.hibernate.type.descriptor.sql.BasicExtractor): extracted value ([real_nam6_5_] : [VARCHAR]) - [9]
[TRACE] 2017-07-07 00:01:30.641(qtp1818449913-23:org.hibernate.type.descriptor.sql.BasicExtractor): extracted value ([remarks7_5_] : [VARCHAR]) - [9]
[TRACE] 2017-07-07 00:01:30.641(qtp1818449913-23:org.hibernate.type.descriptor.sql.BasicExtractor): extracted value ([role_id8_5_] : [INTEGER]) - [9]
[TRACE] 2017-07-07 00:01:30.641(qtp1818449913-23:org.hibernate.type.descriptor.sql.BasicExtractor): extracted value ([sex9_5_] : [VARCHAR]) - [9]
[TRACE] 2017-07-07 00:01:30.641(qtp1818449913-23:org.hibernate.type.descriptor.sql.BasicExtractor): extracted value ([id1_5_] : [INTEGER]) - [412673068]
[TRACE] 2017-07-07 00:01:30.641(qtp1818449913-23:org.hibernate.type.descriptor.sql.BasicExtractor): extracted value ([age2_5_] : [INTEGER]) - [90]
[TRACE] 2017-07-07 00:01:30.641(qtp1818449913-23:org.hibernate.type.descriptor.sql.BasicExtractor): extracted value ([login_na3_5_] : [VARCHAR]) - [op]
[TRACE] 2017-07-07 00:01:30.641(qtp1818449913-23:org.hibernate.type.descriptor.sql.BasicExtractor): extracted value ([nick_nam4_5_] : [VARCHAR]) - [k]
[TRACE] 2017-07-07 00:01:30.641(qtp1818449913-23:org.hibernate.type.descriptor.sql.BasicExtractor): extracted value ([pass_wor5_5_] : [VARCHAR]) - [l90]
[TRACE] 2017-07-07 00:01:30.641(qtp1818449913-23:org.hibernate.type.descriptor.sql.BasicExtractor): extracted value ([real_nam6_5_] : [VARCHAR]) - [kl]
[TRACE] 2017-07-07 00:01:30.641(qtp1818449913-23:org.hibernate.type.descriptor.sql.BasicExtractor): extracted value ([remarks7_5_] : [VARCHAR]) - [kl]
[TRACE] 2017-07-07 00:01:30.641(qtp1818449913-23:org.hibernate.type.descriptor.sql.BasicExtractor): extracted value ([role_id8_5_] : [INTEGER]) - [0]
[TRACE] 2017-07-07 00:01:30.641(qtp1818449913-23:org.hibernate.type.descriptor.sql.BasicExtractor): extracted value ([sex9_5_] : [VARCHAR]) - [n]
[DEBUG] 2017-07-07 00:01:43.667(qtp1818449913-20:org.hibernate.SQL): select user0_.id as id1_5_0_, user0_.age as age2_5_0_, user0_.login_name as login_na3_5_0_, user0_.nick_name as nick_nam4_5_0_, user0_.pass_word as pass_wor5_5_0_, user0_.real_name as real_nam6_5_0_, user0_.remarks as remarks7_5_0_, user0_.role_id as role_id8_5_0_, user0_.sex as sex9_5_0_ from g_user user0_ where user0_.id=?
[TRACE] 2017-07-07 00:01:43.667(qtp1818449913-20:org.hibernate.type.descriptor.sql.BasicBinder): binding parameter [1] as [INTEGER] - [411610689]
[TRACE] 2017-07-07 00:01:43.667(qtp1818449913-20:org.hibernate.type.descriptor.sql.BasicExtractor): extracted value ([age2_5_0_] : [INTEGER]) - [8]
[TRACE] 2017-07-07 00:01:43.667(qtp1818449913-20:org.hibernate.type.descriptor.sql.BasicExtractor): extracted value ([login_na3_5_0_] : [VARCHAR]) - [8]
[TRACE] 2017-07-07 00:01:43.667(qtp1818449913-20:org.hibernate.type.descriptor.sql.BasicExtractor): extracted value ([nick_nam4_5_0_] : [VARCHAR]) - [8]
[TRACE] 2017-07-07 00:01:43.667(qtp1818449913-20:org.hibernate.type.descriptor.sql.BasicExtractor): extracted value ([pass_wor5_5_0_] : [VARCHAR]) - [8]
[TRACE] 2017-07-07 00:01:43.667(qtp1818449913-20:org.hibernate.type.descriptor.sql.BasicExtractor): extracted value ([real_nam6_5_0_] : [VARCHAR]) - [8]
[TRACE] 2017-07-07 00:01:43.667(qtp1818449913-20:org.hibernate.type.descriptor.sql.BasicExtractor): extracted value ([remarks7_5_0_] : [VARCHAR]) - [8]
[TRACE] 2017-07-07 00:01:43.667(qtp1818449913-20:org.hibernate.type.descriptor.sql.BasicExtractor): extracted value ([role_id8_5_0_] : [INTEGER]) - [8]
[TRACE] 2017-07-07 00:01:43.667(qtp1818449913-20:org.hibernate.type.descriptor.sql.BasicExtractor): extracted value ([sex9_5_0_] : [VARCHAR]) - [8]
[DEBUG] 2017-07-07 00:02:01.999(qtp1818449913-17:org.hibernate.SQL): select user0_.id as id1_5_0_, user0_.age as age2_5_0_, user0_.login_name as login_na3_5_0_, user0_.nick_name as nick_nam4_5_0_, user0_.pass_word as pass_wor5_5_0_, user0_.real_name as real_nam6_5_0_, user0_.remarks as remarks7_5_0_, user0_.role_id as role_id8_5_0_, user0_.sex as sex9_5_0_ from g_user user0_ where user0_.id=?
[TRACE] 2017-07-07 00:02:01.999(qtp1818449913-17:org.hibernate.type.descriptor.sql.BasicBinder): binding parameter [1] as [INTEGER] - [411610689]
[TRACE] 2017-07-07 00:02:01.999(qtp1818449913-17:org.hibernate.type.descriptor.sql.BasicExtractor): extracted value ([age2_5_0_] : [INTEGER]) - [8]
[TRACE] 2017-07-07 00:02:01.999(qtp1818449913-17:org.hibernate.type.descriptor.sql.BasicExtractor): extracted value ([login_na3_5_0_] : [VARCHAR]) - [8]
[TRACE] 2017-07-07 00:02:01.999(qtp1818449913-17:org.hibernate.type.descriptor.sql.BasicExtractor): extracted value ([nick_nam4_5_0_] : [VARCHAR]) - [8]
[TRACE] 2017-07-07 00:02:01.999(qtp1818449913-17:org.hibernate.type.descriptor.sql.BasicExtractor): extracted value ([pass_wor5_5_0_] : [VARCHAR]) - [8]
[TRACE] 2017-07-07 00:02:01.999(qtp1818449913-17:org.hibernate.type.descriptor.sql.BasicExtractor): extracted value ([real_nam6_5_0_] : [VARCHAR]) - [8]
[TRACE] 2017-07-07 00:02:01.999(qtp1818449913-17:org.hibernate.type.descriptor.sql.BasicExtractor): extracted value ([remarks7_5_0_] : [VARCHAR]) - [8]
[TRACE] 2017-07-07 00:02:01.999(qtp1818449913-17:org.hibernate.type.descriptor.sql.BasicExtractor): extracted value ([role_id8_5_0_] : [INTEGER]) - [8]
[TRACE] 2017-07-07 00:02:01.999(qtp1818449913-17:org.hibernate.type.descriptor.sql.BasicExtractor): extracted value ([sex9_5_0_] : [VARCHAR]) - [8]
[DEBUG] 2017-07-07 00:02:02.004(qtp1818449913-17:org.hibernate.SQL): update g_user set age=?, login_name=?, nick_name=?, pass_word=?, real_name=?, remarks=?, role_id=?, sex=? where id=?
[TRACE] 2017-07-07 00:02:02.004(qtp1818449913-17:org.hibernate.type.descriptor.sql.BasicBinder): binding parameter [1] as [INTEGER] - [8]
[TRACE] 2017-07-07 00:02:02.004(qtp1818449913-17:org.hibernate.type.descriptor.sql.BasicBinder): binding parameter [2] as [VARCHAR] - [8]
[TRACE] 2017-07-07 00:02:02.004(qtp1818449913-17:org.hibernate.type.descriptor.sql.BasicBinder): binding parameter [3] as [VARCHAR] - [8]
[TRACE] 2017-07-07 00:02:02.004(qtp1818449913-17:org.hibernate.type.descriptor.sql.BasicBinder): binding parameter [4] as [VARCHAR] - [8]
[TRACE] 2017-07-07 00:02:02.004(qtp1818449913-17:org.hibernate.type.descriptor.sql.BasicBinder): binding parameter [5] as [VARCHAR] - [8]
[TRACE] 2017-07-07 00:02:02.004(qtp1818449913-17:org.hibernate.type.descriptor.sql.BasicBinder): binding parameter [6] as [VARCHAR] - [特别长的备注特别长的备注特别长的备注特别长的备注特别长的备注特别长的备注]
[TRACE] 2017-07-07 00:02:02.004(qtp1818449913-17:org.hibernate.type.descriptor.sql.BasicBinder): binding parameter [7] as [INTEGER] - [8]
[TRACE] 2017-07-07 00:02:02.004(qtp1818449913-17:org.hibernate.type.descriptor.sql.BasicBinder): binding parameter [8] as [VARCHAR] - [8]
[TRACE] 2017-07-07 00:02:02.004(qtp1818449913-17:org.hibernate.type.descriptor.sql.BasicBinder): binding parameter [9] as [INTEGER] - [411610689]
[DEBUG] 2017-07-07 00:02:02.017(qtp1818449913-23:org.hibernate.SQL): select user0_.id as id1_5_, user0_.age as age2_5_, user0_.login_name as login_na3_5_, user0_.nick_name as nick_nam4_5_, user0_.pass_word as pass_wor5_5_, user0_.real_name as real_nam6_5_, user0_.remarks as remarks7_5_, user0_.role_id as role_id8_5_, user0_.sex as sex9_5_ from g_user user0_ where 1=1 limit ?
[TRACE] 2017-07-07 00:02:02.017(qtp1818449913-23:org.hibernate.type.descriptor.sql.BasicExtractor): extracted value ([id1_5_] : [INTEGER]) - [1]
[TRACE] 2017-07-07 00:02:02.017(qtp1818449913-23:org.hibernate.type.descriptor.sql.BasicExtractor): extracted value ([age2_5_] : [INTEGER]) - [26]
[TRACE] 2017-07-07 00:02:02.017(qtp1818449913-23:org.hibernate.type.descriptor.sql.BasicExtractor): extracted value ([login_na3_5_] : [VARCHAR]) - [xukaiqiang]
[TRACE] 2017-07-07 00:02:02.017(qtp1818449913-23:org.hibernate.type.descriptor.sql.BasicExtractor): extracted value ([nick_nam4_5_] : [VARCHAR]) - [徐凯强]
[TRACE] 2017-07-07 00:02:02.017(qtp1818449913-23:org.hibernate.type.descriptor.sql.BasicExtractor): extracted value ([pass_wor5_5_] : [VARCHAR]) - [888888]
[TRACE] 2017-07-07 00:02:02.017(qtp1818449913-23:org.hibernate.type.descriptor.sql.BasicExtractor): extracted value ([real_nam6_5_] : [VARCHAR]) - [徐凯强2]
[TRACE] 2017-07-07 00:02:02.017(qtp1818449913-23:org.hibernate.type.descriptor.sql.BasicExtractor): extracted value ([remarks7_5_] : [VARCHAR]) - []
[TRACE] 2017-07-07 00:02:02.017(qtp1818449913-23:org.hibernate.type.descriptor.sql.BasicExtractor): extracted value ([role_id8_5_] : [INTEGER]) - [0]
[TRACE] 2017-07-07 00:02:02.017(qtp1818449913-23:org.hibernate.type.descriptor.sql.BasicExtractor): extracted value ([sex9_5_] : [VARCHAR]) - [男]
[TRACE] 2017-07-07 00:02:02.017(qtp1818449913-23:org.hibernate.type.descriptor.sql.BasicExtractor): extracted value ([id1_5_] : [INTEGER]) - [2]
[TRACE] 2017-07-07 00:02:02.017(qtp1818449913-23:org.hibernate.type.descriptor.sql.BasicExtractor): extracted value ([age2_5_] : [INTEGER]) - [27]
[TRACE] 2017-07-07 00:02:02.017(qtp1818449913-23:org.hibernate.type.descriptor.sql.BasicExtractor): extracted value ([login_na3_5_] : [VARCHAR]) - [maxiaojing]
[TRACE] 2017-07-07 00:02:02.017(qtp1818449913-23:org.hibernate.type.descriptor.sql.BasicExtractor): extracted value ([nick_nam4_5_] : [VARCHAR]) - [马小婧]
[TRACE] 2017-07-07 00:02:02.017(qtp1818449913-23:org.hibernate.type.descriptor.sql.BasicExtractor): extracted value ([pass_wor5_5_] : [VARCHAR]) - [888888]
[TRACE] 2017-07-07 00:02:02.017(qtp1818449913-23:org.hibernate.type.descriptor.sql.BasicExtractor): extracted value ([real_nam6_5_] : [VARCHAR]) - [马小婧]
[TRACE] 2017-07-07 00:02:02.017(qtp1818449913-23:org.hibernate.type.descriptor.sql.BasicExtractor): extracted value ([remarks7_5_] : [VARCHAR]) - []
[TRACE] 2017-07-07 00:02:02.017(qtp1818449913-23:org.hibernate.type.descriptor.sql.BasicExtractor): extracted value ([role_id8_5_] : [INTEGER]) - [0]
[TRACE] 2017-07-07 00:02:02.017(qtp1818449913-23:org.hibernate.type.descriptor.sql.BasicExtractor): extracted value ([sex9_5_] : [VARCHAR]) - [女]
[TRACE] 2017-07-07 00:02:02.017(qtp1818449913-23:org.hibernate.type.descriptor.sql.BasicExtractor): extracted value ([id1_5_] : [INTEGER]) - [411566878]
[TRACE] 2017-07-07 00:02:02.017(qtp1818449913-23:org.hibernate.type.descriptor.sql.BasicExtractor): extracted value ([age2_5_] : [INTEGER]) - [2]
[TRACE] 2017-07-07 00:02:02.017(qtp1818449913-23:org.hibernate.type.descriptor.sql.BasicExtractor): extracted value ([login_na3_5_] : [VARCHAR]) - [23]
[TRACE] 2017-07-07 00:02:02.017(qtp1818449913-23:org.hibernate.type.descriptor.sql.BasicExtractor): extracted value ([nick_nam4_5_] : [VARCHAR]) - [2]
[TRACE] 2017-07-07 00:02:02.017(qtp1818449913-23:org.hibernate.type.descriptor.sql.BasicExtractor): extracted value ([pass_wor5_5_] : [VARCHAR]) - [23]
[TRACE] 2017-07-07 00:02:02.017(qtp1818449913-23:org.hibernate.type.descriptor.sql.BasicExtractor): extracted value ([real_nam6_5_] : [VARCHAR]) - [22]
[TRACE] 2017-07-07 00:02:02.017(qtp1818449913-23:org.hibernate.type.descriptor.sql.BasicExtractor): extracted value ([remarks7_5_] : [VARCHAR]) - [2]
[TRACE] 2017-07-07 00:02:02.017(qtp1818449913-23:org.hibernate.type.descriptor.sql.BasicExtractor): extracted value ([role_id8_5_] : [INTEGER]) - [2]
[TRACE] 2017-07-07 00:02:02.017(qtp1818449913-23:org.hibernate.type.descriptor.sql.BasicExtractor): extracted value ([sex9_5_] : [VARCHAR]) - [2]
[TRACE] 2017-07-07 00:02:02.017(qtp1818449913-23:org.hibernate.type.descriptor.sql.BasicExtractor): extracted value ([id1_5_] : [INTEGER]) - [411594031]
[TRACE] 2017-07-07 00:02:02.017(qtp1818449913-23:org.hibernate.type.descriptor.sql.BasicExtractor): extracted value ([age2_5_] : [INTEGER]) - [6]
[TRACE] 2017-07-07 00:02:02.017(qtp1818449913-23:org.hibernate.type.descriptor.sql.BasicExtractor): extracted value ([login_na3_5_] : [VARCHAR]) - [6]
[TRACE] 2017-07-07 00:02:02.018(qtp1818449913-23:org.hibernate.type.descriptor.sql.BasicExtractor): extracted value ([nick_nam4_5_] : [VARCHAR]) - [6]
[TRACE] 2017-07-07 00:02:02.018(qtp1818449913-23:org.hibernate.type.descriptor.sql.BasicExtractor): extracted value ([pass_wor5_5_] : [VARCHAR]) - [6]
[TRACE] 2017-07-07 00:02:02.018(qtp1818449913-23:org.hibernate.type.descriptor.sql.BasicExtractor): extracted value ([real_nam6_5_] : [VARCHAR]) - [6]
[TRACE] 2017-07-07 00:02:02.018(qtp1818449913-23:org.hibernate.type.descriptor.sql.BasicExtractor): extracted value ([remarks7_5_] : [VARCHAR]) - [6]
[TRACE] 2017-07-07 00:02:02.018(qtp1818449913-23:org.hibernate.type.descriptor.sql.BasicExtractor): extracted value ([role_id8_5_] : [INTEGER]) - [6]
[TRACE] 2017-07-07 00:02:02.018(qtp1818449913-23:org.hibernate.type.descriptor.sql.BasicExtractor): extracted value ([sex9_5_] : [VARCHAR]) - [6]
[TRACE] 2017-07-07 00:02:02.018(qtp1818449913-23:org.hibernate.type.descriptor.sql.BasicExtractor): extracted value ([id1_5_] : [INTEGER]) - [411610689]
[TRACE] 2017-07-07 00:02:02.018(qtp1818449913-23:org.hibernate.type.descriptor.sql.BasicExtractor): extracted value ([age2_5_] : [INTEGER]) - [8]
[TRACE] 2017-07-07 00:02:02.018(qtp1818449913-23:org.hibernate.type.descriptor.sql.BasicExtractor): extracted value ([login_na3_5_] : [VARCHAR]) - [8]
[TRACE] 2017-07-07 00:02:02.018(qtp1818449913-23:org.hibernate.type.descriptor.sql.BasicExtractor): extracted value ([nick_nam4_5_] : [VARCHAR]) - [8]
[TRACE] 2017-07-07 00:02:02.018(qtp1818449913-23:org.hibernate.type.descriptor.sql.BasicExtractor): extracted value ([pass_wor5_5_] : [VARCHAR]) - [8]
[TRACE] 2017-07-07 00:02:02.018(qtp1818449913-23:org.hibernate.type.descriptor.sql.BasicExtractor): extracted value ([real_nam6_5_] : [VARCHAR]) - [8]
[TRACE] 2017-07-07 00:02:02.018(qtp1818449913-23:org.hibernate.type.descriptor.sql.BasicExtractor): extracted value ([remarks7_5_] : [VARCHAR]) - [特别长的备注特别长的备注特别长的备注特别长的备注特别长的备注特别长的备注]
[TRACE] 2017-07-07 00:02:02.018(qtp1818449913-23:org.hibernate.type.descriptor.sql.BasicExtractor): extracted value ([role_id8_5_] : [INTEGER]) - [8]
[TRACE] 2017-07-07 00:02:02.018(qtp1818449913-23:org.hibernate.type.descriptor.sql.BasicExtractor): extracted value ([sex9_5_] : [VARCHAR]) - [8]
[TRACE] 2017-07-07 00:02:02.018(qtp1818449913-23:org.hibernate.type.descriptor.sql.BasicExtractor): extracted value ([id1_5_] : [INTEGER]) - [411618165]
[TRACE] 2017-07-07 00:02:02.018(qtp1818449913-23:org.hibernate.type.descriptor.sql.BasicExtractor): extracted value ([age2_5_] : [INTEGER]) - [9]
[TRACE] 2017-07-07 00:02:02.018(qtp1818449913-23:org.hibernate.type.descriptor.sql.BasicExtractor): extracted value ([login_na3_5_] : [VARCHAR]) - [9]
[TRACE] 2017-07-07 00:02:02.018(qtp1818449913-23:org.hibernate.type.descriptor.sql.BasicExtractor): extracted value ([nick_nam4_5_] : [VARCHAR]) - [9]
[TRACE] 2017-07-07 00:02:02.018(qtp1818449913-23:org.hibernate.type.descriptor.sql.BasicExtractor): extracted value ([pass_wor5_5_] : [VARCHAR]) - [9]
[TRACE] 2017-07-07 00:02:02.018(qtp1818449913-23:org.hibernate.type.descriptor.sql.BasicExtractor): extracted value ([real_nam6_5_] : [VARCHAR]) - [9]
[TRACE] 2017-07-07 00:02:02.018(qtp1818449913-23:org.hibernate.type.descriptor.sql.BasicExtractor): extracted value ([remarks7_5_] : [VARCHAR]) - [9]
[TRACE] 2017-07-07 00:02:02.018(qtp1818449913-23:org.hibernate.type.descriptor.sql.BasicExtractor): extracted value ([role_id8_5_] : [INTEGER]) - [9]
[TRACE] 2017-07-07 00:02:02.018(qtp1818449913-23:org.hibernate.type.descriptor.sql.BasicExtractor): extracted value ([sex9_5_] : [VARCHAR]) - [9]
[TRACE] 2017-07-07 00:02:02.018(qtp1818449913-23:org.hibernate.type.descriptor.sql.BasicExtractor): extracted value ([id1_5_] : [INTEGER]) - [412673068]
[TRACE] 2017-07-07 00:02:02.018(qtp1818449913-23:org.hibernate.type.descriptor.sql.BasicExtractor): extracted value ([age2_5_] : [INTEGER]) - [90]
[TRACE] 2017-07-07 00:02:02.018(qtp1818449913-23:org.hibernate.type.descriptor.sql.BasicExtractor): extracted value ([login_na3_5_] : [VARCHAR]) - [op]
[TRACE] 2017-07-07 00:02:02.018(qtp1818449913-23:org.hibernate.type.descriptor.sql.BasicExtractor): extracted value ([nick_nam4_5_] : [VARCHAR]) - [k]
[TRACE] 2017-07-07 00:02:02.018(qtp1818449913-23:org.hibernate.type.descriptor.sql.BasicExtractor): extracted value ([pass_wor5_5_] : [VARCHAR]) - [l90]
[TRACE] 2017-07-07 00:02:02.018(qtp1818449913-23:org.hibernate.type.descriptor.sql.BasicExtractor): extracted value ([real_nam6_5_] : [VARCHAR]) - [kl]
[TRACE] 2017-07-07 00:02:02.018(qtp1818449913-23:org.hibernate.type.descriptor.sql.BasicExtractor): extracted value ([remarks7_5_] : [VARCHAR]) - [kl]
[TRACE] 2017-07-07 00:02:02.018(qtp1818449913-23:org.hibernate.type.descriptor.sql.BasicExtractor): extracted value ([role_id8_5_] : [INTEGER]) - [0]
[TRACE] 2017-07-07 00:02:02.018(qtp1818449913-23:org.hibernate.type.descriptor.sql.BasicExtractor): extracted value ([sex9_5_] : [VARCHAR]) - [n]
[DEBUG] 2017-07-07 00:02:06.801(qtp1818449913-20:org.hibernate.SQL): select user0_.id as id1_5_0_, user0_.age as age2_5_0_, user0_.login_name as login_na3_5_0_, user0_.nick_name as nick_nam4_5_0_, user0_.pass_word as pass_wor5_5_0_, user0_.real_name as real_nam6_5_0_, user0_.remarks as remarks7_5_0_, user0_.role_id as role_id8_5_0_, user0_.sex as sex9_5_0_ from g_user user0_ where user0_.id=?
[TRACE] 2017-07-07 00:02:06.802(qtp1818449913-20:org.hibernate.type.descriptor.sql.BasicBinder): binding parameter [1] as [INTEGER] - [411610689]
[TRACE] 2017-07-07 00:02:06.802(qtp1818449913-20:org.hibernate.type.descriptor.sql.BasicExtractor): extracted value ([age2_5_0_] : [INTEGER]) - [8]
[TRACE] 2017-07-07 00:02:06.802(qtp1818449913-20:org.hibernate.type.descriptor.sql.BasicExtractor): extracted value ([login_na3_5_0_] : [VARCHAR]) - [8]
[TRACE] 2017-07-07 00:02:06.802(qtp1818449913-20:org.hibernate.type.descriptor.sql.BasicExtractor): extracted value ([nick_nam4_5_0_] : [VARCHAR]) - [8]
[TRACE] 2017-07-07 00:02:06.802(qtp1818449913-20:org.hibernate.type.descriptor.sql.BasicExtractor): extracted value ([pass_wor5_5_0_] : [VARCHAR]) - [8]
[TRACE] 2017-07-07 00:02:06.802(qtp1818449913-20:org.hibernate.type.descriptor.sql.BasicExtractor): extracted value ([real_nam6_5_0_] : [VARCHAR]) - [8]
[TRACE] 2017-07-07 00:02:06.802(qtp1818449913-20:org.hibernate.type.descriptor.sql.BasicExtractor): extracted value ([remarks7_5_0_] : [VARCHAR]) - [特别长的备注特别长的备注特别长的备注特别长的备注特别长的备注特别长的备注]
[TRACE] 2017-07-07 00:02:06.802(qtp1818449913-20:org.hibernate.type.descriptor.sql.BasicExtractor): extracted value ([role_id8_5_0_] : [INTEGER]) - [8]
[TRACE] 2017-07-07 00:02:06.802(qtp1818449913-20:org.hibernate.type.descriptor.sql.BasicExtractor): extracted value ([sex9_5_0_] : [VARCHAR]) - [8]
[DEBUG] 2017-07-07 00:02:14.747(qtp1818449913-17:org.hibernate.SQL): select user0_.id as id1_5_0_, user0_.age as age2_5_0_, user0_.login_name as login_na3_5_0_, user0_.nick_name as nick_nam4_5_0_, user0_.pass_word as pass_wor5_5_0_, user0_.real_name as real_nam6_5_0_, user0_.remarks as remarks7_5_0_, user0_.role_id as role_id8_5_0_, user0_.sex as sex9_5_0_ from g_user user0_ where user0_.id=?
[TRACE] 2017-07-07 00:02:14.747(qtp1818449913-17:org.hibernate.type.descriptor.sql.BasicBinder): binding parameter [1] as [INTEGER] - [411610689]
[TRACE] 2017-07-07 00:02:14.747(qtp1818449913-17:org.hibernate.type.descriptor.sql.BasicExtractor): extracted value ([age2_5_0_] : [INTEGER]) - [8]
[TRACE] 2017-07-07 00:02:14.747(qtp1818449913-17:org.hibernate.type.descriptor.sql.BasicExtractor): extracted value ([login_na3_5_0_] : [VARCHAR]) - [8]
[TRACE] 2017-07-07 00:02:14.747(qtp1818449913-17:org.hibernate.type.descriptor.sql.BasicExtractor): extracted value ([nick_nam4_5_0_] : [VARCHAR]) - [8]
[TRACE] 2017-07-07 00:02:14.748(qtp1818449913-17:org.hibernate.type.descriptor.sql.BasicExtractor): extracted value ([pass_wor5_5_0_] : [VARCHAR]) - [8]
[TRACE] 2017-07-07 00:02:14.748(qtp1818449913-17:org.hibernate.type.descriptor.sql.BasicExtractor): extracted value ([real_nam6_5_0_] : [VARCHAR]) - [8]
[TRACE] 2017-07-07 00:02:14.748(qtp1818449913-17:org.hibernate.type.descriptor.sql.BasicExtractor): extracted value ([remarks7_5_0_] : [VARCHAR]) - [特别长的备注特别长的备注特别长的备注特别长的备注特别长的备注特别长的备注]
[TRACE] 2017-07-07 00:02:14.748(qtp1818449913-17:org.hibernate.type.descriptor.sql.BasicExtractor): extracted value ([role_id8_5_0_] : [INTEGER]) - [8]
[TRACE] 2017-07-07 00:02:14.748(qtp1818449913-17:org.hibernate.type.descriptor.sql.BasicExtractor): extracted value ([sex9_5_0_] : [VARCHAR]) - [8]
[DEBUG] 2017-07-07 00:02:21.418(qtp1818449913-23:org.hibernate.SQL): select user0_.id as id1_5_0_, user0_.age as age2_5_0_, user0_.login_name as login_na3_5_0_, user0_.nick_name as nick_nam4_5_0_, user0_.pass_word as pass_wor5_5_0_, user0_.real_name as real_nam6_5_0_, user0_.remarks as remarks7_5_0_, user0_.role_id as role_id8_5_0_, user0_.sex as sex9_5_0_ from g_user user0_ where user0_.id=?
[TRACE] 2017-07-07 00:02:21.418(qtp1818449913-23:org.hibernate.type.descriptor.sql.BasicBinder): binding parameter [1] as [INTEGER] - [411610689]
[TRACE] 2017-07-07 00:02:21.418(qtp1818449913-23:org.hibernate.type.descriptor.sql.BasicExtractor): extracted value ([age2_5_0_] : [INTEGER]) - [8]
[TRACE] 2017-07-07 00:02:21.418(qtp1818449913-23:org.hibernate.type.descriptor.sql.BasicExtractor): extracted value ([login_na3_5_0_] : [VARCHAR]) - [8]
[TRACE] 2017-07-07 00:02:21.418(qtp1818449913-23:org.hibernate.type.descriptor.sql.BasicExtractor): extracted value ([nick_nam4_5_0_] : [VARCHAR]) - [8]
[TRACE] 2017-07-07 00:02:21.418(qtp1818449913-23:org.hibernate.type.descriptor.sql.BasicExtractor): extracted value ([pass_wor5_5_0_] : [VARCHAR]) - [8]
[TRACE] 2017-07-07 00:02:21.418(qtp1818449913-23:org.hibernate.type.descriptor.sql.BasicExtractor): extracted value ([real_nam6_5_0_] : [VARCHAR]) - [8]
[TRACE] 2017-07-07 00:02:21.418(qtp1818449913-23:org.hibernate.type.descriptor.sql.BasicExtractor): extracted value ([remarks7_5_0_] : [VARCHAR]) - [特别长的备注特别长的备注特别长的备注特别长的备注特别长的备注特别长的备注]
[TRACE] 2017-07-07 00:02:21.418(qtp1818449913-23:org.hibernate.type.descriptor.sql.BasicExtractor): extracted value ([role_id8_5_0_] : [INTEGER]) - [8]
[TRACE] 2017-07-07 00:02:21.418(qtp1818449913-23:org.hibernate.type.descriptor.sql.BasicExtractor): extracted value ([sex9_5_0_] : [VARCHAR]) - [8]
[DEBUG] 2017-07-07 00:02:27.204(qtp1818449913-20:org.hibernate.SQL): select user0_.id as id1_5_0_, user0_.age as age2_5_0_, user0_.login_name as login_na3_5_0_, user0_.nick_name as nick_nam4_5_0_, user0_.pass_word as pass_wor5_5_0_, user0_.real_name as real_nam6_5_0_, user0_.remarks as remarks7_5_0_, user0_.role_id as role_id8_5_0_, user0_.sex as sex9_5_0_ from g_user user0_ where user0_.id=?
[TRACE] 2017-07-07 00:02:27.204(qtp1818449913-20:org.hibernate.type.descriptor.sql.BasicBinder): binding parameter [1] as [INTEGER] - [411610689]
[TRACE] 2017-07-07 00:02:27.205(qtp1818449913-20:org.hibernate.type.descriptor.sql.BasicExtractor): extracted value ([age2_5_0_] : [INTEGER]) - [8]
[TRACE] 2017-07-07 00:02:27.205(qtp1818449913-20:org.hibernate.type.descriptor.sql.BasicExtractor): extracted value ([login_na3_5_0_] : [VARCHAR]) - [8]
[TRACE] 2017-07-07 00:02:27.205(qtp1818449913-20:org.hibernate.type.descriptor.sql.BasicExtractor): extracted value ([nick_nam4_5_0_] : [VARCHAR]) - [8]
[TRACE] 2017-07-07 00:02:27.205(qtp1818449913-20:org.hibernate.type.descriptor.sql.BasicExtractor): extracted value ([pass_wor5_5_0_] : [VARCHAR]) - [8]
[TRACE] 2017-07-07 00:02:27.205(qtp1818449913-20:org.hibernate.type.descriptor.sql.BasicExtractor): extracted value ([real_nam6_5_0_] : [VARCHAR]) - [8]
[TRACE] 2017-07-07 00:02:27.205(qtp1818449913-20:org.hibernate.type.descriptor.sql.BasicExtractor): extracted value ([remarks7_5_0_] : [VARCHAR]) - [特别长的备注特别长的备注特别长的备注特别长的备注特别长的备注特别长的备注]
[TRACE] 2017-07-07 00:02:27.205(qtp1818449913-20:org.hibernate.type.descriptor.sql.BasicExtractor): extracted value ([role_id8_5_0_] : [INTEGER]) - [8]
[TRACE] 2017-07-07 00:02:27.205(qtp1818449913-20:org.hibernate.type.descriptor.sql.BasicExtractor): extracted value ([sex9_5_0_] : [VARCHAR]) - [8]
[DEBUG] 2017-07-07 00:02:27.207(qtp1818449913-20:org.hibernate.SQL): update g_user set age=?, login_name=?, nick_name=?, pass_word=?, real_name=?, remarks=?, role_id=?, sex=? where id=?
[TRACE] 2017-07-07 00:02:27.207(qtp1818449913-20:org.hibernate.type.descriptor.sql.BasicBinder): binding parameter [1] as [INTEGER] - [8]
[TRACE] 2017-07-07 00:02:27.207(qtp1818449913-20:org.hibernate.type.descriptor.sql.BasicBinder): binding parameter [2] as [VARCHAR] - [8]
[TRACE] 2017-07-07 00:02:27.207(qtp1818449913-20:org.hibernate.type.descriptor.sql.BasicBinder): binding parameter [3] as [VARCHAR] - [8]
[TRACE] 2017-07-07 00:02:27.207(qtp1818449913-20:org.hibernate.type.descriptor.sql.BasicBinder): binding parameter [4] as [VARCHAR] - [8]
[TRACE] 2017-07-07 00:02:27.207(qtp1818449913-20:org.hibernate.type.descriptor.sql.BasicBinder): binding parameter [5] as [VARCHAR] - [8]
[TRACE] 2017-07-07 00:02:27.207(qtp1818449913-20:org.hibernate.type.descriptor.sql.BasicBinder): binding parameter [6] as [VARCHAR] - [特别长的备注]
[TRACE] 2017-07-07 00:02:27.207(qtp1818449913-20:org.hibernate.type.descriptor.sql.BasicBinder): binding parameter [7] as [INTEGER] - [8]
[TRACE] 2017-07-07 00:02:27.207(qtp1818449913-20:org.hibernate.type.descriptor.sql.BasicBinder): binding parameter [8] as [VARCHAR] - [8]
[TRACE] 2017-07-07 00:02:27.207(qtp1818449913-20:org.hibernate.type.descriptor.sql.BasicBinder): binding parameter [9] as [INTEGER] - [411610689]
[DEBUG] 2017-07-07 00:02:27.219(qtp1818449913-17:org.hibernate.SQL): select user0_.id as id1_5_, user0_.age as age2_5_, user0_.login_name as login_na3_5_, user0_.nick_name as nick_nam4_5_, user0_.pass_word as pass_wor5_5_, user0_.real_name as real_nam6_5_, user0_.remarks as remarks7_5_, user0_.role_id as role_id8_5_, user0_.sex as sex9_5_ from g_user user0_ where 1=1 limit ?
[TRACE] 2017-07-07 00:02:27.219(qtp1818449913-17:org.hibernate.type.descriptor.sql.BasicExtractor): extracted value ([id1_5_] : [INTEGER]) - [1]
[TRACE] 2017-07-07 00:02:27.219(qtp1818449913-17:org.hibernate.type.descriptor.sql.BasicExtractor): extracted value ([age2_5_] : [INTEGER]) - [26]
[TRACE] 2017-07-07 00:02:27.219(qtp1818449913-17:org.hibernate.type.descriptor.sql.BasicExtractor): extracted value ([login_na3_5_] : [VARCHAR]) - [xukaiqiang]
[TRACE] 2017-07-07 00:02:27.219(qtp1818449913-17:org.hibernate.type.descriptor.sql.BasicExtractor): extracted value ([nick_nam4_5_] : [VARCHAR]) - [徐凯强]
[TRACE] 2017-07-07 00:02:27.219(qtp1818449913-17:org.hibernate.type.descriptor.sql.BasicExtractor): extracted value ([pass_wor5_5_] : [VARCHAR]) - [888888]
[TRACE] 2017-07-07 00:02:27.219(qtp1818449913-17:org.hibernate.type.descriptor.sql.BasicExtractor): extracted value ([real_nam6_5_] : [VARCHAR]) - [徐凯强2]
[TRACE] 2017-07-07 00:02:27.219(qtp1818449913-17:org.hibernate.type.descriptor.sql.BasicExtractor): extracted value ([remarks7_5_] : [VARCHAR]) - []
[TRACE] 2017-07-07 00:02:27.219(qtp1818449913-17:org.hibernate.type.descriptor.sql.BasicExtractor): extracted value ([role_id8_5_] : [INTEGER]) - [0]
[TRACE] 2017-07-07 00:02:27.219(qtp1818449913-17:org.hibernate.type.descriptor.sql.BasicExtractor): extracted value ([sex9_5_] : [VARCHAR]) - [男]
[TRACE] 2017-07-07 00:02:27.219(qtp1818449913-17:org.hibernate.type.descriptor.sql.BasicExtractor): extracted value ([id1_5_] : [INTEGER]) - [2]
[TRACE] 2017-07-07 00:02:27.219(qtp1818449913-17:org.hibernate.type.descriptor.sql.BasicExtractor): extracted value ([age2_5_] : [INTEGER]) - [27]
[TRACE] 2017-07-07 00:02:27.219(qtp1818449913-17:org.hibernate.type.descriptor.sql.BasicExtractor): extracted value ([login_na3_5_] : [VARCHAR]) - [maxiaojing]
[TRACE] 2017-07-07 00:02:27.219(qtp1818449913-17:org.hibernate.type.descriptor.sql.BasicExtractor): extracted value ([nick_nam4_5_] : [VARCHAR]) - [马小婧]
[TRACE] 2017-07-07 00:02:27.219(qtp1818449913-17:org.hibernate.type.descriptor.sql.BasicExtractor): extracted value ([pass_wor5_5_] : [VARCHAR]) - [888888]
[TRACE] 2017-07-07 00:02:27.219(qtp1818449913-17:org.hibernate.type.descriptor.sql.BasicExtractor): extracted value ([real_nam6_5_] : [VARCHAR]) - [马小婧]
[TRACE] 2017-07-07 00:02:27.219(qtp1818449913-17:org.hibernate.type.descriptor.sql.BasicExtractor): extracted value ([remarks7_5_] : [VARCHAR]) - []
[TRACE] 2017-07-07 00:02:27.219(qtp1818449913-17:org.hibernate.type.descriptor.sql.BasicExtractor): extracted value ([role_id8_5_] : [INTEGER]) - [0]
[TRACE] 2017-07-07 00:02:27.219(qtp1818449913-17:org.hibernate.type.descriptor.sql.BasicExtractor): extracted value ([sex9_5_] : [VARCHAR]) - [女]
[TRACE] 2017-07-07 00:02:27.219(qtp1818449913-17:org.hibernate.type.descriptor.sql.BasicExtractor): extracted value ([id1_5_] : [INTEGER]) - [411566878]
[TRACE] 2017-07-07 00:02:27.219(qtp1818449913-17:org.hibernate.type.descriptor.sql.BasicExtractor): extracted value ([age2_5_] : [INTEGER]) - [2]
[TRACE] 2017-07-07 00:02:27.219(qtp1818449913-17:org.hibernate.type.descriptor.sql.BasicExtractor): extracted value ([login_na3_5_] : [VARCHAR]) - [23]
[TRACE] 2017-07-07 00:02:27.219(qtp1818449913-17:org.hibernate.type.descriptor.sql.BasicExtractor): extracted value ([nick_nam4_5_] : [VARCHAR]) - [2]
[TRACE] 2017-07-07 00:02:27.219(qtp1818449913-17:org.hibernate.type.descriptor.sql.BasicExtractor): extracted value ([pass_wor5_5_] : [VARCHAR]) - [23]
[TRACE] 2017-07-07 00:02:27.219(qtp1818449913-17:org.hibernate.type.descriptor.sql.BasicExtractor): extracted value ([real_nam6_5_] : [VARCHAR]) - [22]
[TRACE] 2017-07-07 00:02:27.219(qtp1818449913-17:org.hibernate.type.descriptor.sql.BasicExtractor): extracted value ([remarks7_5_] : [VARCHAR]) - [2]
[TRACE] 2017-07-07 00:02:27.219(qtp1818449913-17:org.hibernate.type.descriptor.sql.BasicExtractor): extracted value ([role_id8_5_] : [INTEGER]) - [2]
[TRACE] 2017-07-07 00:02:27.219(qtp1818449913-17:org.hibernate.type.descriptor.sql.BasicExtractor): extracted value ([sex9_5_] : [VARCHAR]) - [2]
[TRACE] 2017-07-07 00:02:27.219(qtp1818449913-17:org.hibernate.type.descriptor.sql.BasicExtractor): extracted value ([id1_5_] : [INTEGER]) - [411594031]
[TRACE] 2017-07-07 00:02:27.219(qtp1818449913-17:org.hibernate.type.descriptor.sql.BasicExtractor): extracted value ([age2_5_] : [INTEGER]) - [6]
[TRACE] 2017-07-07 00:02:27.219(qtp1818449913-17:org.hibernate.type.descriptor.sql.BasicExtractor): extracted value ([login_na3_5_] : [VARCHAR]) - [6]
[TRACE] 2017-07-07 00:02:27.219(qtp1818449913-17:org.hibernate.type.descriptor.sql.BasicExtractor): extracted value ([nick_nam4_5_] : [VARCHAR]) - [6]
[TRACE] 2017-07-07 00:02:27.219(qtp1818449913-17:org.hibernate.type.descriptor.sql.BasicExtractor): extracted value ([pass_wor5_5_] : [VARCHAR]) - [6]
[TRACE] 2017-07-07 00:02:27.219(qtp1818449913-17:org.hibernate.type.descriptor.sql.BasicExtractor): extracted value ([real_nam6_5_] : [VARCHAR]) - [6]
[TRACE] 2017-07-07 00:02:27.219(qtp1818449913-17:org.hibernate.type.descriptor.sql.BasicExtractor): extracted value ([remarks7_5_] : [VARCHAR]) - [6]
[TRACE] 2017-07-07 00:02:27.219(qtp1818449913-17:org.hibernate.type.descriptor.sql.BasicExtractor): extracted value ([role_id8_5_] : [INTEGER]) - [6]
[TRACE] 2017-07-07 00:02:27.219(qtp1818449913-17:org.hibernate.type.descriptor.sql.BasicExtractor): extracted value ([sex9_5_] : [VARCHAR]) - [6]
[TRACE] 2017-07-07 00:02:27.219(qtp1818449913-17:org.hibernate.type.descriptor.sql.BasicExtractor): extracted value ([id1_5_] : [INTEGER]) - [411610689]
[TRACE] 2017-07-07 00:02:27.219(qtp1818449913-17:org.hibernate.type.descriptor.sql.BasicExtractor): extracted value ([age2_5_] : [INTEGER]) - [8]
[TRACE] 2017-07-07 00:02:27.219(qtp1818449913-17:org.hibernate.type.descriptor.sql.BasicExtractor): extracted value ([login_na3_5_] : [VARCHAR]) - [8]
[TRACE] 2017-07-07 00:02:27.220(qtp1818449913-17:org.hibernate.type.descriptor.sql.BasicExtractor): extracted value ([nick_nam4_5_] : [VARCHAR]) - [8]
[TRACE] 2017-07-07 00:02:27.220(qtp1818449913-17:org.hibernate.type.descriptor.sql.BasicExtractor): extracted value ([pass_wor5_5_] : [VARCHAR]) - [8]
[TRACE] 2017-07-07 00:02:27.220(qtp1818449913-17:org.hibernate.type.descriptor.sql.BasicExtractor): extracted value ([real_nam6_5_] : [VARCHAR]) - [8]
[TRACE] 2017-07-07 00:02:27.220(qtp1818449913-17:org.hibernate.type.descriptor.sql.BasicExtractor): extracted value ([remarks7_5_] : [VARCHAR]) - [特别长的备注]
[TRACE] 2017-07-07 00:02:27.220(qtp1818449913-17:org.hibernate.type.descriptor.sql.BasicExtractor): extracted value ([role_id8_5_] : [INTEGER]) - [8]
[TRACE] 2017-07-07 00:02:27.220(qtp1818449913-17:org.hibernate.type.descriptor.sql.BasicExtractor): extracted value ([sex9_5_] : [VARCHAR]) - [8]
[TRACE] 2017-07-07 00:02:27.220(qtp1818449913-17:org.hibernate.type.descriptor.sql.BasicExtractor): extracted value ([id1_5_] : [INTEGER]) - [411618165]
[TRACE] 2017-07-07 00:02:27.220(qtp1818449913-17:org.hibernate.type.descriptor.sql.BasicExtractor): extracted value ([age2_5_] : [INTEGER]) - [9]
[TRACE] 2017-07-07 00:02:27.220(qtp1818449913-17:org.hibernate.type.descriptor.sql.BasicExtractor): extracted value ([login_na3_5_] : [VARCHAR]) - [9]
[TRACE] 2017-07-07 00:02:27.220(qtp1818449913-17:org.hibernate.type.descriptor.sql.BasicExtractor): extracted value ([nick_nam4_5_] : [VARCHAR]) - [9]
[TRACE] 2017-07-07 00:02:27.220(qtp1818449913-17:org.hibernate.type.descriptor.sql.BasicExtractor): extracted value ([pass_wor5_5_] : [VARCHAR]) - [9]
[TRACE] 2017-07-07 00:02:27.220(qtp1818449913-17:org.hibernate.type.descriptor.sql.BasicExtractor): extracted value ([real_nam6_5_] : [VARCHAR]) - [9]
[TRACE] 2017-07-07 00:02:27.220(qtp1818449913-17:org.hibernate.type.descriptor.sql.BasicExtractor): extracted value ([remarks7_5_] : [VARCHAR]) - [9]
[TRACE] 2017-07-07 00:02:27.220(qtp1818449913-17:org.hibernate.type.descriptor.sql.BasicExtractor): extracted value ([role_id8_5_] : [INTEGER]) - [9]
[TRACE] 2017-07-07 00:02:27.220(qtp1818449913-17:org.hibernate.type.descriptor.sql.BasicExtractor): extracted value ([sex9_5_] : [VARCHAR]) - [9]
[TRACE] 2017-07-07 00:02:27.220(qtp1818449913-17:org.hibernate.type.descriptor.sql.BasicExtractor): extracted value ([id1_5_] : [INTEGER]) - [412673068]
[TRACE] 2017-07-07 00:02:27.220(qtp1818449913-17:org.hibernate.type.descriptor.sql.BasicExtractor): extracted value ([age2_5_] : [INTEGER]) - [90]
[TRACE] 2017-07-07 00:02:27.220(qtp1818449913-17:org.hibernate.type.descriptor.sql.BasicExtractor): extracted value ([login_na3_5_] : [VARCHAR]) - [op]
[TRACE] 2017-07-07 00:02:27.220(qtp1818449913-17:org.hibernate.type.descriptor.sql.BasicExtractor): extracted value ([nick_nam4_5_] : [VARCHAR]) - [k]
[TRACE] 2017-07-07 00:02:27.220(qtp1818449913-17:org.hibernate.type.descriptor.sql.BasicExtractor): extracted value ([pass_wor5_5_] : [VARCHAR]) - [l90]
[TRACE] 2017-07-07 00:02:27.220(qtp1818449913-17:org.hibernate.type.descriptor.sql.BasicExtractor): extracted value ([real_nam6_5_] : [VARCHAR]) - [kl]
[TRACE] 2017-07-07 00:02:27.220(qtp1818449913-17:org.hibernate.type.descriptor.sql.BasicExtractor): extracted value ([remarks7_5_] : [VARCHAR]) - [kl]
[TRACE] 2017-07-07 00:02:27.220(qtp1818449913-17:org.hibernate.type.descriptor.sql.BasicExtractor): extracted value ([role_id8_5_] : [INTEGER]) - [0]
[TRACE] 2017-07-07 00:02:27.220(qtp1818449913-17:org.hibernate.type.descriptor.sql.BasicExtractor): extracted value ([sex9_5_] : [VARCHAR]) - [n]
[DEBUG] 2017-07-07 00:04:42.059(qtp1818449913-23:org.hibernate.SQL): select con0_.id as id1_0_, con0_.email as email2_0_, con0_.live_name as live_nam3_0_, con0_.live_num as live_num4_0_, con0_.phone as phone5_0_, con0_.qq as qq6_0_, con0_.user_id as user_id7_0_, con0_.wechat as wechat8_0_ from g_con con0_ where 1=1 limit ?
[DEBUG] 2017-07-07 04:08:09.226(qtp1818449913-17:org.hibernate.SQL): select user0_.id as id1_5_, user0_.age as age2_5_, user0_.login_name as login_na3_5_, user0_.nick_name as nick_nam4_5_, user0_.pass_word as pass_wor5_5_, user0_.real_name as real_nam6_5_, user0_.remarks as remarks7_5_, user0_.role_id as role_id8_5_, user0_.sex as sex9_5_ from g_user user0_ where 1=1 limit ?
[TRACE] 2017-07-07 04:08:09.227(qtp1818449913-17:org.hibernate.type.descriptor.sql.BasicExtractor): extracted value ([id1_5_] : [INTEGER]) - [1]
[TRACE] 2017-07-07 04:08:09.227(qtp1818449913-17:org.hibernate.type.descriptor.sql.BasicExtractor): extracted value ([age2_5_] : [INTEGER]) - [26]
[TRACE] 2017-07-07 04:08:09.227(qtp1818449913-17:org.hibernate.type.descriptor.sql.BasicExtractor): extracted value ([login_na3_5_] : [VARCHAR]) - [xukaiqiang]
[TRACE] 2017-07-07 04:08:09.227(qtp1818449913-17:org.hibernate.type.descriptor.sql.BasicExtractor): extracted value ([nick_nam4_5_] : [VARCHAR]) - [徐凯强]
[TRACE] 2017-07-07 04:08:09.227(qtp1818449913-17:org.hibernate.type.descriptor.sql.BasicExtractor): extracted value ([pass_wor5_5_] : [VARCHAR]) - [888888]
[TRACE] 2017-07-07 04:08:09.227(qtp1818449913-17:org.hibernate.type.descriptor.sql.BasicExtractor): extracted value ([real_nam6_5_] : [VARCHAR]) - [徐凯强2]
[TRACE] 2017-07-07 04:08:09.227(qtp1818449913-17:org.hibernate.type.descriptor.sql.BasicExtractor): extracted value ([remarks7_5_] : [VARCHAR]) - []
[TRACE] 2017-07-07 04:08:09.227(qtp1818449913-17:org.hibernate.type.descriptor.sql.BasicExtractor): extracted value ([role_id8_5_] : [INTEGER]) - [0]
[TRACE] 2017-07-07 04:08:09.227(qtp1818449913-17:org.hibernate.type.descriptor.sql.BasicExtractor): extracted value ([sex9_5_] : [VARCHAR]) - [男]
[TRACE] 2017-07-07 04:08:09.227(qtp1818449913-17:org.hibernate.type.descriptor.sql.BasicExtractor): extracted value ([id1_5_] : [INTEGER]) - [2]
[TRACE] 2017-07-07 04:08:09.227(qtp1818449913-17:org.hibernate.type.descriptor.sql.BasicExtractor): extracted value ([age2_5_] : [INTEGER]) - [27]
[TRACE] 2017-07-07 04:08:09.227(qtp1818449913-17:org.hibernate.type.descriptor.sql.BasicExtractor): extracted value ([login_na3_5_] : [VARCHAR]) - [maxiaojing]
[TRACE] 2017-07-07 04:08:09.227(qtp1818449913-17:org.hibernate.type.descriptor.sql.BasicExtractor): extracted value ([nick_nam4_5_] : [VARCHAR]) - [马小婧]
[TRACE] 2017-07-07 04:08:09.227(qtp1818449913-17:org.hibernate.type.descriptor.sql.BasicExtractor): extracted value ([pass_wor5_5_] : [VARCHAR]) - [888888]
[TRACE] 2017-07-07 04:08:09.227(qtp1818449913-17:org.hibernate.type.descriptor.sql.BasicExtractor): extracted value ([real_nam6_5_] : [VARCHAR]) - [马小婧]
[TRACE] 2017-07-07 04:08:09.227(qtp1818449913-17:org.hibernate.type.descriptor.sql.BasicExtractor): extracted value ([remarks7_5_] : [VARCHAR]) - []
[TRACE] 2017-07-07 04:08:09.227(qtp1818449913-17:org.hibernate.type.descriptor.sql.BasicExtractor): extracted value ([role_id8_5_] : [INTEGER]) - [0]
[TRACE] 2017-07-07 04:08:09.227(qtp1818449913-17:org.hibernate.type.descriptor.sql.BasicExtractor): extracted value ([sex9_5_] : [VARCHAR]) - [女]
[TRACE] 2017-07-07 04:08:09.227(qtp1818449913-17:org.hibernate.type.descriptor.sql.BasicExtractor): extracted value ([id1_5_] : [INTEGER]) - [411566878]
[TRACE] 2017-07-07 04:08:09.227(qtp1818449913-17:org.hibernate.type.descriptor.sql.BasicExtractor): extracted value ([age2_5_] : [INTEGER]) - [2]
[TRACE] 2017-07-07 04:08:09.227(qtp1818449913-17:org.hibernate.type.descriptor.sql.BasicExtractor): extracted value ([login_na3_5_] : [VARCHAR]) - [23]
[TRACE] 2017-07-07 04:08:09.227(qtp1818449913-17:org.hibernate.type.descriptor.sql.BasicExtractor): extracted value ([nick_nam4_5_] : [VARCHAR]) - [2]
[TRACE] 2017-07-07 04:08:09.227(qtp1818449913-17:org.hibernate.type.descriptor.sql.BasicExtractor): extracted value ([pass_wor5_5_] : [VARCHAR]) - [23]
[TRACE] 2017-07-07 04:08:09.227(qtp1818449913-17:org.hibernate.type.descriptor.sql.BasicExtractor): extracted value ([real_nam6_5_] : [VARCHAR]) - [22]
[TRACE] 2017-07-07 04:08:09.227(qtp1818449913-17:org.hibernate.type.descriptor.sql.BasicExtractor): extracted value ([remarks7_5_] : [VARCHAR]) - [2]
[TRACE] 2017-07-07 04:08:09.228(qtp1818449913-17:org.hibernate.type.descriptor.sql.BasicExtractor): extracted value ([role_id8_5_] : [INTEGER]) - [2]
[TRACE] 2017-07-07 04:08:09.228(qtp1818449913-17:org.hibernate.type.descriptor.sql.BasicExtractor): extracted value ([sex9_5_] : [VARCHAR]) - [2]
[TRACE] 2017-07-07 04:08:09.228(qtp1818449913-17:org.hibernate.type.descriptor.sql.BasicExtractor): extracted value ([id1_5_] : [INTEGER]) - [411594031]
[TRACE] 2017-07-07 04:08:09.228(qtp1818449913-17:org.hibernate.type.descriptor.sql.BasicExtractor): extracted value ([age2_5_] : [INTEGER]) - [6]
[TRACE] 2017-07-07 04:08:09.228(qtp1818449913-17:org.hibernate.type.descriptor.sql.BasicExtractor): extracted value ([login_na3_5_] : [VARCHAR]) - [6]
[TRACE] 2017-07-07 04:08:09.228(qtp1818449913-17:org.hibernate.type.descriptor.sql.BasicExtractor): extracted value ([nick_nam4_5_] : [VARCHAR]) - [6]
[TRACE] 2017-07-07 04:08:09.228(qtp1818449913-17:org.hibernate.type.descriptor.sql.BasicExtractor): extracted value ([pass_wor5_5_] : [VARCHAR]) - [6]
[TRACE] 2017-07-07 04:08:09.228(qtp1818449913-17:org.hibernate.type.descriptor.sql.BasicExtractor): extracted value ([real_nam6_5_] : [VARCHAR]) - [6]
[TRACE] 2017-07-07 04:08:09.228(qtp1818449913-17:org.hibernate.type.descriptor.sql.BasicExtractor): extracted value ([remarks7_5_] : [VARCHAR]) - [6]
[TRACE] 2017-07-07 04:08:09.228(qtp1818449913-17:org.hibernate.type.descriptor.sql.BasicExtractor): extracted value ([role_id8_5_] : [INTEGER]) - [6]
[TRACE] 2017-07-07 04:08:09.228(qtp1818449913-17:org.hibernate.type.descriptor.sql.BasicExtractor): extracted value ([sex9_5_] : [VARCHAR]) - [6]
[TRACE] 2017-07-07 04:08:09.228(qtp1818449913-17:org.hibernate.type.descriptor.sql.BasicExtractor): extracted value ([id1_5_] : [INTEGER]) - [411610689]
[TRACE] 2017-07-07 04:08:09.228(qtp1818449913-17:org.hibernate.type.descriptor.sql.BasicExtractor): extracted value ([age2_5_] : [INTEGER]) - [8]
[TRACE] 2017-07-07 04:08:09.228(qtp1818449913-17:org.hibernate.type.descriptor.sql.BasicExtractor): extracted value ([login_na3_5_] : [VARCHAR]) - [8]
[TRACE] 2017-07-07 04:08:09.228(qtp1818449913-17:org.hibernate.type.descriptor.sql.BasicExtractor): extracted value ([nick_nam4_5_] : [VARCHAR]) - [8]
[TRACE] 2017-07-07 04:08:09.228(qtp1818449913-17:org.hibernate.type.descriptor.sql.BasicExtractor): extracted value ([pass_wor5_5_] : [VARCHAR]) - [8]
[TRACE] 2017-07-07 04:08:09.228(qtp1818449913-17:org.hibernate.type.descriptor.sql.BasicExtractor): extracted value ([real_nam6_5_] : [VARCHAR]) - [8]
[TRACE] 2017-07-07 04:08:09.228(qtp1818449913-17:org.hibernate.type.descriptor.sql.BasicExtractor): extracted value ([remarks7_5_] : [VARCHAR]) - [特别长的备注]
[TRACE] 2017-07-07 04:08:09.228(qtp1818449913-17:org.hibernate.type.descriptor.sql.BasicExtractor): extracted value ([role_id8_5_] : [INTEGER]) - [8]
[TRACE] 2017-07-07 04:08:09.228(qtp1818449913-17:org.hibernate.type.descriptor.sql.BasicExtractor): extracted value ([sex9_5_] : [VARCHAR]) - [8]
[TRACE] 2017-07-07 04:08:09.228(qtp1818449913-17:org.hibernate.type.descriptor.sql.BasicExtractor): extracted value ([id1_5_] : [INTEGER]) - [411618165]
[TRACE] 2017-07-07 04:08:09.228(qtp1818449913-17:org.hibernate.type.descriptor.sql.BasicExtractor): extracted value ([age2_5_] : [INTEGER]) - [9]
[TRACE] 2017-07-07 04:08:09.228(qtp1818449913-17:org.hibernate.type.descriptor.sql.BasicExtractor): extracted value ([login_na3_5_] : [VARCHAR]) - [9]
[TRACE] 2017-07-07 04:08:09.228(qtp1818449913-17:org.hibernate.type.descriptor.sql.BasicExtractor): extracted value ([nick_nam4_5_] : [VARCHAR]) - [9]
[TRACE] 2017-07-07 04:08:09.228(qtp1818449913-17:org.hibernate.type.descriptor.sql.BasicExtractor): extracted value ([pass_wor5_5_] : [VARCHAR]) - [9]
[TRACE] 2017-07-07 04:08:09.228(qtp1818449913-17:org.hibernate.type.descriptor.sql.BasicExtractor): extracted value ([real_nam6_5_] : [VARCHAR]) - [9]
[TRACE] 2017-07-07 04:08:09.228(qtp1818449913-17:org.hibernate.type.descriptor.sql.BasicExtractor): extracted value ([remarks7_5_] : [VARCHAR]) - [9]
[TRACE] 2017-07-07 04:08:09.228(qtp1818449913-17:org.hibernate.type.descriptor.sql.BasicExtractor): extracted value ([role_id8_5_] : [INTEGER]) - [9]
[TRACE] 2017-07-07 04:08:09.228(qtp1818449913-17:org.hibernate.type.descriptor.sql.BasicExtractor): extracted value ([sex9_5_] : [VARCHAR]) - [9]
[TRACE] 2017-07-07 04:08:09.229(qtp1818449913-17:org.hibernate.type.descriptor.sql.BasicExtractor): extracted value ([id1_5_] : [INTEGER]) - [412673068]
[TRACE] 2017-07-07 04:08:09.229(qtp1818449913-17:org.hibernate.type.descriptor.sql.BasicExtractor): extracted value ([age2_5_] : [INTEGER]) - [90]
[TRACE] 2017-07-07 04:08:09.229(qtp1818449913-17:org.hibernate.type.descriptor.sql.BasicExtractor): extracted value ([login_na3_5_] : [VARCHAR]) - [op]
[TRACE] 2017-07-07 04:08:09.229(qtp1818449913-17:org.hibernate.type.descriptor.sql.BasicExtractor): extracted value ([nick_nam4_5_] : [VARCHAR]) - [k]
[TRACE] 2017-07-07 04:08:09.229(qtp1818449913-17:org.hibernate.type.descriptor.sql.BasicExtractor): extracted value ([pass_wor5_5_] : [VARCHAR]) - [l90]
[TRACE] 2017-07-07 04:08:09.229(qtp1818449913-17:org.hibernate.type.descriptor.sql.BasicExtractor): extracted value ([real_nam6_5_] : [VARCHAR]) - [kl]
[TRACE] 2017-07-07 04:08:09.229(qtp1818449913-17:org.hibernate.type.descriptor.sql.BasicExtractor): extracted value ([remarks7_5_] : [VARCHAR]) - [kl]
[TRACE] 2017-07-07 04:08:09.229(qtp1818449913-17:org.hibernate.type.descriptor.sql.BasicExtractor): extracted value ([role_id8_5_] : [INTEGER]) - [0]
[TRACE] 2017-07-07 04:08:09.229(qtp1818449913-17:org.hibernate.type.descriptor.sql.BasicExtractor): extracted value ([sex9_5_] : [VARCHAR]) - [n]
[DEBUG] 2017-07-07 04:11:54.139(qtp1818449913-17:org.hibernate.SQL): select job0_.id as id1_2_, job0_.address_area as address_2_2_, job0_.address_city as address_3_2_, job0_.address_detail as address_4_2_, job0_.address_province as address_5_2_, job0_.band_name as band_nam6_2_, job0_.begin_time as begin_ti7_2_, job0_.category as category8_2_, job0_.commont as commont9_2_, job0_.end_time as end_tim10_2_, job0_.have_band as have_ba11_2_, job0_.have_pro as have_pr12_2_, job0_.music_style as music_s13_2_, job0_.pro_name as pro_nam14_2_, job0_.salary as salary15_2_, job0_.user_id as user_id16_2_, job0_.work_age as work_ag17_2_ from g_job job0_ where 1=1 limit ?
[DEBUG] 2017-07-07 04:14:07.709(qtp1818449913-23:org.hibernate.SQL): select works0_.id as id1_6_, works0_.name as name2_6_, works0_.url as url3_6_, works0_.user_id as user_id4_6_ from g_works works0_ where 1=1 limit ?
[TRACE] 2017-07-07 04:14:07.710(qtp1818449913-23:org.hibernate.type.descriptor.sql.BasicExtractor): extracted value ([id1_6_] : [INTEGER]) - [1]
[TRACE] 2017-07-07 04:14:07.710(qtp1818449913-23:org.hibernate.type.descriptor.sql.BasicExtractor): extracted value ([name2_6_] : [VARCHAR]) - [张三]
[TRACE] 2017-07-07 04:14:07.710(qtp1818449913-23:org.hibernate.type.descriptor.sql.BasicExtractor): extracted value ([url3_6_] : [VARCHAR]) - [http://www.baidu.com]
[TRACE] 2017-07-07 04:14:07.710(qtp1818449913-23:org.hibernate.type.descriptor.sql.BasicExtractor): extracted value ([user_id4_6_] : [INTEGER]) - [234]
[DEBUG] 2017-07-07 04:15:24.317(qtp1818449913-20:org.hibernate.SQL): select user0_.id as id1_5_, user0_.age as age2_5_, user0_.login_name as login_na3_5_, user0_.nick_name as nick_nam4_5_, user0_.pass_word as pass_wor5_5_, user0_.real_name as real_nam6_5_, user0_.remarks as remarks7_5_, user0_.role_id as role_id8_5_, user0_.sex as sex9_5_ from g_user user0_ where 1=1 limit ?
[TRACE] 2017-07-07 04:15:24.318(qtp1818449913-20:org.hibernate.type.descriptor.sql.BasicExtractor): extracted value ([id1_5_] : [INTEGER]) - [1]
[TRACE] 2017-07-07 04:15:24.318(qtp1818449913-20:org.hibernate.type.descriptor.sql.BasicExtractor): extracted value ([age2_5_] : [INTEGER]) - [26]
[TRACE] 2017-07-07 04:15:24.318(qtp1818449913-20:org.hibernate.type.descriptor.sql.BasicExtractor): extracted value ([login_na3_5_] : [VARCHAR]) - [xukaiqiang]
[TRACE] 2017-07-07 04:15:24.318(qtp1818449913-20:org.hibernate.type.descriptor.sql.BasicExtractor): extracted value ([nick_nam4_5_] : [VARCHAR]) - [徐凯强]
[TRACE] 2017-07-07 04:15:24.318(qtp1818449913-20:org.hibernate.type.descriptor.sql.BasicExtractor): extracted value ([pass_wor5_5_] : [VARCHAR]) - [888888]
[TRACE] 2017-07-07 04:15:24.318(qtp1818449913-20:org.hibernate.type.descriptor.sql.BasicExtractor): extracted value ([real_nam6_5_] : [VARCHAR]) - [徐凯强2]
[TRACE] 2017-07-07 04:15:24.318(qtp1818449913-20:org.hibernate.type.descriptor.sql.BasicExtractor): extracted value ([remarks7_5_] : [VARCHAR]) - []
[TRACE] 2017-07-07 04:15:24.318(qtp1818449913-20:org.hibernate.type.descriptor.sql.BasicExtractor): extracted value ([role_id8_5_] : [INTEGER]) - [0]
[TRACE] 2017-07-07 04:15:24.318(qtp1818449913-20:org.hibernate.type.descriptor.sql.BasicExtractor): extracted value ([sex9_5_] : [VARCHAR]) - [男]
[TRACE] 2017-07-07 04:15:24.318(qtp1818449913-20:org.hibernate.type.descriptor.sql.BasicExtractor): extracted value ([id1_5_] : [INTEGER]) - [2]
[TRACE] 2017-07-07 04:15:24.318(qtp1818449913-20:org.hibernate.type.descriptor.sql.BasicExtractor): extracted value ([age2_5_] : [INTEGER]) - [27]
[TRACE] 2017-07-07 04:15:24.318(qtp1818449913-20:org.hibernate.type.descriptor.sql.BasicExtractor): extracted value ([login_na3_5_] : [VARCHAR]) - [maxiaojing]
[TRACE] 2017-07-07 04:15:24.318(qtp1818449913-20:org.hibernate.type.descriptor.sql.BasicExtractor): extracted value ([nick_nam4_5_] : [VARCHAR]) - [马小婧]
[TRACE] 2017-07-07 04:15:24.318(qtp1818449913-20:org.hibernate.type.descriptor.sql.BasicExtractor): extracted value ([pass_wor5_5_] : [VARCHAR]) - [888888]
[TRACE] 2017-07-07 04:15:24.318(qtp1818449913-20:org.hibernate.type.descriptor.sql.BasicExtractor): extracted value ([real_nam6_5_] : [VARCHAR]) - [马小婧]
[TRACE] 2017-07-07 04:15:24.318(qtp1818449913-20:org.hibernate.type.descriptor.sql.BasicExtractor): extracted value ([remarks7_5_] : [VARCHAR]) - []
[TRACE] 2017-07-07 04:15:24.318(qtp1818449913-20:org.hibernate.type.descriptor.sql.BasicExtractor): extracted value ([role_id8_5_] : [INTEGER]) - [0]
[TRACE] 2017-07-07 04:15:24.318(qtp1818449913-20:org.hibernate.type.descriptor.sql.BasicExtractor): extracted value ([sex9_5_] : [VARCHAR]) - [女]
[TRACE] 2017-07-07 04:15:24.318(qtp1818449913-20:org.hibernate.type.descriptor.sql.BasicExtractor): extracted value ([id1_5_] : [INTEGER]) - [411566878]
[TRACE] 2017-07-07 04:15:24.318(qtp1818449913-20:org.hibernate.type.descriptor.sql.BasicExtractor): extracted value ([age2_5_] : [INTEGER]) - [2]
[TRACE] 2017-07-07 04:15:24.318(qtp1818449913-20:org.hibernate.type.descriptor.sql.BasicExtractor): extracted value ([login_na3_5_] : [VARCHAR]) - [23]
[TRACE] 2017-07-07 04:15:24.318(qtp1818449913-20:org.hibernate.type.descriptor.sql.BasicExtractor): extracted value ([nick_nam4_5_] : [VARCHAR]) - [2]
[TRACE] 2017-07-07 04:15:24.318(qtp1818449913-20:org.hibernate.type.descriptor.sql.BasicExtractor): extracted value ([pass_wor5_5_] : [VARCHAR]) - [23]
[TRACE] 2017-07-07 04:15:24.318(qtp1818449913-20:org.hibernate.type.descriptor.sql.BasicExtractor): extracted value ([real_nam6_5_] : [VARCHAR]) - [22]
[TRACE] 2017-07-07 04:15:24.318(qtp1818449913-20:org.hibernate.type.descriptor.sql.BasicExtractor): extracted value ([remarks7_5_] : [VARCHAR]) - [2]
[TRACE] 2017-07-07 04:15:24.318(qtp1818449913-20:org.hibernate.type.descriptor.sql.BasicExtractor): extracted value ([role_id8_5_] : [INTEGER]) - [2]
[TRACE] 2017-07-07 04:15:24.318(qtp1818449913-20:org.hibernate.type.descriptor.sql.BasicExtractor): extracted value ([sex9_5_] : [VARCHAR]) - [2]
[TRACE] 2017-07-07 04:15:24.318(qtp1818449913-20:org.hibernate.type.descriptor.sql.BasicExtractor): extracted value ([id1_5_] : [INTEGER]) - [411594031]
[TRACE] 2017-07-07 04:15:24.318(qtp1818449913-20:org.hibernate.type.descriptor.sql.BasicExtractor): extracted value ([age2_5_] : [INTEGER]) - [6]
[TRACE] 2017-07-07 04:15:24.318(qtp1818449913-20:org.hibernate.type.descriptor.sql.BasicExtractor): extracted value ([login_na3_5_] : [VARCHAR]) - [6]
[TRACE] 2017-07-07 04:15:24.318(qtp1818449913-20:org.hibernate.type.descriptor.sql.BasicExtractor): extracted value ([nick_nam4_5_] : [VARCHAR]) - [6]
[TRACE] 2017-07-07 04:15:24.318(qtp1818449913-20:org.hibernate.type.descriptor.sql.BasicExtractor): extracted value ([pass_wor5_5_] : [VARCHAR]) - [6]
[TRACE] 2017-07-07 04:15:24.318(qtp1818449913-20:org.hibernate.type.descriptor.sql.BasicExtractor): extracted value ([real_nam6_5_] : [VARCHAR]) - [6]
[TRACE] 2017-07-07 04:15:24.318(qtp1818449913-20:org.hibernate.type.descriptor.sql.BasicExtractor): extracted value ([remarks7_5_] : [VARCHAR]) - [6]
[TRACE] 2017-07-07 04:15:24.318(qtp1818449913-20:org.hibernate.type.descriptor.sql.BasicExtractor): extracted value ([role_id8_5_] : [INTEGER]) - [6]
[TRACE] 2017-07-07 04:15:24.318(qtp1818449913-20:org.hibernate.type.descriptor.sql.BasicExtractor): extracted value ([sex9_5_] : [VARCHAR]) - [6]
[TRACE] 2017-07-07 04:15:24.318(qtp1818449913-20:org.hibernate.type.descriptor.sql.BasicExtractor): extracted value ([id1_5_] : [INTEGER]) - [411610689]
[TRACE] 2017-07-07 04:15:24.318(qtp1818449913-20:org.hibernate.type.descriptor.sql.BasicExtractor): extracted value ([age2_5_] : [INTEGER]) - [8]
[TRACE] 2017-07-07 04:15:24.318(qtp1818449913-20:org.hibernate.type.descriptor.sql.BasicExtractor): extracted value ([login_na3_5_] : [VARCHAR]) - [8]
[TRACE] 2017-07-07 04:15:24.318(qtp1818449913-20:org.hibernate.type.descriptor.sql.BasicExtractor): extracted value ([nick_nam4_5_] : [VARCHAR]) - [8]
[TRACE] 2017-07-07 04:15:24.318(qtp1818449913-20:org.hibernate.type.descriptor.sql.BasicExtractor): extracted value ([pass_wor5_5_] : [VARCHAR]) - [8]
[TRACE] 2017-07-07 04:15:24.318(qtp1818449913-20:org.hibernate.type.descriptor.sql.BasicExtractor): extracted value ([real_nam6_5_] : [VARCHAR]) - [8]
[TRACE] 2017-07-07 04:15:24.318(qtp1818449913-20:org.hibernate.type.descriptor.sql.BasicExtractor): extracted value ([remarks7_5_] : [VARCHAR]) - [特别长的备注]
[TRACE] 2017-07-07 04:15:24.318(qtp1818449913-20:org.hibernate.type.descriptor.sql.BasicExtractor): extracted value ([role_id8_5_] : [INTEGER]) - [8]
[TRACE] 2017-07-07 04:15:24.319(qtp1818449913-20:org.hibernate.type.descriptor.sql.BasicExtractor): extracted value ([sex9_5_] : [VARCHAR]) - [8]
[TRACE] 2017-07-07 04:15:24.319(qtp1818449913-20:org.hibernate.type.descriptor.sql.BasicExtractor): extracted value ([id1_5_] : [INTEGER]) - [411618165]
[TRACE] 2017-07-07 04:15:24.319(qtp1818449913-20:org.hibernate.type.descriptor.sql.BasicExtractor): extracted value ([age2_5_] : [INTEGER]) - [9]
[TRACE] 2017-07-07 04:15:24.319(qtp1818449913-20:org.hibernate.type.descriptor.sql.BasicExtractor): extracted value ([login_na3_5_] : [VARCHAR]) - [9]
[TRACE] 2017-07-07 04:15:24.319(qtp1818449913-20:org.hibernate.type.descriptor.sql.BasicExtractor): extracted value ([nick_nam4_5_] : [VARCHAR]) - [9]
[TRACE] 2017-07-07 04:15:24.319(qtp1818449913-20:org.hibernate.type.descriptor.sql.BasicExtractor): extracted value ([pass_wor5_5_] : [VARCHAR]) - [9]
[TRACE] 2017-07-07 04:15:24.319(qtp1818449913-20:org.hibernate.type.descriptor.sql.BasicExtractor): extracted value ([real_nam6_5_] : [VARCHAR]) - [9]
[TRACE] 2017-07-07 04:15:24.319(qtp1818449913-20:org.hibernate.type.descriptor.sql.BasicExtractor): extracted value ([remarks7_5_] : [VARCHAR]) - [9]
[TRACE] 2017-07-07 04:15:24.319(qtp1818449913-20:org.hibernate.type.descriptor.sql.BasicExtractor): extracted value ([role_id8_5_] : [INTEGER]) - [9]
[TRACE] 2017-07-07 04:15:24.319(qtp1818449913-20:org.hibernate.type.descriptor.sql.BasicExtractor): extracted value ([sex9_5_] : [VARCHAR]) - [9]
[TRACE] 2017-07-07 04:15:24.319(qtp1818449913-20:org.hibernate.type.descriptor.sql.BasicExtractor): extracted value ([id1_5_] : [INTEGER]) - [412673068]
[TRACE] 2017-07-07 04:15:24.319(qtp1818449913-20:org.hibernate.type.descriptor.sql.BasicExtractor): extracted value ([age2_5_] : [INTEGER]) - [90]
[TRACE] 2017-07-07 04:15:24.319(qtp1818449913-20:org.hibernate.type.descriptor.sql.BasicExtractor): extracted value ([login_na3_5_] : [VARCHAR]) - [op]
[TRACE] 2017-07-07 04:15:24.319(qtp1818449913-20:org.hibernate.type.descriptor.sql.BasicExtractor): extracted value ([nick_nam4_5_] : [VARCHAR]) - [k]
[TRACE] 2017-07-07 04:15:24.319(qtp1818449913-20:org.hibernate.type.descriptor.sql.BasicExtractor): extracted value ([pass_wor5_5_] : [VARCHAR]) - [l90]
[TRACE] 2017-07-07 04:15:24.319(qtp1818449913-20:org.hibernate.type.descriptor.sql.BasicExtractor): extracted value ([real_nam6_5_] : [VARCHAR]) - [kl]
[TRACE] 2017-07-07 04:15:24.319(qtp1818449913-20:org.hibernate.type.descriptor.sql.BasicExtractor): extracted value ([remarks7_5_] : [VARCHAR]) - [kl]
[TRACE] 2017-07-07 04:15:24.319(qtp1818449913-20:org.hibernate.type.descriptor.sql.BasicExtractor): extracted value ([role_id8_5_] : [INTEGER]) - [0]
[TRACE] 2017-07-07 04:15:24.319(qtp1818449913-20:org.hibernate.type.descriptor.sql.BasicExtractor): extracted value ([sex9_5_] : [VARCHAR]) - [n]
[DEBUG] 2017-07-07 04:19:36.562(qtp1818449913-23:org.hibernate.SQL): select user0_.id as id1_5_0_, user0_.age as age2_5_0_, user0_.login_name as login_na3_5_0_, user0_.nick_name as nick_nam4_5_0_, user0_.pass_word as pass_wor5_5_0_, user0_.real_name as real_nam6_5_0_, user0_.remarks as remarks7_5_0_, user0_.role_id as role_id8_5_0_, user0_.sex as sex9_5_0_ from g_user user0_ where user0_.id=?
[TRACE] 2017-07-07 04:19:36.563(qtp1818449913-23:org.hibernate.type.descriptor.sql.BasicBinder): binding parameter [1] as [INTEGER] - [1]
[TRACE] 2017-07-07 04:19:36.564(qtp1818449913-23:org.hibernate.type.descriptor.sql.BasicExtractor): extracted value ([age2_5_0_] : [INTEGER]) - [26]
[TRACE] 2017-07-07 04:19:36.564(qtp1818449913-23:org.hibernate.type.descriptor.sql.BasicExtractor): extracted value ([login_na3_5_0_] : [VARCHAR]) - [xukaiqiang]
[TRACE] 2017-07-07 04:19:36.564(qtp1818449913-23:org.hibernate.type.descriptor.sql.BasicExtractor): extracted value ([nick_nam4_5_0_] : [VARCHAR]) - [徐凯强]
[TRACE] 2017-07-07 04:19:36.564(qtp1818449913-23:org.hibernate.type.descriptor.sql.BasicExtractor): extracted value ([pass_wor5_5_0_] : [VARCHAR]) - [888888]
[TRACE] 2017-07-07 04:19:36.564(qtp1818449913-23:org.hibernate.type.descriptor.sql.BasicExtractor): extracted value ([real_nam6_5_0_] : [VARCHAR]) - [徐凯强2]
[TRACE] 2017-07-07 04:19:36.564(qtp1818449913-23:org.hibernate.type.descriptor.sql.BasicExtractor): extracted value ([remarks7_5_0_] : [VARCHAR]) - []
[TRACE] 2017-07-07 04:19:36.564(qtp1818449913-23:org.hibernate.type.descriptor.sql.BasicExtractor): extracted value ([role_id8_5_0_] : [INTEGER]) - [0]
[TRACE] 2017-07-07 04:19:36.564(qtp1818449913-23:org.hibernate.type.descriptor.sql.BasicExtractor): extracted value ([sex9_5_0_] : [VARCHAR]) - [男]
[DEBUG] 2017-07-07 14:45:44.984(qtp1818449913-20:org.hibernate.SQL): select user0_.id as id1_5_, user0_.age as age2_5_, user0_.login_name as login_na3_5_, user0_.nick_name as nick_nam4_5_, user0_.pass_word as pass_wor5_5_, user0_.real_name as real_nam6_5_, user0_.remarks as remarks7_5_, user0_.role_id as role_id8_5_, user0_.sex as sex9_5_ from g_user user0_ where 1=1 limit ?
[WARN ] 2017-07-07 14:45:45.027(qtp1818449913-20:org.hibernate.engine.jdbc.spi.SqlExceptionHelper): SQL Error: 1146, SQLState: 42S02
[ERROR] 2017-07-07 14:45:45.027(qtp1818449913-20:org.hibernate.engine.jdbc.spi.SqlExceptionHelper): Table 'xkq_guitar.g_user' doesn't exist
