[INFO ] 2017-07-12 13:19:59.571(main:org.springframework.web.context.ContextLoader): Root WebApplicationContext: initialization started
[INFO ] 2017-07-12 13:19:59.614(main:org.springframework.web.context.support.XmlWebApplicationContext): Refreshing Root WebApplicationContext: startup date [Wed Jul 12 13:19:59 CST 2017]; root of context hierarchy
[INFO ] 2017-07-12 13:19:59.642(main:org.springframework.beans.factory.xml.XmlBeanDefinitionReader): Loading XML bean definitions from file [/Users/xukaiqiang/Documents/workspace/guitar/src/apps/guitar-prj/build/resources/main/spring/applicationContext-cache.xml]
[INFO ] 2017-07-12 13:19:59.783(main:org.springframework.beans.factory.xml.DefaultBeanDefinitionDocumentReader): Skipped XML bean definition file due to specified profiles [production] not matching: file [/Users/xukaiqiang/Documents/workspace/guitar/src/apps/guitar-prj/build/resources/main/spring/applicationContext-cache.xml]
[INFO ] 2017-07-12 13:19:59.793(main:org.springframework.beans.factory.xml.XmlBeanDefinitionReader): Loading XML bean definitions from file [/Users/xukaiqiang/Documents/workspace/guitar/src/apps/guitar-prj/build/resources/main/spring/applicationContext-database.xml]
[INFO ] 2017-07-12 13:19:59.804(main:org.springframework.beans.factory.xml.DefaultBeanDefinitionDocumentReader): Skipped XML bean definition file due to specified profiles [production] not matching: file [/Users/xukaiqiang/Documents/workspace/guitar/src/apps/guitar-prj/build/resources/main/spring/applicationContext-database.xml]
[INFO ] 2017-07-12 13:19:59.805(main:org.springframework.beans.factory.xml.DefaultBeanDefinitionDocumentReader): Skipped XML bean definition file due to specified profiles [test] not matching: file [/Users/xukaiqiang/Documents/workspace/guitar/src/apps/guitar-prj/build/resources/main/spring/applicationContext-database.xml]
[INFO ] 2017-07-12 13:19:59.805(main:org.springframework.beans.factory.xml.XmlBeanDefinitionReader): Loading XML bean definitions from file [/Users/xukaiqiang/Documents/workspace/guitar/src/apps/guitar-prj/build/resources/main/spring/applicationContext-jpa.xml]
[INFO ] 2017-07-12 13:19:59.838(main:org.springframework.data.repository.config.RepositoryConfigurationDelegate): Multiple Spring Data modules found, entering strict repository configuration mode!
[INFO ] 2017-07-12 13:19:59.957(main:org.springframework.beans.factory.xml.XmlBeanDefinitionReader): Loading XML bean definitions from file [/Users/xukaiqiang/Documents/workspace/guitar/src/apps/guitar-prj/build/resources/main/spring/applicationContext-task.xml]
[INFO ] 2017-07-12 13:19:59.971(main:org.springframework.beans.factory.xml.XmlBeanDefinitionReader): Loading XML bean definitions from file [/Users/xukaiqiang/Documents/workspace/guitar/src/apps/guitar-prj/build/resources/main/spring/applicationContext.xml]
[INFO ] 2017-07-12 13:20:00.076(main:org.springframework.beans.factory.xml.DefaultBeanDefinitionDocumentReader): Skipped XML bean definition file due to specified profiles [production] not matching: file [/Users/xukaiqiang/Documents/workspace/guitar/src/apps/guitar-prj/build/resources/main/spring/applicationContext.xml]
[INFO ] 2017-07-12 13:20:00.077(main:org.springframework.beans.factory.xml.DefaultBeanDefinitionDocumentReader): Skipped XML bean definition file due to specified profiles [test] not matching: file [/Users/xukaiqiang/Documents/workspace/guitar/src/apps/guitar-prj/build/resources/main/spring/applicationContext.xml]
[INFO ] 2017-07-12 13:20:00.077(main:org.springframework.beans.factory.xml.XmlBeanDefinitionReader): Loading XML bean definitions from file [/Users/xukaiqiang/Documents/workspace/guitar/src/apps/guitar-prj/build/resources/main/spring/swagger.xml]
[INFO ] 2017-07-12 13:20:00.239(main:org.springframework.context.annotation.ConfigurationClassBeanDefinitionReader): Skipping bean definition for [BeanMethod:name=jedisConnectionFactory,declaringClass=com.xukaiqiang.redis.RedisConfiguration]: a definition for bean 'jedisConnectionFactory' already exists. This top-level bean definition is considered as an override.
[INFO ] 2017-07-12 13:20:00.426(main:org.springframework.scheduling.concurrent.ThreadPoolTaskExecutor): Initializing ExecutorService 
[INFO ] 2017-07-12 13:20:00.426(main:org.springframework.context.support.PostProcessorRegistrationDelegate$BeanPostProcessorChecker): Bean 'defaultExecutor' of type [org.springframework.scheduling.config.TaskExecutorFactoryBean] is not eligible for getting processed by all BeanPostProcessors (for example: not eligible for auto-proxying)
[INFO ] 2017-07-12 13:20:00.426(main:org.springframework.context.support.PostProcessorRegistrationDelegate$BeanPostProcessorChecker): Bean 'defaultExecutor' of type [org.springframework.scheduling.concurrent.ThreadPoolTaskExecutor] is not eligible for getting processed by all BeanPostProcessors (for example: not eligible for auto-proxying)
[INFO ] 2017-07-12 13:20:00.458(main:org.springframework.scheduling.concurrent.ThreadPoolTaskScheduler): Initializing ExecutorService  'defaultScheduler'
[INFO ] 2017-07-12 13:20:00.458(main:org.springframework.context.support.PostProcessorRegistrationDelegate$BeanPostProcessorChecker): Bean 'defaultScheduler' of type [org.springframework.scheduling.concurrent.ThreadPoolTaskScheduler] is not eligible for getting processed by all BeanPostProcessors (for example: not eligible for auto-proxying)
[INFO ] 2017-07-12 13:20:01.130(main:org.springframework.orm.jpa.LocalContainerEntityManagerFactoryBean): Building JPA container EntityManagerFactory for persistence unit 'default'
[INFO ] 2017-07-12 13:20:02.186(main:org.springframework.orm.jpa.LocalContainerEntityManagerFactoryBean): Initialized JPA EntityManagerFactory for persistence unit 'default'
[INFO ] 2017-07-12 13:20:04.298(main:com.xukaiqiang.jcaptcha.service.impl.JCaptchaServiceImpl): Init com.xukaiqiang.jcaptcha.service.impl.JCaptchaServiceImpl$1
[WARN ] 2017-07-12 13:20:04.357(main:org.springframework.web.context.support.XmlWebApplicationContext): Exception encountered during context initialization - cancelling refresh attempt: org.springframework.beans.factory.UnsatisfiedDependencyException: Error creating bean with name 'defaultSwaggerController': Unsatisfied dependency expressed through field 'swaggerCache'; nested exception is org.springframework.beans.factory.UnsatisfiedDependencyException: Error creating bean with name 'com.mangofactory.swagger.configuration.SpringSwaggerConfig#0': Unsatisfied dependency expressed through field 'handlerMappings'; nested exception is org.springframework.beans.factory.NoSuchBeanDefinitionException: No qualifying bean of type 'java.util.List<org.springframework.web.servlet.mvc.method.annotation.RequestMappingHandlerMapping>' available: expected at least 1 bean which qualifies as autowire candidate. Dependency annotations: {@org.springframework.beans.factory.annotation.Autowired(required=true)}
[INFO ] 2017-07-12 13:20:04.358(main:org.springframework.orm.jpa.LocalContainerEntityManagerFactoryBean): Closing JPA EntityManagerFactory for persistence unit 'default'
[INFO ] 2017-07-12 13:20:04.359(main:org.springframework.scheduling.concurrent.ThreadPoolTaskScheduler): Shutting down ExecutorService 'defaultScheduler'
[INFO ] 2017-07-12 13:20:04.359(main:org.springframework.scheduling.concurrent.ThreadPoolTaskExecutor): Shutting down ExecutorService
[ERROR] 2017-07-12 13:20:04.360(main:org.springframework.web.context.ContextLoader): Context initialization failed
org.springframework.beans.factory.UnsatisfiedDependencyException: Error creating bean with name 'defaultSwaggerController': Unsatisfied dependency expressed through field 'swaggerCache'; nested exception is org.springframework.beans.factory.UnsatisfiedDependencyException: Error creating bean with name 'com.mangofactory.swagger.configuration.SpringSwaggerConfig#0': Unsatisfied dependency expressed through field 'handlerMappings'; nested exception is org.springframework.beans.factory.NoSuchBeanDefinitionException: No qualifying bean of type 'java.util.List<org.springframework.web.servlet.mvc.method.annotation.RequestMappingHandlerMapping>' available: expected at least 1 bean which qualifies as autowire candidate. Dependency annotations: {@org.springframework.beans.factory.annotation.Autowired(required=true)}
	at org.springframework.beans.factory.annotation.AutowiredAnnotationBeanPostProcessor$AutowiredFieldElement.inject(AutowiredAnnotationBeanPostProcessor.java:588) ~[spring-beans-4.3.7.RELEASE.jar:4.3.7.RELEASE]
	at org.springframework.beans.factory.annotation.InjectionMetadata.inject(InjectionMetadata.java:88) ~[spring-beans-4.3.7.RELEASE.jar:4.3.7.RELEASE]
	at org.springframework.beans.factory.annotation.AutowiredAnnotationBeanPostProcessor.postProcessPropertyValues(AutowiredAnnotationBeanPostProcessor.java:366) ~[spring-beans-4.3.7.RELEASE.jar:4.3.7.RELEASE]
	at org.springframework.beans.factory.support.AbstractAutowireCapableBeanFactory.populateBean(AbstractAutowireCapableBeanFactory.java:1264) ~[spring-beans-4.3.7.RELEASE.jar:4.3.7.RELEASE]
	at org.springframework.beans.factory.support.AbstractAutowireCapableBeanFactory.doCreateBean(AbstractAutowireCapableBeanFactory.java:553) ~[spring-beans-4.3.7.RELEASE.jar:4.3.7.RELEASE]
	at org.springframework.beans.factory.support.AbstractAutowireCapableBeanFactory.createBean(AbstractAutowireCapableBeanFactory.java:483) ~[spring-beans-4.3.7.RELEASE.jar:4.3.7.RELEASE]
	at org.springframework.beans.factory.support.AbstractBeanFactory$1.getObject(AbstractBeanFactory.java:306) ~[spring-beans-4.3.7.RELEASE.jar:4.3.7.RELEASE]
	at org.springframework.beans.factory.support.DefaultSingletonBeanRegistry.getSingleton(DefaultSingletonBeanRegistry.java:230) ~[spring-beans-4.3.7.RELEASE.jar:4.3.7.RELEASE]
	at org.springframework.beans.factory.support.AbstractBeanFactory.doGetBean(AbstractBeanFactory.java:302) ~[spring-beans-4.3.7.RELEASE.jar:4.3.7.RELEASE]
	at org.springframework.beans.factory.support.AbstractBeanFactory.getBean(AbstractBeanFactory.java:197) ~[spring-beans-4.3.7.RELEASE.jar:4.3.7.RELEASE]
	at org.springframework.beans.factory.support.DefaultListableBeanFactory.preInstantiateSingletons(DefaultListableBeanFactory.java:761) ~[spring-beans-4.3.7.RELEASE.jar:4.3.7.RELEASE]
	at org.springframework.context.support.AbstractApplicationContext.finishBeanFactoryInitialization(AbstractApplicationContext.java:866) ~[spring-context-4.3.7.RELEASE.jar:4.3.7.RELEASE]
	at org.springframework.context.support.AbstractApplicationContext.refresh(AbstractApplicationContext.java:542) ~[spring-context-4.3.7.RELEASE.jar:4.3.7.RELEASE]
	at org.springframework.web.context.ContextLoader.configureAndRefreshWebApplicationContext(ContextLoader.java:443) ~[spring-web-4.3.7.RELEASE.jar:4.3.7.RELEASE]
	at org.springframework.web.context.ContextLoader.initWebApplicationContext(ContextLoader.java:325) [spring-web-4.3.7.RELEASE.jar:4.3.7.RELEASE]
	at org.springframework.web.context.ContextLoaderListener.contextInitialized(ContextLoaderListener.java:107) [spring-web-4.3.7.RELEASE.jar:4.3.7.RELEASE]
	at org.eclipse.jetty.server.handler.ContextHandler.callContextInitialized(ContextHandler.java:800) [jetty-server-9.2.10.v20150310.jar:9.2.10.v20150310]
	at org.eclipse.jetty.servlet.ServletContextHandler.callContextInitialized(ServletContextHandler.java:444) [jetty-servlet-9.2.10.v20150310.jar:9.2.10.v20150310]
	at org.eclipse.jetty.server.handler.ContextHandler.startContext(ContextHandler.java:791) [jetty-server-9.2.10.v20150310.jar:9.2.10.v20150310]
	at org.eclipse.jetty.servlet.ServletContextHandler.startContext(ServletContextHandler.java:294) [jetty-servlet-9.2.10.v20150310.jar:9.2.10.v20150310]
	at org.eclipse.jetty.webapp.WebAppContext.startWebapp(WebAppContext.java:1349) [jetty-webapp-9.2.10.v20150310.jar:9.2.10.v20150310]
	at org.eclipse.jetty.webapp.WebAppContext.startContext(WebAppContext.java:1342) [jetty-webapp-9.2.10.v20150310.jar:9.2.10.v20150310]
	at org.eclipse.jetty.server.handler.ContextHandler.doStart(ContextHandler.java:741) [jetty-server-9.2.10.v20150310.jar:9.2.10.v20150310]
	at org.eclipse.jetty.webapp.WebAppContext.doStart(WebAppContext.java:505) [jetty-webapp-9.2.10.v20150310.jar:9.2.10.v20150310]
	at org.akhikhl.gretty.JettyWebAppContext.super$10$doStart(JettyWebAppContext.groovy) [gretty-runner-jetty9-1.2.4.jar:?]
	at sun.reflect.NativeMethodAccessorImpl.invoke0(Native Method) ~[?:1.8.0_131]
	at sun.reflect.NativeMethodAccessorImpl.invoke(NativeMethodAccessorImpl.java:62) ~[?:1.8.0_131]
	at sun.reflect.DelegatingMethodAccessorImpl.invoke(DelegatingMethodAccessorImpl.java:43) ~[?:1.8.0_131]
	at java.lang.reflect.Method.invoke(Method.java:498) ~[?:1.8.0_131]
	at org.codehaus.groovy.reflection.CachedMethod.invoke(CachedMethod.java:90) [groovy-all-2.3.10.jar:2.3.10]
	at groovy.lang.MetaMethod.doMethodInvoke(MetaMethod.java:324) [groovy-all-2.3.10.jar:2.3.10]
	at groovy.lang.MetaClassImpl.invokeMethod(MetaClassImpl.java:1206) [groovy-all-2.3.10.jar:2.3.10]
	at org.codehaus.groovy.runtime.ScriptBytecodeAdapter.invokeMethodOnSuperN(ScriptBytecodeAdapter.java:130) [groovy-all-2.3.10.jar:2.3.10]
	at org.codehaus.groovy.runtime.ScriptBytecodeAdapter.invokeMethodOnSuper0(ScriptBytecodeAdapter.java:150) [groovy-all-2.3.10.jar:2.3.10]
	at org.akhikhl.gretty.JettyWebAppContext.doStart(JettyWebAppContext.groovy:44) [gretty-runner-jetty9-1.2.4.jar:?]
	at org.eclipse.jetty.util.component.AbstractLifeCycle.start(AbstractLifeCycle.java:68) [jetty-util-9.2.10.v20150310.jar:9.2.10.v20150310]
	at org.eclipse.jetty.util.component.ContainerLifeCycle.start(ContainerLifeCycle.java:132) [jetty-util-9.2.10.v20150310.jar:9.2.10.v20150310]
	at org.eclipse.jetty.util.component.ContainerLifeCycle.doStart(ContainerLifeCycle.java:114) [jetty-util-9.2.10.v20150310.jar:9.2.10.v20150310]
	at org.eclipse.jetty.server.handler.AbstractHandler.doStart(AbstractHandler.java:61) [jetty-server-9.2.10.v20150310.jar:9.2.10.v20150310]
	at org.eclipse.jetty.server.handler.ContextHandlerCollection.doStart(ContextHandlerCollection.java:163) [jetty-server-9.2.10.v20150310.jar:9.2.10.v20150310]
	at org.eclipse.jetty.util.component.AbstractLifeCycle.start(AbstractLifeCycle.java:68) [jetty-util-9.2.10.v20150310.jar:9.2.10.v20150310]
	at org.eclipse.jetty.util.component.ContainerLifeCycle.start(ContainerLifeCycle.java:132) [jetty-util-9.2.10.v20150310.jar:9.2.10.v20150310]
	at org.eclipse.jetty.server.Server.start(Server.java:387) [jetty-server-9.2.10.v20150310.jar:9.2.10.v20150310]
	at org.eclipse.jetty.util.component.ContainerLifeCycle.doStart(ContainerLifeCycle.java:114) [jetty-util-9.2.10.v20150310.jar:9.2.10.v20150310]
	at org.eclipse.jetty.server.handler.AbstractHandler.doStart(AbstractHandler.java:61) [jetty-server-9.2.10.v20150310.jar:9.2.10.v20150310]
	at org.eclipse.jetty.server.Server.doStart(Server.java:354) [jetty-server-9.2.10.v20150310.jar:9.2.10.v20150310]
	at org.eclipse.jetty.util.component.AbstractLifeCycle.start(AbstractLifeCycle.java:68) [jetty-util-9.2.10.v20150310.jar:9.2.10.v20150310]
	at org.eclipse.jetty.util.component.LifeCycle$start$0.call(Unknown Source) [jetty-util-9.2.10.v20150310.jar:9.2.10.v20150310]
	at org.codehaus.groovy.runtime.callsite.CallSiteArray.defaultCall(CallSiteArray.java:45) [groovy-all-2.3.10.jar:2.3.10]
	at org.codehaus.groovy.runtime.callsite.AbstractCallSite.call(AbstractCallSite.java:108) [groovy-all-2.3.10.jar:2.3.10]
	at org.codehaus.groovy.runtime.callsite.AbstractCallSite.call(AbstractCallSite.java:112) [groovy-all-2.3.10.jar:2.3.10]
	at org.akhikhl.gretty.JettyServerManager.startServer(JettyServerManager.groovy:45) [gretty-runner-jetty-1.2.4.jar:?]
	at org.akhikhl.gretty.ServerManager$startServer$0.call(Unknown Source) [gretty-runner-1.2.4.jar:?]
	at org.codehaus.groovy.runtime.callsite.CallSiteArray.defaultCall(CallSiteArray.java:45) [groovy-all-2.3.10.jar:2.3.10]
	at org.codehaus.groovy.runtime.callsite.AbstractCallSite.call(AbstractCallSite.java:108) [groovy-all-2.3.10.jar:2.3.10]
	at org.codehaus.groovy.runtime.callsite.AbstractCallSite.call(AbstractCallSite.java:116) [groovy-all-2.3.10.jar:2.3.10]
	at org.akhikhl.gretty.Runner.run(Runner.groovy:119) [gretty-runner-1.2.4.jar:?]
	at org.akhikhl.gretty.Runner.this$2$run(Runner.groovy) [gretty-runner-1.2.4.jar:?]
	at org.akhikhl.gretty.Runner$this$2$run.call(Unknown Source) [gretty-runner-1.2.4.jar:?]
	at org.codehaus.groovy.runtime.callsite.CallSiteArray.defaultCall(CallSiteArray.java:45) [groovy-all-2.3.10.jar:2.3.10]
	at org.codehaus.groovy.runtime.callsite.AbstractCallSite.call(AbstractCallSite.java:108) [groovy-all-2.3.10.jar:2.3.10]
	at org.codehaus.groovy.runtime.callsite.AbstractCallSite.call(AbstractCallSite.java:112) [groovy-all-2.3.10.jar:2.3.10]
	at org.akhikhl.gretty.Runner.main(Runner.groovy:46) [gretty-runner-1.2.4.jar:?]
Caused by: org.springframework.beans.factory.UnsatisfiedDependencyException: Error creating bean with name 'com.mangofactory.swagger.configuration.SpringSwaggerConfig#0': Unsatisfied dependency expressed through field 'handlerMappings'; nested exception is org.springframework.beans.factory.NoSuchBeanDefinitionException: No qualifying bean of type 'java.util.List<org.springframework.web.servlet.mvc.method.annotation.RequestMappingHandlerMapping>' available: expected at least 1 bean which qualifies as autowire candidate. Dependency annotations: {@org.springframework.beans.factory.annotation.Autowired(required=true)}
	at org.springframework.beans.factory.annotation.AutowiredAnnotationBeanPostProcessor$AutowiredFieldElement.inject(AutowiredAnnotationBeanPostProcessor.java:588) ~[spring-beans-4.3.7.RELEASE.jar:4.3.7.RELEASE]
	at org.springframework.beans.factory.annotation.InjectionMetadata.inject(InjectionMetadata.java:88) ~[spring-beans-4.3.7.RELEASE.jar:4.3.7.RELEASE]
	at org.springframework.beans.factory.annotation.AutowiredAnnotationBeanPostProcessor.postProcessPropertyValues(AutowiredAnnotationBeanPostProcessor.java:366) ~[spring-beans-4.3.7.RELEASE.jar:4.3.7.RELEASE]
	at org.springframework.beans.factory.support.AbstractAutowireCapableBeanFactory.populateBean(AbstractAutowireCapableBeanFactory.java:1264) ~[spring-beans-4.3.7.RELEASE.jar:4.3.7.RELEASE]
	at org.springframework.beans.factory.support.AbstractAutowireCapableBeanFactory.doCreateBean(AbstractAutowireCapableBeanFactory.java:553) ~[spring-beans-4.3.7.RELEASE.jar:4.3.7.RELEASE]
	at org.springframework.beans.factory.support.AbstractAutowireCapableBeanFactory.createBean(AbstractAutowireCapableBeanFactory.java:483) ~[spring-beans-4.3.7.RELEASE.jar:4.3.7.RELEASE]
	at org.springframework.beans.factory.support.AbstractBeanFactory$1.getObject(AbstractBeanFactory.java:306) ~[spring-beans-4.3.7.RELEASE.jar:4.3.7.RELEASE]
	at org.springframework.beans.factory.support.DefaultSingletonBeanRegistry.getSingleton(DefaultSingletonBeanRegistry.java:230) ~[spring-beans-4.3.7.RELEASE.jar:4.3.7.RELEASE]
	at org.springframework.beans.factory.support.AbstractBeanFactory.doGetBean(AbstractBeanFactory.java:302) ~[spring-beans-4.3.7.RELEASE.jar:4.3.7.RELEASE]
	at org.springframework.beans.factory.support.AbstractBeanFactory.getBean(AbstractBeanFactory.java:197) ~[spring-beans-4.3.7.RELEASE.jar:4.3.7.RELEASE]
	at org.springframework.beans.factory.support.ConstructorResolver.instantiateUsingFactoryMethod(ConstructorResolver.java:372) ~[spring-beans-4.3.7.RELEASE.jar:4.3.7.RELEASE]
	at org.springframework.beans.factory.support.AbstractAutowireCapableBeanFactory.instantiateUsingFactoryMethod(AbstractAutowireCapableBeanFactory.java:1173) ~[spring-beans-4.3.7.RELEASE.jar:4.3.7.RELEASE]
	at org.springframework.beans.factory.support.AbstractAutowireCapableBeanFactory.createBeanInstance(AbstractAutowireCapableBeanFactory.java:1067) ~[spring-beans-4.3.7.RELEASE.jar:4.3.7.RELEASE]
	at org.springframework.beans.factory.support.AbstractAutowireCapableBeanFactory.doCreateBean(AbstractAutowireCapableBeanFactory.java:513) ~[spring-beans-4.3.7.RELEASE.jar:4.3.7.RELEASE]
	at org.springframework.beans.factory.support.AbstractAutowireCapableBeanFactory.createBean(AbstractAutowireCapableBeanFactory.java:483) ~[spring-beans-4.3.7.RELEASE.jar:4.3.7.RELEASE]
	at org.springframework.beans.factory.support.AbstractBeanFactory$1.getObject(AbstractBeanFactory.java:306) ~[spring-beans-4.3.7.RELEASE.jar:4.3.7.RELEASE]
	at org.springframework.beans.factory.support.DefaultSingletonBeanRegistry.getSingleton(DefaultSingletonBeanRegistry.java:230) ~[spring-beans-4.3.7.RELEASE.jar:4.3.7.RELEASE]
	at org.springframework.beans.factory.support.AbstractBeanFactory.doGetBean(AbstractBeanFactory.java:302) ~[spring-beans-4.3.7.RELEASE.jar:4.3.7.RELEASE]
	at org.springframework.beans.factory.support.AbstractBeanFactory.getBean(AbstractBeanFactory.java:202) ~[spring-beans-4.3.7.RELEASE.jar:4.3.7.RELEASE]
	at org.springframework.beans.factory.config.DependencyDescriptor.resolveCandidate(DependencyDescriptor.java:208) ~[spring-beans-4.3.7.RELEASE.jar:4.3.7.RELEASE]
	at org.springframework.beans.factory.support.DefaultListableBeanFactory.doResolveDependency(DefaultListableBeanFactory.java:1138) ~[spring-beans-4.3.7.RELEASE.jar:4.3.7.RELEASE]
	at org.springframework.beans.factory.support.DefaultListableBeanFactory.resolveDependency(DefaultListableBeanFactory.java:1066) ~[spring-beans-4.3.7.RELEASE.jar:4.3.7.RELEASE]
	at org.springframework.beans.factory.annotation.AutowiredAnnotationBeanPostProcessor$AutowiredFieldElement.inject(AutowiredAnnotationBeanPostProcessor.java:585) ~[spring-beans-4.3.7.RELEASE.jar:4.3.7.RELEASE]
	... 62 more
Caused by: org.springframework.beans.factory.NoSuchBeanDefinitionException: No qualifying bean of type 'java.util.List<org.springframework.web.servlet.mvc.method.annotation.RequestMappingHandlerMapping>' available: expected at least 1 bean which qualifies as autowire candidate. Dependency annotations: {@org.springframework.beans.factory.annotation.Autowired(required=true)}
	at org.springframework.beans.factory.support.DefaultListableBeanFactory.raiseNoMatchingBeanFound(DefaultListableBeanFactory.java:1486) ~[spring-beans-4.3.7.RELEASE.jar:4.3.7.RELEASE]
	at org.springframework.beans.factory.support.DefaultListableBeanFactory.doResolveDependency(DefaultListableBeanFactory.java:1104) ~[spring-beans-4.3.7.RELEASE.jar:4.3.7.RELEASE]
	at org.springframework.beans.factory.support.DefaultListableBeanFactory.resolveDependency(DefaultListableBeanFactory.java:1066) ~[spring-beans-4.3.7.RELEASE.jar:4.3.7.RELEASE]
	at org.springframework.beans.factory.annotation.AutowiredAnnotationBeanPostProcessor$AutowiredFieldElement.inject(AutowiredAnnotationBeanPostProcessor.java:585) ~[spring-beans-4.3.7.RELEASE.jar:4.3.7.RELEASE]
	at org.springframework.beans.factory.annotation.InjectionMetadata.inject(InjectionMetadata.java:88) ~[spring-beans-4.3.7.RELEASE.jar:4.3.7.RELEASE]
	at org.springframework.beans.factory.annotation.AutowiredAnnotationBeanPostProcessor.postProcessPropertyValues(AutowiredAnnotationBeanPostProcessor.java:366) ~[spring-beans-4.3.7.RELEASE.jar:4.3.7.RELEASE]
	at org.springframework.beans.factory.support.AbstractAutowireCapableBeanFactory.populateBean(AbstractAutowireCapableBeanFactory.java:1264) ~[spring-beans-4.3.7.RELEASE.jar:4.3.7.RELEASE]
	at org.springframework.beans.factory.support.AbstractAutowireCapableBeanFactory.doCreateBean(AbstractAutowireCapableBeanFactory.java:553) ~[spring-beans-4.3.7.RELEASE.jar:4.3.7.RELEASE]
	at org.springframework.beans.factory.support.AbstractAutowireCapableBeanFactory.createBean(AbstractAutowireCapableBeanFactory.java:483) ~[spring-beans-4.3.7.RELEASE.jar:4.3.7.RELEASE]
	at org.springframework.beans.factory.support.AbstractBeanFactory$1.getObject(AbstractBeanFactory.java:306) ~[spring-beans-4.3.7.RELEASE.jar:4.3.7.RELEASE]
	at org.springframework.beans.factory.support.DefaultSingletonBeanRegistry.getSingleton(DefaultSingletonBeanRegistry.java:230) ~[spring-beans-4.3.7.RELEASE.jar:4.3.7.RELEASE]
	at org.springframework.beans.factory.support.AbstractBeanFactory.doGetBean(AbstractBeanFactory.java:302) ~[spring-beans-4.3.7.RELEASE.jar:4.3.7.RELEASE]
	at org.springframework.beans.factory.support.AbstractBeanFactory.getBean(AbstractBeanFactory.java:197) ~[spring-beans-4.3.7.RELEASE.jar:4.3.7.RELEASE]
	at org.springframework.beans.factory.support.ConstructorResolver.instantiateUsingFactoryMethod(ConstructorResolver.java:372) ~[spring-beans-4.3.7.RELEASE.jar:4.3.7.RELEASE]
	at org.springframework.beans.factory.support.AbstractAutowireCapableBeanFactory.instantiateUsingFactoryMethod(AbstractAutowireCapableBeanFactory.java:1173) ~[spring-beans-4.3.7.RELEASE.jar:4.3.7.RELEASE]
	at org.springframework.beans.factory.support.AbstractAutowireCapableBeanFactory.createBeanInstance(AbstractAutowireCapableBeanFactory.java:1067) ~[spring-beans-4.3.7.RELEASE.jar:4.3.7.RELEASE]
	at org.springframework.beans.factory.support.AbstractAutowireCapableBeanFactory.doCreateBean(AbstractAutowireCapableBeanFactory.java:513) ~[spring-beans-4.3.7.RELEASE.jar:4.3.7.RELEASE]
	at org.springframework.beans.factory.support.AbstractAutowireCapableBeanFactory.createBean(AbstractAutowireCapableBeanFactory.java:483) ~[spring-beans-4.3.7.RELEASE.jar:4.3.7.RELEASE]
	at org.springframework.beans.factory.support.AbstractBeanFactory$1.getObject(AbstractBeanFactory.java:306) ~[spring-beans-4.3.7.RELEASE.jar:4.3.7.RELEASE]
	at org.springframework.beans.factory.support.DefaultSingletonBeanRegistry.getSingleton(DefaultSingletonBeanRegistry.java:230) ~[spring-beans-4.3.7.RELEASE.jar:4.3.7.RELEASE]
	at org.springframework.beans.factory.support.AbstractBeanFactory.doGetBean(AbstractBeanFactory.java:302) ~[spring-beans-4.3.7.RELEASE.jar:4.3.7.RELEASE]
	at org.springframework.beans.factory.support.AbstractBeanFactory.getBean(AbstractBeanFactory.java:202) ~[spring-beans-4.3.7.RELEASE.jar:4.3.7.RELEASE]
	at org.springframework.beans.factory.config.DependencyDescriptor.resolveCandidate(DependencyDescriptor.java:208) ~[spring-beans-4.3.7.RELEASE.jar:4.3.7.RELEASE]
	at org.springframework.beans.factory.support.DefaultListableBeanFactory.doResolveDependency(DefaultListableBeanFactory.java:1138) ~[spring-beans-4.3.7.RELEASE.jar:4.3.7.RELEASE]
	at org.springframework.beans.factory.support.DefaultListableBeanFactory.resolveDependency(DefaultListableBeanFactory.java:1066) ~[spring-beans-4.3.7.RELEASE.jar:4.3.7.RELEASE]
	at org.springframework.beans.factory.annotation.AutowiredAnnotationBeanPostProcessor$AutowiredFieldElement.inject(AutowiredAnnotationBeanPostProcessor.java:585) ~[spring-beans-4.3.7.RELEASE.jar:4.3.7.RELEASE]
	... 62 more
[INFO ] 2017-07-12 13:35:39.052(main:org.springframework.web.context.ContextLoader): Root WebApplicationContext: initialization started
[INFO ] 2017-07-12 13:35:39.083(main:org.springframework.web.context.support.XmlWebApplicationContext): Refreshing Root WebApplicationContext: startup date [Wed Jul 12 13:35:39 CST 2017]; root of context hierarchy
[INFO ] 2017-07-12 13:35:39.110(main:org.springframework.beans.factory.xml.XmlBeanDefinitionReader): Loading XML bean definitions from file [/Users/xukaiqiang/Documents/workspace/guitar/src/apps/guitar-prj/build/resources/main/spring/applicationContext-cache.xml]
[INFO ] 2017-07-12 13:35:39.449(main:org.springframework.beans.factory.xml.DefaultBeanDefinitionDocumentReader): Skipped XML bean definition file due to specified profiles [production] not matching: file [/Users/xukaiqiang/Documents/workspace/guitar/src/apps/guitar-prj/build/resources/main/spring/applicationContext-cache.xml]
[INFO ] 2017-07-12 13:35:39.460(main:org.springframework.beans.factory.xml.XmlBeanDefinitionReader): Loading XML bean definitions from file [/Users/xukaiqiang/Documents/workspace/guitar/src/apps/guitar-prj/build/resources/main/spring/applicationContext-database.xml]
[INFO ] 2017-07-12 13:35:39.472(main:org.springframework.beans.factory.xml.DefaultBeanDefinitionDocumentReader): Skipped XML bean definition file due to specified profiles [production] not matching: file [/Users/xukaiqiang/Documents/workspace/guitar/src/apps/guitar-prj/build/resources/main/spring/applicationContext-database.xml]
[INFO ] 2017-07-12 13:35:39.473(main:org.springframework.beans.factory.xml.DefaultBeanDefinitionDocumentReader): Skipped XML bean definition file due to specified profiles [test] not matching: file [/Users/xukaiqiang/Documents/workspace/guitar/src/apps/guitar-prj/build/resources/main/spring/applicationContext-database.xml]
[INFO ] 2017-07-12 13:35:39.473(main:org.springframework.beans.factory.xml.XmlBeanDefinitionReader): Loading XML bean definitions from file [/Users/xukaiqiang/Documents/workspace/guitar/src/apps/guitar-prj/build/resources/main/spring/applicationContext-jpa.xml]
[INFO ] 2017-07-12 13:35:39.507(main:org.springframework.data.repository.config.RepositoryConfigurationDelegate): Multiple Spring Data modules found, entering strict repository configuration mode!
[INFO ] 2017-07-12 13:35:39.634(main:org.springframework.beans.factory.xml.XmlBeanDefinitionReader): Loading XML bean definitions from file [/Users/xukaiqiang/Documents/workspace/guitar/src/apps/guitar-prj/build/resources/main/spring/applicationContext-task.xml]
[INFO ] 2017-07-12 13:35:39.651(main:org.springframework.beans.factory.xml.XmlBeanDefinitionReader): Loading XML bean definitions from file [/Users/xukaiqiang/Documents/workspace/guitar/src/apps/guitar-prj/build/resources/main/spring/applicationContext.xml]
[INFO ] 2017-07-12 13:35:39.767(main:org.springframework.beans.factory.xml.DefaultBeanDefinitionDocumentReader): Skipped XML bean definition file due to specified profiles [production] not matching: file [/Users/xukaiqiang/Documents/workspace/guitar/src/apps/guitar-prj/build/resources/main/spring/applicationContext.xml]
[INFO ] 2017-07-12 13:35:39.769(main:org.springframework.beans.factory.xml.DefaultBeanDefinitionDocumentReader): Skipped XML bean definition file due to specified profiles [test] not matching: file [/Users/xukaiqiang/Documents/workspace/guitar/src/apps/guitar-prj/build/resources/main/spring/applicationContext.xml]
[INFO ] 2017-07-12 13:35:39.769(main:org.springframework.beans.factory.xml.XmlBeanDefinitionReader): Loading XML bean definitions from file [/Users/xukaiqiang/Documents/workspace/guitar/src/apps/guitar-prj/build/resources/main/spring/swagger.xml]
[INFO ] 2017-07-12 13:35:39.940(main:org.springframework.context.annotation.ConfigurationClassBeanDefinitionReader): Skipping bean definition for [BeanMethod:name=jedisConnectionFactory,declaringClass=com.xukaiqiang.redis.RedisConfiguration]: a definition for bean 'jedisConnectionFactory' already exists. This top-level bean definition is considered as an override.
[INFO ] 2017-07-12 13:35:40.159(main:org.springframework.scheduling.concurrent.ThreadPoolTaskExecutor): Initializing ExecutorService 
[INFO ] 2017-07-12 13:35:40.159(main:org.springframework.context.support.PostProcessorRegistrationDelegate$BeanPostProcessorChecker): Bean 'defaultExecutor' of type [org.springframework.scheduling.config.TaskExecutorFactoryBean] is not eligible for getting processed by all BeanPostProcessors (for example: not eligible for auto-proxying)
[INFO ] 2017-07-12 13:35:40.159(main:org.springframework.context.support.PostProcessorRegistrationDelegate$BeanPostProcessorChecker): Bean 'defaultExecutor' of type [org.springframework.scheduling.concurrent.ThreadPoolTaskExecutor] is not eligible for getting processed by all BeanPostProcessors (for example: not eligible for auto-proxying)
[INFO ] 2017-07-12 13:35:40.187(main:org.springframework.scheduling.concurrent.ThreadPoolTaskScheduler): Initializing ExecutorService  'defaultScheduler'
[INFO ] 2017-07-12 13:35:40.187(main:org.springframework.context.support.PostProcessorRegistrationDelegate$BeanPostProcessorChecker): Bean 'defaultScheduler' of type [org.springframework.scheduling.concurrent.ThreadPoolTaskScheduler] is not eligible for getting processed by all BeanPostProcessors (for example: not eligible for auto-proxying)
[INFO ] 2017-07-12 13:35:40.743(main:org.springframework.orm.jpa.LocalContainerEntityManagerFactoryBean): Building JPA container EntityManagerFactory for persistence unit 'default'
[INFO ] 2017-07-12 13:35:41.625(main:org.springframework.orm.jpa.LocalContainerEntityManagerFactoryBean): Initialized JPA EntityManagerFactory for persistence unit 'default'
[INFO ] 2017-07-12 13:35:43.666(main:com.xukaiqiang.jcaptcha.service.impl.JCaptchaServiceImpl): Init com.xukaiqiang.jcaptcha.service.impl.JCaptchaServiceImpl$1
[WARN ] 2017-07-12 13:35:43.725(main:org.springframework.web.context.support.XmlWebApplicationContext): Exception encountered during context initialization - cancelling refresh attempt: org.springframework.beans.factory.UnsatisfiedDependencyException: Error creating bean with name 'defaultSwaggerController': Unsatisfied dependency expressed through field 'swaggerCache'; nested exception is org.springframework.beans.factory.UnsatisfiedDependencyException: Error creating bean with name 'com.mangofactory.swagger.configuration.SpringSwaggerConfig#0': Unsatisfied dependency expressed through field 'handlerMappings'; nested exception is org.springframework.beans.factory.NoSuchBeanDefinitionException: No qualifying bean of type 'java.util.List<org.springframework.web.servlet.mvc.method.annotation.RequestMappingHandlerMapping>' available: expected at least 1 bean which qualifies as autowire candidate. Dependency annotations: {@org.springframework.beans.factory.annotation.Autowired(required=true)}
[INFO ] 2017-07-12 13:35:43.726(main:org.springframework.orm.jpa.LocalContainerEntityManagerFactoryBean): Closing JPA EntityManagerFactory for persistence unit 'default'
[INFO ] 2017-07-12 13:35:43.727(main:org.springframework.scheduling.concurrent.ThreadPoolTaskScheduler): Shutting down ExecutorService 'defaultScheduler'
[INFO ] 2017-07-12 13:35:43.727(main:org.springframework.scheduling.concurrent.ThreadPoolTaskExecutor): Shutting down ExecutorService
[ERROR] 2017-07-12 13:35:43.729(main:org.springframework.web.context.ContextLoader): Context initialization failed
org.springframework.beans.factory.UnsatisfiedDependencyException: Error creating bean with name 'defaultSwaggerController': Unsatisfied dependency expressed through field 'swaggerCache'; nested exception is org.springframework.beans.factory.UnsatisfiedDependencyException: Error creating bean with name 'com.mangofactory.swagger.configuration.SpringSwaggerConfig#0': Unsatisfied dependency expressed through field 'handlerMappings'; nested exception is org.springframework.beans.factory.NoSuchBeanDefinitionException: No qualifying bean of type 'java.util.List<org.springframework.web.servlet.mvc.method.annotation.RequestMappingHandlerMapping>' available: expected at least 1 bean which qualifies as autowire candidate. Dependency annotations: {@org.springframework.beans.factory.annotation.Autowired(required=true)}
	at org.springframework.beans.factory.annotation.AutowiredAnnotationBeanPostProcessor$AutowiredFieldElement.inject(AutowiredAnnotationBeanPostProcessor.java:588) ~[spring-beans-4.3.7.RELEASE.jar:4.3.7.RELEASE]
	at org.springframework.beans.factory.annotation.InjectionMetadata.inject(InjectionMetadata.java:88) ~[spring-beans-4.3.7.RELEASE.jar:4.3.7.RELEASE]
	at org.springframework.beans.factory.annotation.AutowiredAnnotationBeanPostProcessor.postProcessPropertyValues(AutowiredAnnotationBeanPostProcessor.java:366) ~[spring-beans-4.3.7.RELEASE.jar:4.3.7.RELEASE]
	at org.springframework.beans.factory.support.AbstractAutowireCapableBeanFactory.populateBean(AbstractAutowireCapableBeanFactory.java:1264) ~[spring-beans-4.3.7.RELEASE.jar:4.3.7.RELEASE]
	at org.springframework.beans.factory.support.AbstractAutowireCapableBeanFactory.doCreateBean(AbstractAutowireCapableBeanFactory.java:553) ~[spring-beans-4.3.7.RELEASE.jar:4.3.7.RELEASE]
	at org.springframework.beans.factory.support.AbstractAutowireCapableBeanFactory.createBean(AbstractAutowireCapableBeanFactory.java:483) ~[spring-beans-4.3.7.RELEASE.jar:4.3.7.RELEASE]
	at org.springframework.beans.factory.support.AbstractBeanFactory$1.getObject(AbstractBeanFactory.java:306) ~[spring-beans-4.3.7.RELEASE.jar:4.3.7.RELEASE]
	at org.springframework.beans.factory.support.DefaultSingletonBeanRegistry.getSingleton(DefaultSingletonBeanRegistry.java:230) ~[spring-beans-4.3.7.RELEASE.jar:4.3.7.RELEASE]
	at org.springframework.beans.factory.support.AbstractBeanFactory.doGetBean(AbstractBeanFactory.java:302) ~[spring-beans-4.3.7.RELEASE.jar:4.3.7.RELEASE]
	at org.springframework.beans.factory.support.AbstractBeanFactory.getBean(AbstractBeanFactory.java:197) ~[spring-beans-4.3.7.RELEASE.jar:4.3.7.RELEASE]
	at org.springframework.beans.factory.support.DefaultListableBeanFactory.preInstantiateSingletons(DefaultListableBeanFactory.java:761) ~[spring-beans-4.3.7.RELEASE.jar:4.3.7.RELEASE]
	at org.springframework.context.support.AbstractApplicationContext.finishBeanFactoryInitialization(AbstractApplicationContext.java:866) ~[spring-context-4.3.7.RELEASE.jar:4.3.7.RELEASE]
	at org.springframework.context.support.AbstractApplicationContext.refresh(AbstractApplicationContext.java:542) ~[spring-context-4.3.7.RELEASE.jar:4.3.7.RELEASE]
	at org.springframework.web.context.ContextLoader.configureAndRefreshWebApplicationContext(ContextLoader.java:443) ~[spring-web-4.3.7.RELEASE.jar:4.3.7.RELEASE]
	at org.springframework.web.context.ContextLoader.initWebApplicationContext(ContextLoader.java:325) [spring-web-4.3.7.RELEASE.jar:4.3.7.RELEASE]
	at org.springframework.web.context.ContextLoaderListener.contextInitialized(ContextLoaderListener.java:107) [spring-web-4.3.7.RELEASE.jar:4.3.7.RELEASE]
	at org.eclipse.jetty.server.handler.ContextHandler.callContextInitialized(ContextHandler.java:800) [jetty-server-9.2.10.v20150310.jar:9.2.10.v20150310]
	at org.eclipse.jetty.servlet.ServletContextHandler.callContextInitialized(ServletContextHandler.java:444) [jetty-servlet-9.2.10.v20150310.jar:9.2.10.v20150310]
	at org.eclipse.jetty.server.handler.ContextHandler.startContext(ContextHandler.java:791) [jetty-server-9.2.10.v20150310.jar:9.2.10.v20150310]
	at org.eclipse.jetty.servlet.ServletContextHandler.startContext(ServletContextHandler.java:294) [jetty-servlet-9.2.10.v20150310.jar:9.2.10.v20150310]
	at org.eclipse.jetty.webapp.WebAppContext.startWebapp(WebAppContext.java:1349) [jetty-webapp-9.2.10.v20150310.jar:9.2.10.v20150310]
	at org.eclipse.jetty.webapp.WebAppContext.startContext(WebAppContext.java:1342) [jetty-webapp-9.2.10.v20150310.jar:9.2.10.v20150310]
	at org.eclipse.jetty.server.handler.ContextHandler.doStart(ContextHandler.java:741) [jetty-server-9.2.10.v20150310.jar:9.2.10.v20150310]
	at org.eclipse.jetty.webapp.WebAppContext.doStart(WebAppContext.java:505) [jetty-webapp-9.2.10.v20150310.jar:9.2.10.v20150310]
	at org.akhikhl.gretty.JettyWebAppContext.super$10$doStart(JettyWebAppContext.groovy) [gretty-runner-jetty9-1.2.4.jar:?]
	at sun.reflect.NativeMethodAccessorImpl.invoke0(Native Method) ~[?:1.8.0_131]
	at sun.reflect.NativeMethodAccessorImpl.invoke(NativeMethodAccessorImpl.java:62) ~[?:1.8.0_131]
	at sun.reflect.DelegatingMethodAccessorImpl.invoke(DelegatingMethodAccessorImpl.java:43) ~[?:1.8.0_131]
	at java.lang.reflect.Method.invoke(Method.java:498) ~[?:1.8.0_131]
	at org.codehaus.groovy.reflection.CachedMethod.invoke(CachedMethod.java:90) [groovy-all-2.3.10.jar:2.3.10]
	at groovy.lang.MetaMethod.doMethodInvoke(MetaMethod.java:324) [groovy-all-2.3.10.jar:2.3.10]
	at groovy.lang.MetaClassImpl.invokeMethod(MetaClassImpl.java:1206) [groovy-all-2.3.10.jar:2.3.10]
	at org.codehaus.groovy.runtime.ScriptBytecodeAdapter.invokeMethodOnSuperN(ScriptBytecodeAdapter.java:130) [groovy-all-2.3.10.jar:2.3.10]
	at org.codehaus.groovy.runtime.ScriptBytecodeAdapter.invokeMethodOnSuper0(ScriptBytecodeAdapter.java:150) [groovy-all-2.3.10.jar:2.3.10]
	at org.akhikhl.gretty.JettyWebAppContext.doStart(JettyWebAppContext.groovy:44) [gretty-runner-jetty9-1.2.4.jar:?]
	at org.eclipse.jetty.util.component.AbstractLifeCycle.start(AbstractLifeCycle.java:68) [jetty-util-9.2.10.v20150310.jar:9.2.10.v20150310]
	at org.eclipse.jetty.util.component.ContainerLifeCycle.start(ContainerLifeCycle.java:132) [jetty-util-9.2.10.v20150310.jar:9.2.10.v20150310]
	at org.eclipse.jetty.util.component.ContainerLifeCycle.doStart(ContainerLifeCycle.java:114) [jetty-util-9.2.10.v20150310.jar:9.2.10.v20150310]
	at org.eclipse.jetty.server.handler.AbstractHandler.doStart(AbstractHandler.java:61) [jetty-server-9.2.10.v20150310.jar:9.2.10.v20150310]
	at org.eclipse.jetty.server.handler.ContextHandlerCollection.doStart(ContextHandlerCollection.java:163) [jetty-server-9.2.10.v20150310.jar:9.2.10.v20150310]
	at org.eclipse.jetty.util.component.AbstractLifeCycle.start(AbstractLifeCycle.java:68) [jetty-util-9.2.10.v20150310.jar:9.2.10.v20150310]
	at org.eclipse.jetty.util.component.ContainerLifeCycle.start(ContainerLifeCycle.java:132) [jetty-util-9.2.10.v20150310.jar:9.2.10.v20150310]
	at org.eclipse.jetty.server.Server.start(Server.java:387) [jetty-server-9.2.10.v20150310.jar:9.2.10.v20150310]
	at org.eclipse.jetty.util.component.ContainerLifeCycle.doStart(ContainerLifeCycle.java:114) [jetty-util-9.2.10.v20150310.jar:9.2.10.v20150310]
	at org.eclipse.jetty.server.handler.AbstractHandler.doStart(AbstractHandler.java:61) [jetty-server-9.2.10.v20150310.jar:9.2.10.v20150310]
	at org.eclipse.jetty.server.Server.doStart(Server.java:354) [jetty-server-9.2.10.v20150310.jar:9.2.10.v20150310]
	at org.eclipse.jetty.util.component.AbstractLifeCycle.start(AbstractLifeCycle.java:68) [jetty-util-9.2.10.v20150310.jar:9.2.10.v20150310]
	at org.eclipse.jetty.util.component.LifeCycle$start$0.call(Unknown Source) [jetty-util-9.2.10.v20150310.jar:9.2.10.v20150310]
	at org.codehaus.groovy.runtime.callsite.CallSiteArray.defaultCall(CallSiteArray.java:45) [groovy-all-2.3.10.jar:2.3.10]
	at org.codehaus.groovy.runtime.callsite.AbstractCallSite.call(AbstractCallSite.java:108) [groovy-all-2.3.10.jar:2.3.10]
	at org.codehaus.groovy.runtime.callsite.AbstractCallSite.call(AbstractCallSite.java:112) [groovy-all-2.3.10.jar:2.3.10]
	at org.akhikhl.gretty.JettyServerManager.startServer(JettyServerManager.groovy:45) [gretty-runner-jetty-1.2.4.jar:?]
	at org.akhikhl.gretty.ServerManager$startServer$0.call(Unknown Source) [gretty-runner-1.2.4.jar:?]
	at org.codehaus.groovy.runtime.callsite.CallSiteArray.defaultCall(CallSiteArray.java:45) [groovy-all-2.3.10.jar:2.3.10]
	at org.codehaus.groovy.runtime.callsite.AbstractCallSite.call(AbstractCallSite.java:108) [groovy-all-2.3.10.jar:2.3.10]
	at org.codehaus.groovy.runtime.callsite.AbstractCallSite.call(AbstractCallSite.java:116) [groovy-all-2.3.10.jar:2.3.10]
	at org.akhikhl.gretty.Runner.run(Runner.groovy:119) [gretty-runner-1.2.4.jar:?]
	at org.akhikhl.gretty.Runner.this$2$run(Runner.groovy) [gretty-runner-1.2.4.jar:?]
	at org.akhikhl.gretty.Runner$this$2$run.call(Unknown Source) [gretty-runner-1.2.4.jar:?]
	at org.codehaus.groovy.runtime.callsite.CallSiteArray.defaultCall(CallSiteArray.java:45) [groovy-all-2.3.10.jar:2.3.10]
	at org.codehaus.groovy.runtime.callsite.AbstractCallSite.call(AbstractCallSite.java:108) [groovy-all-2.3.10.jar:2.3.10]
	at org.codehaus.groovy.runtime.callsite.AbstractCallSite.call(AbstractCallSite.java:112) [groovy-all-2.3.10.jar:2.3.10]
	at org.akhikhl.gretty.Runner.main(Runner.groovy:46) [gretty-runner-1.2.4.jar:?]
Caused by: org.springframework.beans.factory.UnsatisfiedDependencyException: Error creating bean with name 'com.mangofactory.swagger.configuration.SpringSwaggerConfig#0': Unsatisfied dependency expressed through field 'handlerMappings'; nested exception is org.springframework.beans.factory.NoSuchBeanDefinitionException: No qualifying bean of type 'java.util.List<org.springframework.web.servlet.mvc.method.annotation.RequestMappingHandlerMapping>' available: expected at least 1 bean which qualifies as autowire candidate. Dependency annotations: {@org.springframework.beans.factory.annotation.Autowired(required=true)}
	at org.springframework.beans.factory.annotation.AutowiredAnnotationBeanPostProcessor$AutowiredFieldElement.inject(AutowiredAnnotationBeanPostProcessor.java:588) ~[spring-beans-4.3.7.RELEASE.jar:4.3.7.RELEASE]
	at org.springframework.beans.factory.annotation.InjectionMetadata.inject(InjectionMetadata.java:88) ~[spring-beans-4.3.7.RELEASE.jar:4.3.7.RELEASE]
	at org.springframework.beans.factory.annotation.AutowiredAnnotationBeanPostProcessor.postProcessPropertyValues(AutowiredAnnotationBeanPostProcessor.java:366) ~[spring-beans-4.3.7.RELEASE.jar:4.3.7.RELEASE]
	at org.springframework.beans.factory.support.AbstractAutowireCapableBeanFactory.populateBean(AbstractAutowireCapableBeanFactory.java:1264) ~[spring-beans-4.3.7.RELEASE.jar:4.3.7.RELEASE]
	at org.springframework.beans.factory.support.AbstractAutowireCapableBeanFactory.doCreateBean(AbstractAutowireCapableBeanFactory.java:553) ~[spring-beans-4.3.7.RELEASE.jar:4.3.7.RELEASE]
	at org.springframework.beans.factory.support.AbstractAutowireCapableBeanFactory.createBean(AbstractAutowireCapableBeanFactory.java:483) ~[spring-beans-4.3.7.RELEASE.jar:4.3.7.RELEASE]
	at org.springframework.beans.factory.support.AbstractBeanFactory$1.getObject(AbstractBeanFactory.java:306) ~[spring-beans-4.3.7.RELEASE.jar:4.3.7.RELEASE]
	at org.springframework.beans.factory.support.DefaultSingletonBeanRegistry.getSingleton(DefaultSingletonBeanRegistry.java:230) ~[spring-beans-4.3.7.RELEASE.jar:4.3.7.RELEASE]
	at org.springframework.beans.factory.support.AbstractBeanFactory.doGetBean(AbstractBeanFactory.java:302) ~[spring-beans-4.3.7.RELEASE.jar:4.3.7.RELEASE]
	at org.springframework.beans.factory.support.AbstractBeanFactory.getBean(AbstractBeanFactory.java:197) ~[spring-beans-4.3.7.RELEASE.jar:4.3.7.RELEASE]
	at org.springframework.beans.factory.support.ConstructorResolver.instantiateUsingFactoryMethod(ConstructorResolver.java:372) ~[spring-beans-4.3.7.RELEASE.jar:4.3.7.RELEASE]
	at org.springframework.beans.factory.support.AbstractAutowireCapableBeanFactory.instantiateUsingFactoryMethod(AbstractAutowireCapableBeanFactory.java:1173) ~[spring-beans-4.3.7.RELEASE.jar:4.3.7.RELEASE]
	at org.springframework.beans.factory.support.AbstractAutowireCapableBeanFactory.createBeanInstance(AbstractAutowireCapableBeanFactory.java:1067) ~[spring-beans-4.3.7.RELEASE.jar:4.3.7.RELEASE]
	at org.springframework.beans.factory.support.AbstractAutowireCapableBeanFactory.doCreateBean(AbstractAutowireCapableBeanFactory.java:513) ~[spring-beans-4.3.7.RELEASE.jar:4.3.7.RELEASE]
	at org.springframework.beans.factory.support.AbstractAutowireCapableBeanFactory.createBean(AbstractAutowireCapableBeanFactory.java:483) ~[spring-beans-4.3.7.RELEASE.jar:4.3.7.RELEASE]
	at org.springframework.beans.factory.support.AbstractBeanFactory$1.getObject(AbstractBeanFactory.java:306) ~[spring-beans-4.3.7.RELEASE.jar:4.3.7.RELEASE]
	at org.springframework.beans.factory.support.DefaultSingletonBeanRegistry.getSingleton(DefaultSingletonBeanRegistry.java:230) ~[spring-beans-4.3.7.RELEASE.jar:4.3.7.RELEASE]
	at org.springframework.beans.factory.support.AbstractBeanFactory.doGetBean(AbstractBeanFactory.java:302) ~[spring-beans-4.3.7.RELEASE.jar:4.3.7.RELEASE]
	at org.springframework.beans.factory.support.AbstractBeanFactory.getBean(AbstractBeanFactory.java:202) ~[spring-beans-4.3.7.RELEASE.jar:4.3.7.RELEASE]
	at org.springframework.beans.factory.config.DependencyDescriptor.resolveCandidate(DependencyDescriptor.java:208) ~[spring-beans-4.3.7.RELEASE.jar:4.3.7.RELEASE]
	at org.springframework.beans.factory.support.DefaultListableBeanFactory.doResolveDependency(DefaultListableBeanFactory.java:1138) ~[spring-beans-4.3.7.RELEASE.jar:4.3.7.RELEASE]
	at org.springframework.beans.factory.support.DefaultListableBeanFactory.resolveDependency(DefaultListableBeanFactory.java:1066) ~[spring-beans-4.3.7.RELEASE.jar:4.3.7.RELEASE]
	at org.springframework.beans.factory.annotation.AutowiredAnnotationBeanPostProcessor$AutowiredFieldElement.inject(AutowiredAnnotationBeanPostProcessor.java:585) ~[spring-beans-4.3.7.RELEASE.jar:4.3.7.RELEASE]
	... 62 more
Caused by: org.springframework.beans.factory.NoSuchBeanDefinitionException: No qualifying bean of type 'java.util.List<org.springframework.web.servlet.mvc.method.annotation.RequestMappingHandlerMapping>' available: expected at least 1 bean which qualifies as autowire candidate. Dependency annotations: {@org.springframework.beans.factory.annotation.Autowired(required=true)}
	at org.springframework.beans.factory.support.DefaultListableBeanFactory.raiseNoMatchingBeanFound(DefaultListableBeanFactory.java:1486) ~[spring-beans-4.3.7.RELEASE.jar:4.3.7.RELEASE]
	at org.springframework.beans.factory.support.DefaultListableBeanFactory.doResolveDependency(DefaultListableBeanFactory.java:1104) ~[spring-beans-4.3.7.RELEASE.jar:4.3.7.RELEASE]
	at org.springframework.beans.factory.support.DefaultListableBeanFactory.resolveDependency(DefaultListableBeanFactory.java:1066) ~[spring-beans-4.3.7.RELEASE.jar:4.3.7.RELEASE]
	at org.springframework.beans.factory.annotation.AutowiredAnnotationBeanPostProcessor$AutowiredFieldElement.inject(AutowiredAnnotationBeanPostProcessor.java:585) ~[spring-beans-4.3.7.RELEASE.jar:4.3.7.RELEASE]
	at org.springframework.beans.factory.annotation.InjectionMetadata.inject(InjectionMetadata.java:88) ~[spring-beans-4.3.7.RELEASE.jar:4.3.7.RELEASE]
	at org.springframework.beans.factory.annotation.AutowiredAnnotationBeanPostProcessor.postProcessPropertyValues(AutowiredAnnotationBeanPostProcessor.java:366) ~[spring-beans-4.3.7.RELEASE.jar:4.3.7.RELEASE]
	at org.springframework.beans.factory.support.AbstractAutowireCapableBeanFactory.populateBean(AbstractAutowireCapableBeanFactory.java:1264) ~[spring-beans-4.3.7.RELEASE.jar:4.3.7.RELEASE]
	at org.springframework.beans.factory.support.AbstractAutowireCapableBeanFactory.doCreateBean(AbstractAutowireCapableBeanFactory.java:553) ~[spring-beans-4.3.7.RELEASE.jar:4.3.7.RELEASE]
	at org.springframework.beans.factory.support.AbstractAutowireCapableBeanFactory.createBean(AbstractAutowireCapableBeanFactory.java:483) ~[spring-beans-4.3.7.RELEASE.jar:4.3.7.RELEASE]
	at org.springframework.beans.factory.support.AbstractBeanFactory$1.getObject(AbstractBeanFactory.java:306) ~[spring-beans-4.3.7.RELEASE.jar:4.3.7.RELEASE]
	at org.springframework.beans.factory.support.DefaultSingletonBeanRegistry.getSingleton(DefaultSingletonBeanRegistry.java:230) ~[spring-beans-4.3.7.RELEASE.jar:4.3.7.RELEASE]
	at org.springframework.beans.factory.support.AbstractBeanFactory.doGetBean(AbstractBeanFactory.java:302) ~[spring-beans-4.3.7.RELEASE.jar:4.3.7.RELEASE]
	at org.springframework.beans.factory.support.AbstractBeanFactory.getBean(AbstractBeanFactory.java:197) ~[spring-beans-4.3.7.RELEASE.jar:4.3.7.RELEASE]
	at org.springframework.beans.factory.support.ConstructorResolver.instantiateUsingFactoryMethod(ConstructorResolver.java:372) ~[spring-beans-4.3.7.RELEASE.jar:4.3.7.RELEASE]
	at org.springframework.beans.factory.support.AbstractAutowireCapableBeanFactory.instantiateUsingFactoryMethod(AbstractAutowireCapableBeanFactory.java:1173) ~[spring-beans-4.3.7.RELEASE.jar:4.3.7.RELEASE]
	at org.springframework.beans.factory.support.AbstractAutowireCapableBeanFactory.createBeanInstance(AbstractAutowireCapableBeanFactory.java:1067) ~[spring-beans-4.3.7.RELEASE.jar:4.3.7.RELEASE]
	at org.springframework.beans.factory.support.AbstractAutowireCapableBeanFactory.doCreateBean(AbstractAutowireCapableBeanFactory.java:513) ~[spring-beans-4.3.7.RELEASE.jar:4.3.7.RELEASE]
	at org.springframework.beans.factory.support.AbstractAutowireCapableBeanFactory.createBean(AbstractAutowireCapableBeanFactory.java:483) ~[spring-beans-4.3.7.RELEASE.jar:4.3.7.RELEASE]
	at org.springframework.beans.factory.support.AbstractBeanFactory$1.getObject(AbstractBeanFactory.java:306) ~[spring-beans-4.3.7.RELEASE.jar:4.3.7.RELEASE]
	at org.springframework.beans.factory.support.DefaultSingletonBeanRegistry.getSingleton(DefaultSingletonBeanRegistry.java:230) ~[spring-beans-4.3.7.RELEASE.jar:4.3.7.RELEASE]
	at org.springframework.beans.factory.support.AbstractBeanFactory.doGetBean(AbstractBeanFactory.java:302) ~[spring-beans-4.3.7.RELEASE.jar:4.3.7.RELEASE]
	at org.springframework.beans.factory.support.AbstractBeanFactory.getBean(AbstractBeanFactory.java:202) ~[spring-beans-4.3.7.RELEASE.jar:4.3.7.RELEASE]
	at org.springframework.beans.factory.config.DependencyDescriptor.resolveCandidate(DependencyDescriptor.java:208) ~[spring-beans-4.3.7.RELEASE.jar:4.3.7.RELEASE]
	at org.springframework.beans.factory.support.DefaultListableBeanFactory.doResolveDependency(DefaultListableBeanFactory.java:1138) ~[spring-beans-4.3.7.RELEASE.jar:4.3.7.RELEASE]
	at org.springframework.beans.factory.support.DefaultListableBeanFactory.resolveDependency(DefaultListableBeanFactory.java:1066) ~[spring-beans-4.3.7.RELEASE.jar:4.3.7.RELEASE]
	at org.springframework.beans.factory.annotation.AutowiredAnnotationBeanPostProcessor$AutowiredFieldElement.inject(AutowiredAnnotationBeanPostProcessor.java:585) ~[spring-beans-4.3.7.RELEASE.jar:4.3.7.RELEASE]
	... 62 more
